

Microchip Technology PIC LITE Macro Assembler V1.37 build -260352376 
                                                                                               Sun May 29 12:25:54 2016

Microchip Technology Omniscient Code Generator v1.37 (Free mode) build 201603110536
     1                           	processor	16F1619
     2                           	opt	pw 120
     3                           	opt	lm
     4                           	psect	nvCOMMON,global,class=COMMON,space=1,delta=1
     5                           	psect	cinit,global,class=CODE,merge=1,delta=2
     6                           	psect	cstackCOMMON,global,class=COMMON,space=1,delta=1
     7                           	psect	maintext,global,class=CODE,merge=1,split=1,delta=2
     8                           	psect	text1,local,class=CODE,merge=1,delta=2
     9                           	dabs	1,0x7E,2
    10  0000                     	;# 
    11  0001                     	;# 
    12  0002                     	;# 
    13  0003                     	;# 
    14  0004                     	;# 
    15  0005                     	;# 
    16  0006                     	;# 
    17  0007                     	;# 
    18  0008                     	;# 
    19  0009                     	;# 
    20  000A                     	;# 
    21  000B                     	;# 
    22  000C                     	;# 
    23  000D                     	;# 
    24  000E                     	;# 
    25  0010                     	;# 
    26  0011                     	;# 
    27  0012                     	;# 
    28  0013                     	;# 
    29  0014                     	;# 
    30  0015                     	;# 
    31  0016                     	;# 
    32  0016                     	;# 
    33  0017                     	;# 
    34  0018                     	;# 
    35  0019                     	;# 
    36  001A                     	;# 
    37  001A                     	;# 
    38  001B                     	;# 
    39  001B                     	;# 
    40  001C                     	;# 
    41  001D                     	;# 
    42  001E                     	;# 
    43  001F                     	;# 
    44  008C                     	;# 
    45  008D                     	;# 
    46  008E                     	;# 
    47  0090                     	;# 
    48  0091                     	;# 
    49  0092                     	;# 
    50  0093                     	;# 
    51  0094                     	;# 
    52  0095                     	;# 
    53  0096                     	;# 
    54  0098                     	;# 
    55  0099                     	;# 
    56  009A                     	;# 
    57  009B                     	;# 
    58  009B                     	;# 
    59  009C                     	;# 
    60  009D                     	;# 
    61  009E                     	;# 
    62  009F                     	;# 
    63  010C                     	;# 
    64  010D                     	;# 
    65  010E                     	;# 
    66  0111                     	;# 
    67  0112                     	;# 
    68  0113                     	;# 
    69  0114                     	;# 
    70  0115                     	;# 
    71  0116                     	;# 
    72  0117                     	;# 
    73  0118                     	;# 
    74  0119                     	;# 
    75  011C                     	;# 
    76  018C                     	;# 
    77  018D                     	;# 
    78  018E                     	;# 
    79  0191                     	;# 
    80  0191                     	;# 
    81  0192                     	;# 
    82  0193                     	;# 
    83  0193                     	;# 
    84  0194                     	;# 
    85  0195                     	;# 
    86  0196                     	;# 
    87  0197                     	;# 
    88  0199                     	;# 
    89  0199                     	;# 
    90  0199                     	;# 
    91  019A                     	;# 
    92  019A                     	;# 
    93  019A                     	;# 
    94  019B                     	;# 
    95  019B                     	;# 
    96  019B                     	;# 
    97  019B                     	;# 
    98  019B                     	;# 
    99  019C                     	;# 
   100  019C                     	;# 
   101  019C                     	;# 
   102  019D                     	;# 
   103  019D                     	;# 
   104  019D                     	;# 
   105  019E                     	;# 
   106  019E                     	;# 
   107  019E                     	;# 
   108  019F                     	;# 
   109  019F                     	;# 
   110  019F                     	;# 
   111  019F                     	;# 
   112  019F                     	;# 
   113  020C                     	;# 
   114  020D                     	;# 
   115  020E                     	;# 
   116  0211                     	;# 
   117  0211                     	;# 
   118  0212                     	;# 
   119  0212                     	;# 
   120  0213                     	;# 
   121  0213                     	;# 
   122  0214                     	;# 
   123  0214                     	;# 
   124  0215                     	;# 
   125  0215                     	;# 
   126  0215                     	;# 
   127  0215                     	;# 
   128  0216                     	;# 
   129  0216                     	;# 
   130  0217                     	;# 
   131  0217                     	;# 
   132  028C                     	;# 
   133  028D                     	;# 
   134  028E                     	;# 
   135  0291                     	;# 
   136  0291                     	;# 
   137  0292                     	;# 
   138  0293                     	;# 
   139  0294                     	;# 
   140  0298                     	;# 
   141  0298                     	;# 
   142  0299                     	;# 
   143  029A                     	;# 
   144  029B                     	;# 
   145  029E                     	;# 
   146  030C                     	;# 
   147  030D                     	;# 
   148  030E                     	;# 
   149  038C                     	;# 
   150  038D                     	;# 
   151  038E                     	;# 
   152  0391                     	;# 
   153  0392                     	;# 
   154  0393                     	;# 
   155  0394                     	;# 
   156  0395                     	;# 
   157  0396                     	;# 
   158  0397                     	;# 
   159  0398                     	;# 
   160  0399                     	;# 
   161  040E                     	;# 
   162  0413                     	;# 
   163  0413                     	;# 
   164  0414                     	;# 
   165  0414                     	;# 
   166  0415                     	;# 
   167  0416                     	;# 
   168  0417                     	;# 
   169  0418                     	;# 
   170  041A                     	;# 
   171  041A                     	;# 
   172  041B                     	;# 
   173  041B                     	;# 
   174  041C                     	;# 
   175  041D                     	;# 
   176  041E                     	;# 
   177  041F                     	;# 
   178  0493                     	;# 
   179  0494                     	;# 
   180  0495                     	;# 
   181  0496                     	;# 
   182  049A                     	;# 
   183  049B                     	;# 
   184  049C                     	;# 
   185  049D                     	;# 
   186  058C                     	;# 
   187  058C                     	;# 
   188  058D                     	;# 
   189  058E                     	;# 
   190  058E                     	;# 
   191  058F                     	;# 
   192  0590                     	;# 
   193  0590                     	;# 
   194  0591                     	;# 
   195  0592                     	;# 
   196  0592                     	;# 
   197  0593                     	;# 
   198  0594                     	;# 
   199  0594                     	;# 
   200  0595                     	;# 
   201  0596                     	;# 
   202  0596                     	;# 
   203  0597                     	;# 
   204  0598                     	;# 
   205  0599                     	;# 
   206  059A                     	;# 
   207  059B                     	;# 
   208  059B                     	;# 
   209  059C                     	;# 
   210  059D                     	;# 
   211  060C                     	;# 
   212  060C                     	;# 
   213  060D                     	;# 
   214  060E                     	;# 
   215  060F                     	;# 
   216  060F                     	;# 
   217  0610                     	;# 
   218  0611                     	;# 
   219  0612                     	;# 
   220  0613                     	;# 
   221  0614                     	;# 
   222  0617                     	;# 
   223  0618                     	;# 
   224  0619                     	;# 
   225  061A                     	;# 
   226  061B                     	;# 
   227  061C                     	;# 
   228  0691                     	;# 
   229  0692                     	;# 
   230  0693                     	;# 
   231  0694                     	;# 
   232  0695                     	;# 
   233  0696                     	;# 
   234  0697                     	;# 
   235  0699                     	;# 
   236  069A                     	;# 
   237  0711                     	;# 
   238  0712                     	;# 
   239  0713                     	;# 
   240  0714                     	;# 
   241  0715                     	;# 
   242  0718                     	;# 
   243  0718                     	;# 
   244  0719                     	;# 
   245  071A                     	;# 
   246  071A                     	;# 
   247  071B                     	;# 
   248  071C                     	;# 
   249  071D                     	;# 
   250  0791                     	;# 
   251  0791                     	;# 
   252  0792                     	;# 
   253  0793                     	;# 
   254  0793                     	;# 
   255  0794                     	;# 
   256  0795                     	;# 
   257  0795                     	;# 
   258  0796                     	;# 
   259  0797                     	;# 
   260  0797                     	;# 
   261  0798                     	;# 
   262  0799                     	;# 
   263  079A                     	;# 
   264  080C                     	;# 
   265  080C                     	;# 
   266  080D                     	;# 
   267  080E                     	;# 
   268  080E                     	;# 
   269  080F                     	;# 
   270  0810                     	;# 
   271  0810                     	;# 
   272  0811                     	;# 
   273  0812                     	;# 
   274  0812                     	;# 
   275  0813                     	;# 
   276  0814                     	;# 
   277  0815                     	;# 
   278  0816                     	;# 
   279  0817                     	;# 
   280  0818                     	;# 
   281  0819                     	;# 
   282  081A                     	;# 
   283  081A                     	;# 
   284  081B                     	;# 
   285  081C                     	;# 
   286  081C                     	;# 
   287  081D                     	;# 
   288  088C                     	;# 
   289  088D                     	;# 
   290  088E                     	;# 
   291  088F                     	;# 
   292  088F                     	;# 
   293  0890                     	;# 
   294  0891                     	;# 
   295  0892                     	;# 
   296  0893                     	;# 
   297  0893                     	;# 
   298  0894                     	;# 
   299  0895                     	;# 
   300  0896                     	;# 
   301  0897                     	;# 
   302  0897                     	;# 
   303  0898                     	;# 
   304  0899                     	;# 
   305  0D8C                     	;# 
   306  0D8C                     	;# 
   307  0D8D                     	;# 
   308  0D8E                     	;# 
   309  0D8F                     	;# 
   310  0D8F                     	;# 
   311  0D90                     	;# 
   312  0D91                     	;# 
   313  0D92                     	;# 
   314  0D92                     	;# 
   315  0D93                     	;# 
   316  0D94                     	;# 
   317  0D95                     	;# 
   318  0D95                     	;# 
   319  0D96                     	;# 
   320  0D97                     	;# 
   321  0D98                     	;# 
   322  0D99                     	;# 
   323  0D9A                     	;# 
   324  0D9B                     	;# 
   325  0D9C                     	;# 
   326  0D9D                     	;# 
   327  0D9E                     	;# 
   328  0D9E                     	;# 
   329  0D9F                     	;# 
   330  0DA0                     	;# 
   331  0DA1                     	;# 
   332  0DA1                     	;# 
   333  0DA2                     	;# 
   334  0DA3                     	;# 
   335  0DA4                     	;# 
   336  0DA4                     	;# 
   337  0DA5                     	;# 
   338  0DA6                     	;# 
   339  0DA7                     	;# 
   340  0DA7                     	;# 
   341  0DA8                     	;# 
   342  0DA9                     	;# 
   343  0DAA                     	;# 
   344  0DAB                     	;# 
   345  0DAC                     	;# 
   346  0DAD                     	;# 
   347  0DAE                     	;# 
   348  0DAF                     	;# 
   349  0E0F                     	;# 
   350  0E10                     	;# 
   351  0E11                     	;# 
   352  0E12                     	;# 
   353  0E13                     	;# 
   354  0E14                     	;# 
   355  0E15                     	;# 
   356  0E16                     	;# 
   357  0E17                     	;# 
   358  0E18                     	;# 
   359  0E19                     	;# 
   360  0E1A                     	;# 
   361  0E1B                     	;# 
   362  0E1C                     	;# 
   363  0E1D                     	;# 
   364  0E1E                     	;# 
   365  0E1F                     	;# 
   366  0E20                     	;# 
   367  0E21                     	;# 
   368  0E22                     	;# 
   369  0E23                     	;# 
   370  0E24                     	;# 
   371  0E25                     	;# 
   372  0E26                     	;# 
   373  0E27                     	;# 
   374  0E28                     	;# 
   375  0E29                     	;# 
   376  0E2A                     	;# 
   377  0E2B                     	;# 
   378  0E2C                     	;# 
   379  0E2D                     	;# 
   380  0E2E                     	;# 
   381  0E90                     	;# 
   382  0E91                     	;# 
   383  0E92                     	;# 
   384  0E94                     	;# 
   385  0E95                     	;# 
   386  0E9C                     	;# 
   387  0E9D                     	;# 
   388  0E9E                     	;# 
   389  0E9F                     	;# 
   390  0EA0                     	;# 
   391  0EA1                     	;# 
   392  0EA2                     	;# 
   393  0EA3                     	;# 
   394  0EA4                     	;# 
   395  0EA5                     	;# 
   396  0EA6                     	;# 
   397  0EA7                     	;# 
   398  0F0F                     	;# 
   399  0F10                     	;# 
   400  0F11                     	;# 
   401  0F12                     	;# 
   402  0F13                     	;# 
   403  0F14                     	;# 
   404  0F15                     	;# 
   405  0F16                     	;# 
   406  0F17                     	;# 
   407  0F18                     	;# 
   408  0F19                     	;# 
   409  0F1A                     	;# 
   410  0F1B                     	;# 
   411  0F1C                     	;# 
   412  0F1D                     	;# 
   413  0F1E                     	;# 
   414  0F1F                     	;# 
   415  0F20                     	;# 
   416  0F21                     	;# 
   417  0F22                     	;# 
   418  0F23                     	;# 
   419  0F24                     	;# 
   420  0F25                     	;# 
   421  0F26                     	;# 
   422  0F27                     	;# 
   423  0F28                     	;# 
   424  0F29                     	;# 
   425  0F2A                     	;# 
   426  0F2B                     	;# 
   427  0F2C                     	;# 
   428  0F2D                     	;# 
   429  0F2E                     	;# 
   430  0F2F                     	;# 
   431  0F30                     	;# 
   432  0F31                     	;# 
   433  0F32                     	;# 
   434  0F33                     	;# 
   435  0F34                     	;# 
   436  0F35                     	;# 
   437  0F36                     	;# 
   438  0F37                     	;# 
   439  0FE4                     	;# 
   440  0FE5                     	;# 
   441  0FE6                     	;# 
   442  0FE7                     	;# 
   443  0FE8                     	;# 
   444  0FE9                     	;# 
   445  0FEA                     	;# 
   446  0FEB                     	;# 
   447  0FED                     	;# 
   448  0FEE                     	;# 
   449  0FEF                     	;# 
   450  0000                     	;# 
   451  0001                     	;# 
   452  0002                     	;# 
   453  0003                     	;# 
   454  0004                     	;# 
   455  0005                     	;# 
   456  0006                     	;# 
   457  0007                     	;# 
   458  0008                     	;# 
   459  0009                     	;# 
   460  000A                     	;# 
   461  000B                     	;# 
   462  000C                     	;# 
   463  000D                     	;# 
   464  000E                     	;# 
   465  0010                     	;# 
   466  0011                     	;# 
   467  0012                     	;# 
   468  0013                     	;# 
   469  0014                     	;# 
   470  0015                     	;# 
   471  0016                     	;# 
   472  0016                     	;# 
   473  0017                     	;# 
   474  0018                     	;# 
   475  0019                     	;# 
   476  001A                     	;# 
   477  001A                     	;# 
   478  001B                     	;# 
   479  001B                     	;# 
   480  001C                     	;# 
   481  001D                     	;# 
   482  001E                     	;# 
   483  001F                     	;# 
   484  008C                     	;# 
   485  008D                     	;# 
   486  008E                     	;# 
   487  0090                     	;# 
   488  0091                     	;# 
   489  0092                     	;# 
   490  0093                     	;# 
   491  0094                     	;# 
   492  0095                     	;# 
   493  0096                     	;# 
   494  0098                     	;# 
   495  0099                     	;# 
   496  009A                     	;# 
   497  009B                     	;# 
   498  009B                     	;# 
   499  009C                     	;# 
   500  009D                     	;# 
   501  009E                     	;# 
   502  009F                     	;# 
   503  010C                     	;# 
   504  010D                     	;# 
   505  010E                     	;# 
   506  0111                     	;# 
   507  0112                     	;# 
   508  0113                     	;# 
   509  0114                     	;# 
   510  0115                     	;# 
   511  0116                     	;# 
   512  0117                     	;# 
   513  0118                     	;# 
   514  0119                     	;# 
   515  011C                     	;# 
   516  018C                     	;# 
   517  018D                     	;# 
   518  018E                     	;# 
   519  0191                     	;# 
   520  0191                     	;# 
   521  0192                     	;# 
   522  0193                     	;# 
   523  0193                     	;# 
   524  0194                     	;# 
   525  0195                     	;# 
   526  0196                     	;# 
   527  0197                     	;# 
   528  0199                     	;# 
   529  0199                     	;# 
   530  0199                     	;# 
   531  019A                     	;# 
   532  019A                     	;# 
   533  019A                     	;# 
   534  019B                     	;# 
   535  019B                     	;# 
   536  019B                     	;# 
   537  019B                     	;# 
   538  019B                     	;# 
   539  019C                     	;# 
   540  019C                     	;# 
   541  019C                     	;# 
   542  019D                     	;# 
   543  019D                     	;# 
   544  019D                     	;# 
   545  019E                     	;# 
   546  019E                     	;# 
   547  019E                     	;# 
   548  019F                     	;# 
   549  019F                     	;# 
   550  019F                     	;# 
   551  019F                     	;# 
   552  019F                     	;# 
   553  020C                     	;# 
   554  020D                     	;# 
   555  020E                     	;# 
   556  0211                     	;# 
   557  0211                     	;# 
   558  0212                     	;# 
   559  0212                     	;# 
   560  0213                     	;# 
   561  0213                     	;# 
   562  0214                     	;# 
   563  0214                     	;# 
   564  0215                     	;# 
   565  0215                     	;# 
   566  0215                     	;# 
   567  0215                     	;# 
   568  0216                     	;# 
   569  0216                     	;# 
   570  0217                     	;# 
   571  0217                     	;# 
   572  028C                     	;# 
   573  028D                     	;# 
   574  028E                     	;# 
   575  0291                     	;# 
   576  0291                     	;# 
   577  0292                     	;# 
   578  0293                     	;# 
   579  0294                     	;# 
   580  0298                     	;# 
   581  0298                     	;# 
   582  0299                     	;# 
   583  029A                     	;# 
   584  029B                     	;# 
   585  029E                     	;# 
   586  030C                     	;# 
   587  030D                     	;# 
   588  030E                     	;# 
   589  038C                     	;# 
   590  038D                     	;# 
   591  038E                     	;# 
   592  0391                     	;# 
   593  0392                     	;# 
   594  0393                     	;# 
   595  0394                     	;# 
   596  0395                     	;# 
   597  0396                     	;# 
   598  0397                     	;# 
   599  0398                     	;# 
   600  0399                     	;# 
   601  040E                     	;# 
   602  0413                     	;# 
   603  0413                     	;# 
   604  0414                     	;# 
   605  0414                     	;# 
   606  0415                     	;# 
   607  0416                     	;# 
   608  0417                     	;# 
   609  0418                     	;# 
   610  041A                     	;# 
   611  041A                     	;# 
   612  041B                     	;# 
   613  041B                     	;# 
   614  041C                     	;# 
   615  041D                     	;# 
   616  041E                     	;# 
   617  041F                     	;# 
   618  0493                     	;# 
   619  0494                     	;# 
   620  0495                     	;# 
   621  0496                     	;# 
   622  049A                     	;# 
   623  049B                     	;# 
   624  049C                     	;# 
   625  049D                     	;# 
   626  058C                     	;# 
   627  058C                     	;# 
   628  058D                     	;# 
   629  058E                     	;# 
   630  058E                     	;# 
   631  058F                     	;# 
   632  0590                     	;# 
   633  0590                     	;# 
   634  0591                     	;# 
   635  0592                     	;# 
   636  0592                     	;# 
   637  0593                     	;# 
   638  0594                     	;# 
   639  0594                     	;# 
   640  0595                     	;# 
   641  0596                     	;# 
   642  0596                     	;# 
   643  0597                     	;# 
   644  0598                     	;# 
   645  0599                     	;# 
   646  059A                     	;# 
   647  059B                     	;# 
   648  059B                     	;# 
   649  059C                     	;# 
   650  059D                     	;# 
   651  060C                     	;# 
   652  060C                     	;# 
   653  060D                     	;# 
   654  060E                     	;# 
   655  060F                     	;# 
   656  060F                     	;# 
   657  0610                     	;# 
   658  0611                     	;# 
   659  0612                     	;# 
   660  0613                     	;# 
   661  0614                     	;# 
   662  0617                     	;# 
   663  0618                     	;# 
   664  0619                     	;# 
   665  061A                     	;# 
   666  061B                     	;# 
   667  061C                     	;# 
   668  0691                     	;# 
   669  0692                     	;# 
   670  0693                     	;# 
   671  0694                     	;# 
   672  0695                     	;# 
   673  0696                     	;# 
   674  0697                     	;# 
   675  0699                     	;# 
   676  069A                     	;# 
   677  0711                     	;# 
   678  0712                     	;# 
   679  0713                     	;# 
   680  0714                     	;# 
   681  0715                     	;# 
   682  0718                     	;# 
   683  0718                     	;# 
   684  0719                     	;# 
   685  071A                     	;# 
   686  071A                     	;# 
   687  071B                     	;# 
   688  071C                     	;# 
   689  071D                     	;# 
   690  0791                     	;# 
   691  0791                     	;# 
   692  0792                     	;# 
   693  0793                     	;# 
   694  0793                     	;# 
   695  0794                     	;# 
   696  0795                     	;# 
   697  0795                     	;# 
   698  0796                     	;# 
   699  0797                     	;# 
   700  0797                     	;# 
   701  0798                     	;# 
   702  0799                     	;# 
   703  079A                     	;# 
   704  080C                     	;# 
   705  080C                     	;# 
   706  080D                     	;# 
   707  080E                     	;# 
   708  080E                     	;# 
   709  080F                     	;# 
   710  0810                     	;# 
   711  0810                     	;# 
   712  0811                     	;# 
   713  0812                     	;# 
   714  0812                     	;# 
   715  0813                     	;# 
   716  0814                     	;# 
   717  0815                     	;# 
   718  0816                     	;# 
   719  0817                     	;# 
   720  0818                     	;# 
   721  0819                     	;# 
   722  081A                     	;# 
   723  081A                     	;# 
   724  081B                     	;# 
   725  081C                     	;# 
   726  081C                     	;# 
   727  081D                     	;# 
   728  088C                     	;# 
   729  088D                     	;# 
   730  088E                     	;# 
   731  088F                     	;# 
   732  088F                     	;# 
   733  0890                     	;# 
   734  0891                     	;# 
   735  0892                     	;# 
   736  0893                     	;# 
   737  0893                     	;# 
   738  0894                     	;# 
   739  0895                     	;# 
   740  0896                     	;# 
   741  0897                     	;# 
   742  0897                     	;# 
   743  0898                     	;# 
   744  0899                     	;# 
   745  0D8C                     	;# 
   746  0D8C                     	;# 
   747  0D8D                     	;# 
   748  0D8E                     	;# 
   749  0D8F                     	;# 
   750  0D8F                     	;# 
   751  0D90                     	;# 
   752  0D91                     	;# 
   753  0D92                     	;# 
   754  0D92                     	;# 
   755  0D93                     	;# 
   756  0D94                     	;# 
   757  0D95                     	;# 
   758  0D95                     	;# 
   759  0D96                     	;# 
   760  0D97                     	;# 
   761  0D98                     	;# 
   762  0D99                     	;# 
   763  0D9A                     	;# 
   764  0D9B                     	;# 
   765  0D9C                     	;# 
   766  0D9D                     	;# 
   767  0D9E                     	;# 
   768  0D9E                     	;# 
   769  0D9F                     	;# 
   770  0DA0                     	;# 
   771  0DA1                     	;# 
   772  0DA1                     	;# 
   773  0DA2                     	;# 
   774  0DA3                     	;# 
   775  0DA4                     	;# 
   776  0DA4                     	;# 
   777  0DA5                     	;# 
   778  0DA6                     	;# 
   779  0DA7                     	;# 
   780  0DA7                     	;# 
   781  0DA8                     	;# 
   782  0DA9                     	;# 
   783  0DAA                     	;# 
   784  0DAB                     	;# 
   785  0DAC                     	;# 
   786  0DAD                     	;# 
   787  0DAE                     	;# 
   788  0DAF                     	;# 
   789  0E0F                     	;# 
   790  0E10                     	;# 
   791  0E11                     	;# 
   792  0E12                     	;# 
   793  0E13                     	;# 
   794  0E14                     	;# 
   795  0E15                     	;# 
   796  0E16                     	;# 
   797  0E17                     	;# 
   798  0E18                     	;# 
   799  0E19                     	;# 
   800  0E1A                     	;# 
   801  0E1B                     	;# 
   802  0E1C                     	;# 
   803  0E1D                     	;# 
   804  0E1E                     	;# 
   805  0E1F                     	;# 
   806  0E20                     	;# 
   807  0E21                     	;# 
   808  0E22                     	;# 
   809  0E23                     	;# 
   810  0E24                     	;# 
   811  0E25                     	;# 
   812  0E26                     	;# 
   813  0E27                     	;# 
   814  0E28                     	;# 
   815  0E29                     	;# 
   816  0E2A                     	;# 
   817  0E2B                     	;# 
   818  0E2C                     	;# 
   819  0E2D                     	;# 
   820  0E2E                     	;# 
   821  0E90                     	;# 
   822  0E91                     	;# 
   823  0E92                     	;# 
   824  0E94                     	;# 
   825  0E95                     	;# 
   826  0E9C                     	;# 
   827  0E9D                     	;# 
   828  0E9E                     	;# 
   829  0E9F                     	;# 
   830  0EA0                     	;# 
   831  0EA1                     	;# 
   832  0EA2                     	;# 
   833  0EA3                     	;# 
   834  0EA4                     	;# 
   835  0EA5                     	;# 
   836  0EA6                     	;# 
   837  0EA7                     	;# 
   838  0F0F                     	;# 
   839  0F10                     	;# 
   840  0F11                     	;# 
   841  0F12                     	;# 
   842  0F13                     	;# 
   843  0F14                     	;# 
   844  0F15                     	;# 
   845  0F16                     	;# 
   846  0F17                     	;# 
   847  0F18                     	;# 
   848  0F19                     	;# 
   849  0F1A                     	;# 
   850  0F1B                     	;# 
   851  0F1C                     	;# 
   852  0F1D                     	;# 
   853  0F1E                     	;# 
   854  0F1F                     	;# 
   855  0F20                     	;# 
   856  0F21                     	;# 
   857  0F22                     	;# 
   858  0F23                     	;# 
   859  0F24                     	;# 
   860  0F25                     	;# 
   861  0F26                     	;# 
   862  0F27                     	;# 
   863  0F28                     	;# 
   864  0F29                     	;# 
   865  0F2A                     	;# 
   866  0F2B                     	;# 
   867  0F2C                     	;# 
   868  0F2D                     	;# 
   869  0F2E                     	;# 
   870  0F2F                     	;# 
   871  0F30                     	;# 
   872  0F31                     	;# 
   873  0F32                     	;# 
   874  0F33                     	;# 
   875  0F34                     	;# 
   876  0F35                     	;# 
   877  0F36                     	;# 
   878  0F37                     	;# 
   879  0FE4                     	;# 
   880  0FE5                     	;# 
   881  0FE6                     	;# 
   882  0FE7                     	;# 
   883  0FE8                     	;# 
   884  0FE9                     	;# 
   885  0FEA                     	;# 
   886  0FEB                     	;# 
   887  0FED                     	;# 
   888  0FEE                     	;# 
   889  0FEF                     	;# 
   890  0000                     	;# 
   891  0001                     	;# 
   892  0002                     	;# 
   893  0003                     	;# 
   894  0004                     	;# 
   895  0005                     	;# 
   896  0006                     	;# 
   897  0007                     	;# 
   898  0008                     	;# 
   899  0009                     	;# 
   900  000A                     	;# 
   901  000B                     	;# 
   902  000C                     	;# 
   903  000D                     	;# 
   904  000E                     	;# 
   905  0010                     	;# 
   906  0011                     	;# 
   907  0012                     	;# 
   908  0013                     	;# 
   909  0014                     	;# 
   910  0015                     	;# 
   911  0016                     	;# 
   912  0016                     	;# 
   913  0017                     	;# 
   914  0018                     	;# 
   915  0019                     	;# 
   916  001A                     	;# 
   917  001A                     	;# 
   918  001B                     	;# 
   919  001B                     	;# 
   920  001C                     	;# 
   921  001D                     	;# 
   922  001E                     	;# 
   923  001F                     	;# 
   924  008C                     	;# 
   925  008D                     	;# 
   926  008E                     	;# 
   927  0090                     	;# 
   928  0091                     	;# 
   929  0092                     	;# 
   930  0093                     	;# 
   931  0094                     	;# 
   932  0095                     	;# 
   933  0096                     	;# 
   934  0098                     	;# 
   935  0099                     	;# 
   936  009A                     	;# 
   937  009B                     	;# 
   938  009B                     	;# 
   939  009C                     	;# 
   940  009D                     	;# 
   941  009E                     	;# 
   942  009F                     	;# 
   943  010C                     	;# 
   944  010D                     	;# 
   945  010E                     	;# 
   946  0111                     	;# 
   947  0112                     	;# 
   948  0113                     	;# 
   949  0114                     	;# 
   950  0115                     	;# 
   951  0116                     	;# 
   952  0117                     	;# 
   953  0118                     	;# 
   954  0119                     	;# 
   955  011C                     	;# 
   956  018C                     	;# 
   957  018D                     	;# 
   958  018E                     	;# 
   959  0191                     	;# 
   960  0191                     	;# 
   961  0192                     	;# 
   962  0193                     	;# 
   963  0193                     	;# 
   964  0194                     	;# 
   965  0195                     	;# 
   966  0196                     	;# 
   967  0197                     	;# 
   968  0199                     	;# 
   969  0199                     	;# 
   970  0199                     	;# 
   971  019A                     	;# 
   972  019A                     	;# 
   973  019A                     	;# 
   974  019B                     	;# 
   975  019B                     	;# 
   976  019B                     	;# 
   977  019B                     	;# 
   978  019B                     	;# 
   979  019C                     	;# 
   980  019C                     	;# 
   981  019C                     	;# 
   982  019D                     	;# 
   983  019D                     	;# 
   984  019D                     	;# 
   985  019E                     	;# 
   986  019E                     	;# 
   987  019E                     	;# 
   988  019F                     	;# 
   989  019F                     	;# 
   990  019F                     	;# 
   991  019F                     	;# 
   992  019F                     	;# 
   993  020C                     	;# 
   994  020D                     	;# 
   995  020E                     	;# 
   996  0211                     	;# 
   997  0211                     	;# 
   998  0212                     	;# 
   999  0212                     	;# 
  1000  0213                     	;# 
  1001  0213                     	;# 
  1002  0214                     	;# 
  1003  0214                     	;# 
  1004  0215                     	;# 
  1005  0215                     	;# 
  1006  0215                     	;# 
  1007  0215                     	;# 
  1008  0216                     	;# 
  1009  0216                     	;# 
  1010  0217                     	;# 
  1011  0217                     	;# 
  1012  028C                     	;# 
  1013  028D                     	;# 
  1014  028E                     	;# 
  1015  0291                     	;# 
  1016  0291                     	;# 
  1017  0292                     	;# 
  1018  0293                     	;# 
  1019  0294                     	;# 
  1020  0298                     	;# 
  1021  0298                     	;# 
  1022  0299                     	;# 
  1023  029A                     	;# 
  1024  029B                     	;# 
  1025  029E                     	;# 
  1026  030C                     	;# 
  1027  030D                     	;# 
  1028  030E                     	;# 
  1029  038C                     	;# 
  1030  038D                     	;# 
  1031  038E                     	;# 
  1032  0391                     	;# 
  1033  0392                     	;# 
  1034  0393                     	;# 
  1035  0394                     	;# 
  1036  0395                     	;# 
  1037  0396                     	;# 
  1038  0397                     	;# 
  1039  0398                     	;# 
  1040  0399                     	;# 
  1041  040E                     	;# 
  1042  0413                     	;# 
  1043  0413                     	;# 
  1044  0414                     	;# 
  1045  0414                     	;# 
  1046  0415                     	;# 
  1047  0416                     	;# 
  1048  0417                     	;# 
  1049  0418                     	;# 
  1050  041A                     	;# 
  1051  041A                     	;# 
  1052  041B                     	;# 
  1053  041B                     	;# 
  1054  041C                     	;# 
  1055  041D                     	;# 
  1056  041E                     	;# 
  1057  041F                     	;# 
  1058  0493                     	;# 
  1059  0494                     	;# 
  1060  0495                     	;# 
  1061  0496                     	;# 
  1062  049A                     	;# 
  1063  049B                     	;# 
  1064  049C                     	;# 
  1065  049D                     	;# 
  1066  058C                     	;# 
  1067  058C                     	;# 
  1068  058D                     	;# 
  1069  058E                     	;# 
  1070  058E                     	;# 
  1071  058F                     	;# 
  1072  0590                     	;# 
  1073  0590                     	;# 
  1074  0591                     	;# 
  1075  0592                     	;# 
  1076  0592                     	;# 
  1077  0593                     	;# 
  1078  0594                     	;# 
  1079  0594                     	;# 
  1080  0595                     	;# 
  1081  0596                     	;# 
  1082  0596                     	;# 
  1083  0597                     	;# 
  1084  0598                     	;# 
  1085  0599                     	;# 
  1086  059A                     	;# 
  1087  059B                     	;# 
  1088  059B                     	;# 
  1089  059C                     	;# 
  1090  059D                     	;# 
  1091  060C                     	;# 
  1092  060C                     	;# 
  1093  060D                     	;# 
  1094  060E                     	;# 
  1095  060F                     	;# 
  1096  060F                     	;# 
  1097  0610                     	;# 
  1098  0611                     	;# 
  1099  0612                     	;# 
  1100  0613                     	;# 
  1101  0614                     	;# 
  1102  0617                     	;# 
  1103  0618                     	;# 
  1104  0619                     	;# 
  1105  061A                     	;# 
  1106  061B                     	;# 
  1107  061C                     	;# 
  1108  0691                     	;# 
  1109  0692                     	;# 
  1110  0693                     	;# 
  1111  0694                     	;# 
  1112  0695                     	;# 
  1113  0696                     	;# 
  1114  0697                     	;# 
  1115  0699                     	;# 
  1116  069A                     	;# 
  1117  0711                     	;# 
  1118  0712                     	;# 
  1119  0713                     	;# 
  1120  0714                     	;# 
  1121  0715                     	;# 
  1122  0718                     	;# 
  1123  0718                     	;# 
  1124  0719                     	;# 
  1125  071A                     	;# 
  1126  071A                     	;# 
  1127  071B                     	;# 
  1128  071C                     	;# 
  1129  071D                     	;# 
  1130  0791                     	;# 
  1131  0791                     	;# 
  1132  0792                     	;# 
  1133  0793                     	;# 
  1134  0793                     	;# 
  1135  0794                     	;# 
  1136  0795                     	;# 
  1137  0795                     	;# 
  1138  0796                     	;# 
  1139  0797                     	;# 
  1140  0797                     	;# 
  1141  0798                     	;# 
  1142  0799                     	;# 
  1143  079A                     	;# 
  1144  080C                     	;# 
  1145  080C                     	;# 
  1146  080D                     	;# 
  1147  080E                     	;# 
  1148  080E                     	;# 
  1149  080F                     	;# 
  1150  0810                     	;# 
  1151  0810                     	;# 
  1152  0811                     	;# 
  1153  0812                     	;# 
  1154  0812                     	;# 
  1155  0813                     	;# 
  1156  0814                     	;# 
  1157  0815                     	;# 
  1158  0816                     	;# 
  1159  0817                     	;# 
  1160  0818                     	;# 
  1161  0819                     	;# 
  1162  081A                     	;# 
  1163  081A                     	;# 
  1164  081B                     	;# 
  1165  081C                     	;# 
  1166  081C                     	;# 
  1167  081D                     	;# 
  1168  088C                     	;# 
  1169  088D                     	;# 
  1170  088E                     	;# 
  1171  088F                     	;# 
  1172  088F                     	;# 
  1173  0890                     	;# 
  1174  0891                     	;# 
  1175  0892                     	;# 
  1176  0893                     	;# 
  1177  0893                     	;# 
  1178  0894                     	;# 
  1179  0895                     	;# 
  1180  0896                     	;# 
  1181  0897                     	;# 
  1182  0897                     	;# 
  1183  0898                     	;# 
  1184  0899                     	;# 
  1185  0D8C                     	;# 
  1186  0D8C                     	;# 
  1187  0D8D                     	;# 
  1188  0D8E                     	;# 
  1189  0D8F                     	;# 
  1190  0D8F                     	;# 
  1191  0D90                     	;# 
  1192  0D91                     	;# 
  1193  0D92                     	;# 
  1194  0D92                     	;# 
  1195  0D93                     	;# 
  1196  0D94                     	;# 
  1197  0D95                     	;# 
  1198  0D95                     	;# 
  1199  0D96                     	;# 
  1200  0D97                     	;# 
  1201  0D98                     	;# 
  1202  0D99                     	;# 
  1203  0D9A                     	;# 
  1204  0D9B                     	;# 
  1205  0D9C                     	;# 
  1206  0D9D                     	;# 
  1207  0D9E                     	;# 
  1208  0D9E                     	;# 
  1209  0D9F                     	;# 
  1210  0DA0                     	;# 
  1211  0DA1                     	;# 
  1212  0DA1                     	;# 
  1213  0DA2                     	;# 
  1214  0DA3                     	;# 
  1215  0DA4                     	;# 
  1216  0DA4                     	;# 
  1217  0DA5                     	;# 
  1218  0DA6                     	;# 
  1219  0DA7                     	;# 
  1220  0DA7                     	;# 
  1221  0DA8                     	;# 
  1222  0DA9                     	;# 
  1223  0DAA                     	;# 
  1224  0DAB                     	;# 
  1225  0DAC                     	;# 
  1226  0DAD                     	;# 
  1227  0DAE                     	;# 
  1228  0DAF                     	;# 
  1229  0E0F                     	;# 
  1230  0E10                     	;# 
  1231  0E11                     	;# 
  1232  0E12                     	;# 
  1233  0E13                     	;# 
  1234  0E14                     	;# 
  1235  0E15                     	;# 
  1236  0E16                     	;# 
  1237  0E17                     	;# 
  1238  0E18                     	;# 
  1239  0E19                     	;# 
  1240  0E1A                     	;# 
  1241  0E1B                     	;# 
  1242  0E1C                     	;# 
  1243  0E1D                     	;# 
  1244  0E1E                     	;# 
  1245  0E1F                     	;# 
  1246  0E20                     	;# 
  1247  0E21                     	;# 
  1248  0E22                     	;# 
  1249  0E23                     	;# 
  1250  0E24                     	;# 
  1251  0E25                     	;# 
  1252  0E26                     	;# 
  1253  0E27                     	;# 
  1254  0E28                     	;# 
  1255  0E29                     	;# 
  1256  0E2A                     	;# 
  1257  0E2B                     	;# 
  1258  0E2C                     	;# 
  1259  0E2D                     	;# 
  1260  0E2E                     	;# 
  1261  0E90                     	;# 
  1262  0E91                     	;# 
  1263  0E92                     	;# 
  1264  0E94                     	;# 
  1265  0E95                     	;# 
  1266  0E9C                     	;# 
  1267  0E9D                     	;# 
  1268  0E9E                     	;# 
  1269  0E9F                     	;# 
  1270  0EA0                     	;# 
  1271  0EA1                     	;# 
  1272  0EA2                     	;# 
  1273  0EA3                     	;# 
  1274  0EA4                     	;# 
  1275  0EA5                     	;# 
  1276  0EA6                     	;# 
  1277  0EA7                     	;# 
  1278  0F0F                     	;# 
  1279  0F10                     	;# 
  1280  0F11                     	;# 
  1281  0F12                     	;# 
  1282  0F13                     	;# 
  1283  0F14                     	;# 
  1284  0F15                     	;# 
  1285  0F16                     	;# 
  1286  0F17                     	;# 
  1287  0F18                     	;# 
  1288  0F19                     	;# 
  1289  0F1A                     	;# 
  1290  0F1B                     	;# 
  1291  0F1C                     	;# 
  1292  0F1D                     	;# 
  1293  0F1E                     	;# 
  1294  0F1F                     	;# 
  1295  0F20                     	;# 
  1296  0F21                     	;# 
  1297  0F22                     	;# 
  1298  0F23                     	;# 
  1299  0F24                     	;# 
  1300  0F25                     	;# 
  1301  0F26                     	;# 
  1302  0F27                     	;# 
  1303  0F28                     	;# 
  1304  0F29                     	;# 
  1305  0F2A                     	;# 
  1306  0F2B                     	;# 
  1307  0F2C                     	;# 
  1308  0F2D                     	;# 
  1309  0F2E                     	;# 
  1310  0F2F                     	;# 
  1311  0F30                     	;# 
  1312  0F31                     	;# 
  1313  0F32                     	;# 
  1314  0F33                     	;# 
  1315  0F34                     	;# 
  1316  0F35                     	;# 
  1317  0F36                     	;# 
  1318  0F37                     	;# 
  1319  0FE4                     	;# 
  1320  0FE5                     	;# 
  1321  0FE6                     	;# 
  1322  0FE7                     	;# 
  1323  0FE8                     	;# 
  1324  0FE9                     	;# 
  1325  0FEA                     	;# 
  1326  0FEB                     	;# 
  1327  0FED                     	;# 
  1328  0FEE                     	;# 
  1329  0FEF                     	;# 
  1330                           
  1331                           	psect	nvCOMMON
  1332  0070                     __pnvCOMMON:	
  1333  0070                     _delay:	
  1334  0070                     	ds	2
  1335  000B                     _INTCONbits	set	11
  1336  0095                     _OPTION_REGbits	set	149
  1337  0099                     _OSCCON	set	153
  1338  0098                     _OSCTUNE	set	152
  1339  008C                     _TRISA	set	140
  1340  008D                     _TRISB	set	141
  1341  008E                     _TRISC	set	142
  1342  010C                     _LATA	set	268
  1343  010D                     _LATB	set	269
  1344  010E                     _LATC	set	270
  1345  0861                     _LATA1	set	2145
  1346  0862                     _LATA2	set	2146
  1347  0865                     _LATA5	set	2149
  1348  0872                     _LATC2	set	2162
  1349  0873                     _LATC3	set	2163
  1350  0875                     _LATC5	set	2165
  1351  0876                     _LATC6	set	2166
  1352  0877                     _LATC7	set	2167
  1353  018C                     _ANSELA	set	396
  1354  018D                     _ANSELB	set	397
  1355  018E                     _ANSELC	set	398
  1356  020C                     _WPUA	set	524
  1357  020D                     _WPUB	set	525
  1358  020E                     _WPUC	set	526
  1359                           
  1360                           ; #config settings
  1361  0000                     
  1362                           	psect	cinit
  1363  07FD                     start_initialization:	
  1364  07FD                     __initialization:	
  1365  07FD                     end_of_initialization:	
  1366                           ;End of C runtime variable initialization code
  1367                           
  1368  07FD                     __end_of__initialization:	
  1369  07FD  0020               	movlb	0
  1370  07FE  3187  2FDF         	ljmp	_main	;jump to C main() function
  1371                           
  1372                           	psect	cstackCOMMON
  1373  0000                     __pcstackCOMMON:	
  1374  0000                     ?_Delay:	
  1375  0000                     ??_Delay:	
  1376                           ; 1 bytes @ 0x0
  1377                           
  1378  0000                     ?_main:	
  1379                           ; 1 bytes @ 0x0
  1380                           
  1381  0000                     ??_main:	
  1382                           ; 1 bytes @ 0x0
  1383                           
  1384                           
  1385                           	psect	maintext
  1386  07DF                     __pmaintext:	
  1387                           ; 1 bytes @ 0x0
  1388 ;;
  1389 ;;Main: autosize = 0, tempsize = 0, incstack = 0, save=0
  1390 ;;
  1391 ;; *************** function _main *****************
  1392 ;; Defined at:
  1393 ;;		line 29 in file "blink.c"
  1394 ;; Parameters:    Size  Location     Type
  1395 ;;		None
  1396 ;; Auto vars:     Size  Location     Type
  1397 ;;		None
  1398 ;; Return value:  Size  Location     Type
  1399 ;;                  1    wreg      void 
  1400 ;; Registers used:
  1401 ;;		wreg, status,2, status,0, pclath, cstack
  1402 ;; Tracked objects:
  1403 ;;		On entry : B1F/0
  1404 ;;		On exit  : 0/0
  1405 ;;		Unchanged: 0/0
  1406 ;; Data sizes:     COMMON   BANK0   BANK1   BANK2   BANK3   BANK4   BANK5   BANK6   BANK7   BANK8   BANK9  BANK10  BANK1
      +1  BANK12
  1407 ;;      Params:         0       0       0       0       0       0       0       0       0       0       0       0       
      +0       0
  1408 ;;      Locals:         0       0       0       0       0       0       0       0       0       0       0       0       
      +0       0
  1409 ;;      Temps:          0       0       0       0       0       0       0       0       0       0       0       0       
      +0       0
  1410 ;;      Totals:         0       0       0       0       0       0       0       0       0       0       0       0       
      +0       0
  1411 ;;Total ram usage:        0 bytes
  1412 ;; Hardware stack levels required when called:    1
  1413 ;; This function calls:
  1414 ;;		_Delay
  1415 ;; This function is called by:
  1416 ;;		Startup code after reset
  1417 ;; This function uses a non-reentrant model
  1418 ;;
  1419                           
  1420                           
  1421                           ;psect for function _main
  1422  07DF                     _main:	
  1423                           
  1424                           ;blink.c: 31: OSCCON = 0b00010000;
  1425                           
  1426                           ;incstack = 0
  1427                           ; Regs used in _main: [wreg+status,2+status,0+pclath+cstack]
  1428  07DF  3010               	movlw	16
  1429  07E0  0021               	movlb	1	; select bank1
  1430  07E1  0099               	movwf	25	;volatile
  1431                           
  1432                           ;blink.c: 32: TRISC = 0b0010001;
  1433  07E2  3011               	movlw	17
  1434  07E3  008E               	movwf	14	;volatile
  1435                           
  1436                           ;blink.c: 33: TRISA = 0b011001;
  1437  07E4  3019               	movlw	25
  1438  07E5  008C               	movwf	12	;volatile
  1439                           
  1440                           ;blink.c: 34: LATC2 = LATC3 = LATC6 = LATC7 = 0;
  1441  07E6  0022               	movlb	2	; select bank2
  1442  07E7  138E               	bcf	14,7	;volatile
  1443  07E8  130E               	bcf	14,6	;volatile
  1444  07E9  118E               	bcf	14,3	;volatile
  1445  07EA  110E               	bcf	14,2	;volatile
  1446                           
  1447                           ;blink.c: 35: LATA5 = LATA2 = LATA1 = LATC5 = 0;
  1448  07EB  128E               	bcf	14,5	;volatile
  1449  07EC  108C               	bcf	12,1	;volatile
  1450  07ED  110C               	bcf	12,2	;volatile
  1451  07EE  128C               	bcf	12,5	;volatile
  1452                           
  1453                           ;blink.c: 36: delay = 1000;
  1454  07EF  30E8               	movlw	232
  1455  07F0  00F0               	movwf	_delay
  1456  07F1  3003               	movlw	3
  1457  07F2                     L1:	
  1458  07F2  00F1               	movwf	_delay+1
  1459                           
  1460                           ;blink.c: 40: Delay();
  1461                           
  1462                           ;blink.c: 39: while (1) {
  1463  07F3  3187  27D4  3187   	fcall	_Delay
  1464                           
  1465                           ;blink.c: 41: LATC2 = ~LATC2;
  1466  07F6  3004               	movlw	4
  1467  07F7  0022               	movlb	2	; select bank2
  1468  07F8  068E               	xorwf	14,f
  1469                           
  1470                           ;blink.c: 42: delay = 5000;
  1471  07F9  3088               	movlw	136
  1472  07FA  00F0               	movwf	_delay
  1473  07FB  3013               	movlw	19
  1474  07FC  2FF2               	goto	L1
  1475  07FD                     __end_of_main:	
  1476                           
  1477                           	psect	text1
  1478  07D4                     __ptext1:	
  1479 ;; *************** function _Delay *****************
  1480 ;; Defined at:
  1481 ;;		line 46 in file "blink.c"
  1482 ;; Parameters:    Size  Location     Type
  1483 ;;		None
  1484 ;; Auto vars:     Size  Location     Type
  1485 ;;		None
  1486 ;; Return value:  Size  Location     Type
  1487 ;;                  1    wreg      void 
  1488 ;; Registers used:
  1489 ;;		wreg, status,2, status,0
  1490 ;; Tracked objects:
  1491 ;;		On entry : 0/0
  1492 ;;		On exit  : 0/0
  1493 ;;		Unchanged: 0/0
  1494 ;; Data sizes:     COMMON   BANK0   BANK1   BANK2   BANK3   BANK4   BANK5   BANK6   BANK7   BANK8   BANK9  BANK10  BANK1
      +1  BANK12
  1495 ;;      Params:         0       0       0       0       0       0       0       0       0       0       0       0       
      +0       0
  1496 ;;      Locals:         0       0       0       0       0       0       0       0       0       0       0       0       
      +0       0
  1497 ;;      Temps:          0       0       0       0       0       0       0       0       0       0       0       0       
      +0       0
  1498 ;;      Totals:         0       0       0       0       0       0       0       0       0       0       0       0       
      +0       0
  1499 ;;Total ram usage:        0 bytes
  1500 ;; Hardware stack levels used:    1
  1501 ;; This function calls:
  1502 ;;		Nothing
  1503 ;; This function is called by:
  1504 ;;		_main
  1505 ;; This function uses a non-reentrant model
  1506 ;;
  1507                           
  1508                           
  1509                           ;psect for function _Delay
  1510  07D4                     _Delay:	
  1511  07D4                     l464:	
  1512                           ;blink.c: 47: while (delay-- != 0)continue;
  1513                           
  1514                           ;incstack = 0
  1515                           ; Regs used in _Delay: [wreg+status,2+status,0]
  1516                           
  1517  07D4  3001               	movlw	1
  1518  07D5  02F0               	subwf	_delay,f
  1519  07D6  3000               	movlw	0
  1520  07D7  3BF1               	subwfb	_delay+1,f
  1521  07D8  0A70               	incf	_delay,w
  1522  07D9  1D03               	skipz
  1523  07DA  2FD4               	goto	l464
  1524  07DB  0A71               	incf	_delay+1,w
  1525  07DC  1903               	btfsc	3,2
  1526  07DD  0008               	return
  1527  07DE  2FD4               	goto	l464
  1528  07DF                     __end_of_Delay:	
  1529  007E                     btemp	set	126	;btemp
  1530  007E                     wtemp	set	126
  1531  007E                     wtemp0	set	126
  1532  0080                     wtemp1	set	128
  1533  0082                     wtemp2	set	130
  1534  0084                     wtemp3	set	132
  1535  0086                     wtemp4	set	134
  1536  0088                     wtemp5	set	136
  1537  007F                     wtemp6	set	127
  1538  007E                     ttemp	set	126
  1539  007E                     ttemp0	set	126
  1540  0081                     ttemp1	set	129
  1541  0084                     ttemp2	set	132
  1542  0087                     ttemp3	set	135
  1543  007F                     ttemp4	set	127
  1544  007E                     ltemp	set	126
  1545  007E                     ltemp0	set	126
  1546  0082                     ltemp1	set	130
  1547  0086                     ltemp2	set	134
  1548  0080                     ltemp3	set	128


Data Sizes:
    Strings     0
    Constant    0
    Data        0
    BSS         0
    Persistent  2
    Stack       0

Auto Spaces:
    Space          Size  Autos    Used
    COMMON           14      0       2
    BANK0            80      0       0
    BANK1            80      0       0
    BANK2            80      0       0
    BANK3            80      0       0
    BANK4            80      0       0
    BANK5            80      0       0
    BANK6            80      0       0
    BANK7            80      0       0
    BANK8            80      0       0
    BANK9            80      0       0
    BANK10           80      0       0
    BANK11           80      0       0
    BANK12           48      0       0

Pointer List with Targets:

    None.

Critical Paths under _main in COMMON

    None.

Critical Paths under _main in BANK0

    None.

Critical Paths under _main in BANK1

    None.

Critical Paths under _main in BANK2

    None.

Critical Paths under _main in BANK3

    None.

Critical Paths under _main in BANK4

    None.

Critical Paths under _main in BANK5

    None.

Critical Paths under _main in BANK6

    None.

Critical Paths under _main in BANK7

    None.

Critical Paths under _main in BANK8

    None.

Critical Paths under _main in BANK9

    None.

Critical Paths under _main in BANK10

    None.

Critical Paths under _main in BANK11

    None.

Critical Paths under _main in BANK12

    None.

Call Graph Tables:

 ---------------------------------------------------------------------------------
 (Depth) Function   	        Calls       Base Space   Used Autos Params    Refs
 ---------------------------------------------------------------------------------
 (0) _main                                                 0     0      0       0
                              _Delay
 ---------------------------------------------------------------------------------
 (1) _Delay                                                0     0      0       0
 ---------------------------------------------------------------------------------
 Estimated maximum stack depth 1
 ---------------------------------------------------------------------------------

 Call Graph Graphs:

 _main (ROOT)
   _Delay

 Address spaces:
Name               Size   Autos  Total    Cost      Usage
BIGRAM             3F0      0       0       0        0.0%
NULL                 0      0       0       0        0.0%
CODE                 0      0       0       0        0.0%
BITCOMMON            E      0       0       1        0.0%
BITSFR0              0      0       0       1        0.0%
SFR0                 0      0       0       1        0.0%
COMMON               E      0       2       2       14.3%
BITSFR1              0      0       0       2        0.0%
SFR1                 0      0       0       2        0.0%
BITSFR2              0      0       0       3        0.0%
SFR2                 0      0       0       3        0.0%
STACK                0      0       0       3        0.0%
BITBANK0            50      0       0       4        0.0%
BITSFR3              0      0       0       4        0.0%
SFR3                 0      0       0       4        0.0%
BANK0               50      0       0       5        0.0%
BITSFR4              0      0       0       5        0.0%
SFR4                 0      0       0       5        0.0%
BITBANK1            50      0       0       6        0.0%
BITSFR5              0      0       0       6        0.0%
SFR5                 0      0       0       6        0.0%
BANK1               50      0       0       7        0.0%
BITSFR6              0      0       0       7        0.0%
SFR6                 0      0       0       7        0.0%
BITBANK2            50      0       0       8        0.0%
BITSFR7              0      0       0       8        0.0%
SFR7                 0      0       0       8        0.0%
BANK2               50      0       0       9        0.0%
BITSFR8              0      0       0       9        0.0%
SFR8                 0      0       0       9        0.0%
BITBANK3            50      0       0      10        0.0%
BITSFR9              0      0       0      10        0.0%
SFR9                 0      0       0      10        0.0%
BANK3               50      0       0      11        0.0%
BITSFR10             0      0       0      11        0.0%
SFR10                0      0       0      11        0.0%
BITBANK4            50      0       0      12        0.0%
BITSFR11             0      0       0      12        0.0%
SFR11                0      0       0      12        0.0%
BANK4               50      0       0      13        0.0%
BITSFR12             0      0       0      13        0.0%
SFR12                0      0       0      13        0.0%
BITBANK5            50      0       0      14        0.0%
BITSFR13             0      0       0      14        0.0%
SFR13                0      0       0      14        0.0%
BANK5               50      0       0      15        0.0%
BITSFR14             0      0       0      15        0.0%
SFR14                0      0       0      15        0.0%
BITBANK6            50      0       0      16        0.0%
BITSFR15             0      0       0      16        0.0%
SFR15                0      0       0      16        0.0%
BANK6               50      0       0      17        0.0%
BITSFR16             0      0       0      17        0.0%
SFR16                0      0       0      17        0.0%
BITBANK7            50      0       0      18        0.0%
BITSFR17             0      0       0      18        0.0%
SFR17                0      0       0      18        0.0%
BANK7               50      0       0      19        0.0%
BITSFR18             0      0       0      19        0.0%
SFR18                0      0       0      19        0.0%
BITSFR19             0      0       0      20        0.0%
SFR19                0      0       0      20        0.0%
ABS                  0      0       2      20        0.0%
BITBANK8            50      0       0      21        0.0%
BITSFR20             0      0       0      21        0.0%
SFR20                0      0       0      21        0.0%
BANK8               50      0       0      22        0.0%
BITSFR21             0      0       0      22        0.0%
SFR21                0      0       0      22        0.0%
BITBANK9            50      0       0      23        0.0%
BITSFR22             0      0       0      23        0.0%
SFR22                0      0       0      23        0.0%
BANK9               50      0       0      24        0.0%
BITSFR23             0      0       0      24        0.0%
SFR23                0      0       0      24        0.0%
BITBANK10           50      0       0      25        0.0%
BITSFR24             0      0       0      25        0.0%
SFR24                0      0       0      25        0.0%
BANK10              50      0       0      26        0.0%
BITSFR25             0      0       0      26        0.0%
SFR25                0      0       0      26        0.0%
BITBANK11           50      0       0      27        0.0%
BITSFR26             0      0       0      27        0.0%
SFR26                0      0       0      27        0.0%
BANK11              50      0       0      28        0.0%
BITSFR27             0      0       0      28        0.0%
SFR27                0      0       0      28        0.0%
BITBANK12           30      0       0      29        0.0%
BITSFR28             0      0       0      29        0.0%
SFR28                0      0       0      29        0.0%
BANK12              30      0       0      30        0.0%
BITSFR29             0      0       0      30        0.0%
SFR29                0      0       0      30        0.0%
BITSFR30             0      0       0      31        0.0%
SFR30                0      0       0      31        0.0%
DATA                 0      0       2      31        0.0%
BITSFR31             0      0       0      32        0.0%
SFR31                0      0       0      32        0.0%


Microchip Technology PIC Macro Assembler V1.37 build -260352376 
Symbol Table                                                                                   Sun May 29 12:25:54 2016

            __CFG_CP$OFF 0000              __CFG_LVP$ON 0000                      l464 07D4  
           __CFG_BORV$LO 0000             __CFG_IESO$ON 0000             __CFG_ZCD$OFF 0000  
                   _LATA 010C                     _LATB 010D                     _LATC 010E  
                   _WPUA 020C                     _WPUB 020D                     _WPUC 020E  
           __CFG_WRT$OFF 0000            __CFG_FCMEN$ON 0000                     _main 07DF  
                   btemp 007E            __CFG_BOREN$ON 0000                     ltemp 007E  
                   start 0002                     ttemp 007E                     wtemp 007E  
          __CFG_MCLRE$ON 0000            __CFG_PLLEN$ON 0000                    ?_main 0000  
          __CFG_WDTE$OFF 0000                    _LATA1 0861                    _LATA2 0862  
                  _LATA5 0865                    _LATC2 0872                    _LATC3 0873  
                  _LATC5 0875                    _LATC6 0876                    _LATC7 0877  
                  _TRISA 008C                    _TRISB 008D                    _TRISC 008E  
                  _Delay 07D4                    _delay 0070                    ltemp0 007E  
                  ltemp1 0082                    ltemp2 0086                    ltemp3 0080  
                  ttemp0 007E                    ttemp1 0081                    ttemp2 0084  
                  ttemp3 0087                    ttemp4 007F                    status 0003  
                  wtemp0 007E                    wtemp1 0080                    wtemp2 0082  
                  wtemp3 0084                    wtemp4 0086                    wtemp5 0088  
                  wtemp6 007F          __initialization 07FD             __end_of_main 07FD  
         __CFG_LPBOR$OFF 0000                   ??_main 0000                   ?_Delay 0000  
                 _ANSELA 018C                   _ANSELB 018D                   _ANSELC 018E  
                 _OSCCON 0099           __CFG_PWRTE$OFF 0000           __CFG_STVREN$ON 0000  
__end_of__initialization 07FD            __end_of_Delay 07DF           __pcstackCOMMON 0000  
         _OPTION_REGbits 0095                  ??_Delay 0000               __pnvCOMMON 0070  
             __pmaintext 07DF          __CFG_PPS1WAY$ON 0000          __CFG_WDTCCS$SWC 0000  
                _OSCTUNE 0098                  __ptext1 07D4     end_of_initialization 07FD  
       __CFG_FOSC$INTOSC 0000      start_initialization 07FD                ___latbits 0002  
         __size_of_Delay 000B     __CFG_WDTCPS$WDTCPS1F 0000            __size_of_main 001E  
   __CFG_WDTCWS$WDTCWSSW 0000               _INTCONbits 000B        __CFG_CLKOUTEN$OFF 0000  
