

Microchip Technology PIC LITE Macro Assembler V1.37 build -260352376 
                                                                                               Sat Apr 23 19:20:22 2016

Microchip Technology Omniscient Code Generator v1.37 (Free mode) build 201603110536
     1                           	processor	16F1619
     2                           	opt	pw 120
     3                           	opt	lm
     4                           	psect	cinit,global,class=CODE,merge=1,delta=2
     5                           	psect	bssCOMMON,global,class=COMMON,space=1,delta=1
     6                           	psect	cstackCOMMON,global,class=COMMON,space=1,delta=1
     7                           	psect	maintext,global,class=CODE,merge=1,split=1,delta=2
     8                           	dabs	1,0x7E,2
     9  0000                     	;# 
    10  0001                     	;# 
    11  0002                     	;# 
    12  0003                     	;# 
    13  0004                     	;# 
    14  0005                     	;# 
    15  0006                     	;# 
    16  0007                     	;# 
    17  0008                     	;# 
    18  0009                     	;# 
    19  000A                     	;# 
    20  000B                     	;# 
    21  000C                     	;# 
    22  000D                     	;# 
    23  000E                     	;# 
    24  0010                     	;# 
    25  0011                     	;# 
    26  0012                     	;# 
    27  0013                     	;# 
    28  0014                     	;# 
    29  0015                     	;# 
    30  0016                     	;# 
    31  0016                     	;# 
    32  0017                     	;# 
    33  0018                     	;# 
    34  0019                     	;# 
    35  001A                     	;# 
    36  001A                     	;# 
    37  001B                     	;# 
    38  001B                     	;# 
    39  001C                     	;# 
    40  001D                     	;# 
    41  001E                     	;# 
    42  001F                     	;# 
    43  008C                     	;# 
    44  008D                     	;# 
    45  008E                     	;# 
    46  0090                     	;# 
    47  0091                     	;# 
    48  0092                     	;# 
    49  0093                     	;# 
    50  0094                     	;# 
    51  0095                     	;# 
    52  0096                     	;# 
    53  0098                     	;# 
    54  0099                     	;# 
    55  009A                     	;# 
    56  009B                     	;# 
    57  009B                     	;# 
    58  009C                     	;# 
    59  009D                     	;# 
    60  009E                     	;# 
    61  009F                     	;# 
    62  010C                     	;# 
    63  010D                     	;# 
    64  010E                     	;# 
    65  0111                     	;# 
    66  0112                     	;# 
    67  0113                     	;# 
    68  0114                     	;# 
    69  0115                     	;# 
    70  0116                     	;# 
    71  0117                     	;# 
    72  0118                     	;# 
    73  0119                     	;# 
    74  011C                     	;# 
    75  018C                     	;# 
    76  018D                     	;# 
    77  018E                     	;# 
    78  0191                     	;# 
    79  0191                     	;# 
    80  0192                     	;# 
    81  0193                     	;# 
    82  0193                     	;# 
    83  0194                     	;# 
    84  0195                     	;# 
    85  0196                     	;# 
    86  0197                     	;# 
    87  0199                     	;# 
    88  0199                     	;# 
    89  0199                     	;# 
    90  019A                     	;# 
    91  019A                     	;# 
    92  019A                     	;# 
    93  019B                     	;# 
    94  019B                     	;# 
    95  019B                     	;# 
    96  019B                     	;# 
    97  019B                     	;# 
    98  019C                     	;# 
    99  019C                     	;# 
   100  019C                     	;# 
   101  019D                     	;# 
   102  019D                     	;# 
   103  019D                     	;# 
   104  019E                     	;# 
   105  019E                     	;# 
   106  019E                     	;# 
   107  019F                     	;# 
   108  019F                     	;# 
   109  019F                     	;# 
   110  019F                     	;# 
   111  019F                     	;# 
   112  020C                     	;# 
   113  020D                     	;# 
   114  020E                     	;# 
   115  0211                     	;# 
   116  0211                     	;# 
   117  0212                     	;# 
   118  0212                     	;# 
   119  0213                     	;# 
   120  0213                     	;# 
   121  0214                     	;# 
   122  0214                     	;# 
   123  0215                     	;# 
   124  0215                     	;# 
   125  0215                     	;# 
   126  0215                     	;# 
   127  0216                     	;# 
   128  0216                     	;# 
   129  0217                     	;# 
   130  0217                     	;# 
   131  028C                     	;# 
   132  028D                     	;# 
   133  028E                     	;# 
   134  0291                     	;# 
   135  0291                     	;# 
   136  0292                     	;# 
   137  0293                     	;# 
   138  0294                     	;# 
   139  0298                     	;# 
   140  0298                     	;# 
   141  0299                     	;# 
   142  029A                     	;# 
   143  029B                     	;# 
   144  029E                     	;# 
   145  030C                     	;# 
   146  030D                     	;# 
   147  030E                     	;# 
   148  038C                     	;# 
   149  038D                     	;# 
   150  038E                     	;# 
   151  0391                     	;# 
   152  0392                     	;# 
   153  0393                     	;# 
   154  0394                     	;# 
   155  0395                     	;# 
   156  0396                     	;# 
   157  0397                     	;# 
   158  0398                     	;# 
   159  0399                     	;# 
   160  040E                     	;# 
   161  0413                     	;# 
   162  0413                     	;# 
   163  0414                     	;# 
   164  0414                     	;# 
   165  0415                     	;# 
   166  0416                     	;# 
   167  0417                     	;# 
   168  0418                     	;# 
   169  041A                     	;# 
   170  041A                     	;# 
   171  041B                     	;# 
   172  041B                     	;# 
   173  041C                     	;# 
   174  041D                     	;# 
   175  041E                     	;# 
   176  041F                     	;# 
   177  0493                     	;# 
   178  0494                     	;# 
   179  0495                     	;# 
   180  0496                     	;# 
   181  049A                     	;# 
   182  049B                     	;# 
   183  049C                     	;# 
   184  049D                     	;# 
   185  058C                     	;# 
   186  058C                     	;# 
   187  058D                     	;# 
   188  058E                     	;# 
   189  058E                     	;# 
   190  058F                     	;# 
   191  0590                     	;# 
   192  0590                     	;# 
   193  0591                     	;# 
   194  0592                     	;# 
   195  0592                     	;# 
   196  0593                     	;# 
   197  0594                     	;# 
   198  0594                     	;# 
   199  0595                     	;# 
   200  0596                     	;# 
   201  0596                     	;# 
   202  0597                     	;# 
   203  0598                     	;# 
   204  0599                     	;# 
   205  059A                     	;# 
   206  059B                     	;# 
   207  059B                     	;# 
   208  059C                     	;# 
   209  059D                     	;# 
   210  060C                     	;# 
   211  060C                     	;# 
   212  060D                     	;# 
   213  060E                     	;# 
   214  060F                     	;# 
   215  060F                     	;# 
   216  0610                     	;# 
   217  0611                     	;# 
   218  0612                     	;# 
   219  0613                     	;# 
   220  0614                     	;# 
   221  0617                     	;# 
   222  0618                     	;# 
   223  0619                     	;# 
   224  061A                     	;# 
   225  061B                     	;# 
   226  061C                     	;# 
   227  0691                     	;# 
   228  0692                     	;# 
   229  0693                     	;# 
   230  0694                     	;# 
   231  0695                     	;# 
   232  0696                     	;# 
   233  0697                     	;# 
   234  0699                     	;# 
   235  069A                     	;# 
   236  0711                     	;# 
   237  0712                     	;# 
   238  0713                     	;# 
   239  0714                     	;# 
   240  0715                     	;# 
   241  0718                     	;# 
   242  0718                     	;# 
   243  0719                     	;# 
   244  071A                     	;# 
   245  071A                     	;# 
   246  071B                     	;# 
   247  071C                     	;# 
   248  071D                     	;# 
   249  0791                     	;# 
   250  0791                     	;# 
   251  0792                     	;# 
   252  0793                     	;# 
   253  0793                     	;# 
   254  0794                     	;# 
   255  0795                     	;# 
   256  0795                     	;# 
   257  0796                     	;# 
   258  0797                     	;# 
   259  0797                     	;# 
   260  0798                     	;# 
   261  0799                     	;# 
   262  079A                     	;# 
   263  080C                     	;# 
   264  080C                     	;# 
   265  080D                     	;# 
   266  080E                     	;# 
   267  080E                     	;# 
   268  080F                     	;# 
   269  0810                     	;# 
   270  0810                     	;# 
   271  0811                     	;# 
   272  0812                     	;# 
   273  0812                     	;# 
   274  0813                     	;# 
   275  0814                     	;# 
   276  0815                     	;# 
   277  0816                     	;# 
   278  0817                     	;# 
   279  0818                     	;# 
   280  0819                     	;# 
   281  081A                     	;# 
   282  081A                     	;# 
   283  081B                     	;# 
   284  081C                     	;# 
   285  081C                     	;# 
   286  081D                     	;# 
   287  088C                     	;# 
   288  088D                     	;# 
   289  088E                     	;# 
   290  088F                     	;# 
   291  088F                     	;# 
   292  0890                     	;# 
   293  0891                     	;# 
   294  0892                     	;# 
   295  0893                     	;# 
   296  0893                     	;# 
   297  0894                     	;# 
   298  0895                     	;# 
   299  0896                     	;# 
   300  0897                     	;# 
   301  0897                     	;# 
   302  0898                     	;# 
   303  0899                     	;# 
   304  0D8C                     	;# 
   305  0D8C                     	;# 
   306  0D8D                     	;# 
   307  0D8E                     	;# 
   308  0D8F                     	;# 
   309  0D8F                     	;# 
   310  0D90                     	;# 
   311  0D91                     	;# 
   312  0D92                     	;# 
   313  0D92                     	;# 
   314  0D93                     	;# 
   315  0D94                     	;# 
   316  0D95                     	;# 
   317  0D95                     	;# 
   318  0D96                     	;# 
   319  0D97                     	;# 
   320  0D98                     	;# 
   321  0D99                     	;# 
   322  0D9A                     	;# 
   323  0D9B                     	;# 
   324  0D9C                     	;# 
   325  0D9D                     	;# 
   326  0D9E                     	;# 
   327  0D9E                     	;# 
   328  0D9F                     	;# 
   329  0DA0                     	;# 
   330  0DA1                     	;# 
   331  0DA1                     	;# 
   332  0DA2                     	;# 
   333  0DA3                     	;# 
   334  0DA4                     	;# 
   335  0DA4                     	;# 
   336  0DA5                     	;# 
   337  0DA6                     	;# 
   338  0DA7                     	;# 
   339  0DA7                     	;# 
   340  0DA8                     	;# 
   341  0DA9                     	;# 
   342  0DAA                     	;# 
   343  0DAB                     	;# 
   344  0DAC                     	;# 
   345  0DAD                     	;# 
   346  0DAE                     	;# 
   347  0DAF                     	;# 
   348  0E0F                     	;# 
   349  0E10                     	;# 
   350  0E11                     	;# 
   351  0E12                     	;# 
   352  0E13                     	;# 
   353  0E14                     	;# 
   354  0E15                     	;# 
   355  0E16                     	;# 
   356  0E17                     	;# 
   357  0E18                     	;# 
   358  0E19                     	;# 
   359  0E1A                     	;# 
   360  0E1B                     	;# 
   361  0E1C                     	;# 
   362  0E1D                     	;# 
   363  0E1E                     	;# 
   364  0E1F                     	;# 
   365  0E20                     	;# 
   366  0E21                     	;# 
   367  0E22                     	;# 
   368  0E23                     	;# 
   369  0E24                     	;# 
   370  0E25                     	;# 
   371  0E26                     	;# 
   372  0E27                     	;# 
   373  0E28                     	;# 
   374  0E29                     	;# 
   375  0E2A                     	;# 
   376  0E2B                     	;# 
   377  0E2C                     	;# 
   378  0E2D                     	;# 
   379  0E2E                     	;# 
   380  0E90                     	;# 
   381  0E91                     	;# 
   382  0E92                     	;# 
   383  0E94                     	;# 
   384  0E95                     	;# 
   385  0E9C                     	;# 
   386  0E9D                     	;# 
   387  0E9E                     	;# 
   388  0E9F                     	;# 
   389  0EA0                     	;# 
   390  0EA1                     	;# 
   391  0EA2                     	;# 
   392  0EA3                     	;# 
   393  0EA4                     	;# 
   394  0EA5                     	;# 
   395  0EA6                     	;# 
   396  0EA7                     	;# 
   397  0F0F                     	;# 
   398  0F10                     	;# 
   399  0F11                     	;# 
   400  0F12                     	;# 
   401  0F13                     	;# 
   402  0F14                     	;# 
   403  0F15                     	;# 
   404  0F16                     	;# 
   405  0F17                     	;# 
   406  0F18                     	;# 
   407  0F19                     	;# 
   408  0F1A                     	;# 
   409  0F1B                     	;# 
   410  0F1C                     	;# 
   411  0F1D                     	;# 
   412  0F1E                     	;# 
   413  0F1F                     	;# 
   414  0F20                     	;# 
   415  0F21                     	;# 
   416  0F22                     	;# 
   417  0F23                     	;# 
   418  0F24                     	;# 
   419  0F25                     	;# 
   420  0F26                     	;# 
   421  0F27                     	;# 
   422  0F28                     	;# 
   423  0F29                     	;# 
   424  0F2A                     	;# 
   425  0F2B                     	;# 
   426  0F2C                     	;# 
   427  0F2D                     	;# 
   428  0F2E                     	;# 
   429  0F2F                     	;# 
   430  0F30                     	;# 
   431  0F31                     	;# 
   432  0F32                     	;# 
   433  0F33                     	;# 
   434  0F34                     	;# 
   435  0F35                     	;# 
   436  0F36                     	;# 
   437  0F37                     	;# 
   438  0FE4                     	;# 
   439  0FE5                     	;# 
   440  0FE6                     	;# 
   441  0FE7                     	;# 
   442  0FE8                     	;# 
   443  0FE9                     	;# 
   444  0FEA                     	;# 
   445  0FEB                     	;# 
   446  0FED                     	;# 
   447  0FEE                     	;# 
   448  0FEF                     	;# 
   449  0099                     _OSCCON	set	153
   450  008E                     _TRISC	set	142
   451  0872                     _LATC2	set	2162
   452  0873                     _LATC3	set	2163
   453  0876                     _LATC6	set	2166
   454  0877                     _LATC7	set	2167
   455                           
   456                           	psect	cinit
   457  07FB                     start_initialization:	
   458                           ; #config settings
   459                           
   460  07FB                     __initialization:	
   461                           
   462                           ; Clear objects allocated to COMMON
   463  07FB  01F0               	clrf	__pbssCOMMON& (0+127)
   464  07FC  01F1               	clrf	(__pbssCOMMON+1)& (0+127)
   465  07FD                     end_of_initialization:	
   466                           ;End of C runtime variable initialization code
   467                           
   468  07FD                     __end_of__initialization:	
   469  07FD  0020               	movlb	0
   470  07FE  3187  2FE8         	ljmp	_main	;jump to C main() function
   471                           
   472                           	psect	bssCOMMON
   473  0070                     __pbssCOMMON:	
   474  0070                     _counter:	
   475  0070                     	ds	2
   476                           
   477                           	psect	cstackCOMMON
   478  0072                     __pcstackCOMMON:	
   479  0072                     ?_main:	
   480  0072                     ??_main:	
   481                           ; 1 bytes @ 0x0
   482                           
   483                           
   484                           ; 1 bytes @ 0x0
   485  0072                     	ds	2
   486                           
   487                           	psect	maintext
   488  07E8                     __pmaintext:	
   489 ;;
   490 ;;Main: autosize = 0, tempsize = 2, incstack = 0, save=0
   491 ;;
   492 ;; *************** function _main *****************
   493 ;; Defined at:
   494 ;;		line 17 in file "main.c"
   495 ;; Parameters:    Size  Location     Type
   496 ;;		None
   497 ;; Auto vars:     Size  Location     Type
   498 ;;		None
   499 ;; Return value:  Size  Location     Type
   500 ;;                  1    wreg      void 
   501 ;; Registers used:
   502 ;;		wreg, status,2
   503 ;; Tracked objects:
   504 ;;		On entry : B1F/0
   505 ;;		On exit  : 0/0
   506 ;;		Unchanged: 0/0
   507 ;; Data sizes:     COMMON   BANK0   BANK1   BANK2   BANK3   BANK4   BANK5   BANK6   BANK7   BANK8   BANK9  BANK10  BANK1
      +1  BANK12
   508 ;;      Params:         0       0       0       0       0       0       0       0       0       0       0       0       
      +0       0
   509 ;;      Locals:         0       0       0       0       0       0       0       0       0       0       0       0       
      +0       0
   510 ;;      Temps:          2       0       0       0       0       0       0       0       0       0       0       0       
      +0       0
   511 ;;      Totals:         2       0       0       0       0       0       0       0       0       0       0       0       
      +0       0
   512 ;;Total ram usage:        2 bytes
   513 ;; This function calls:
   514 ;;		Nothing
   515 ;; This function is called by:
   516 ;;		Startup code after reset
   517 ;; This function uses a non-reentrant model
   518 ;;
   519                           
   520                           
   521                           ;psect for function _main
   522  07E8                     _main:	
   523                           
   524                           ;main.c: 18: TRISC = 0;
   525                           
   526                           ;incstack = 0
   527                           ; Regs used in _main: [wreg+status,2]
   528  07E8  0021               	movlb	1	; select bank1
   529  07E9  018E               	clrf	14	;volatile
   530                           
   531                           ;main.c: 19: OSCCON = 0b0011100;
   532  07EA  301C               	movlw	28
   533  07EB  0099               	movwf	25	;volatile
   534                           
   535                           ;main.c: 20: _delay((unsigned long)((500)*(500000/4000.0)));
   536  07EC  3052               	movlw	82
   537  07ED  00F3               	movwf	??_main+1
   538  07EE  3029               	movlw	41
   539  07EF  00F2               	movwf	??_main
   540  07F0                     u17:	
   541  07F0  0BF2               	decfsz	??_main,f
   542  07F1  2FF0               	goto	u17
   543  07F2  0BF3               	decfsz	??_main+1,f
   544  07F3  2FF0               	goto	u17
   545  07F4  3200               	nop2
   546                           
   547                           ;main.c: 21: LATC2 = 1;
   548  07F5  0022               	movlb	2	; select bank2
   549  07F6  150E               	bsf	14,2	;volatile
   550                           
   551                           ;main.c: 23: LATC3 = LATC6 = LATC7 = 0;
   552  07F7  138E               	bcf	14,7	;volatile
   553  07F8  130E               	bcf	14,6	;volatile
   554  07F9  118E               	bcf	14,3	;volatile
   555  07FA                     l19:	
   556                           ;main.c: 25: while(1) continue;
   557                           
   558  07FA  2FFA               	goto	l19
   559  07FB                     __end_of_main:	
   560  007E                     btemp	set	126	;btemp
   561  007E                     wtemp	set	126
   562  007E                     wtemp0	set	126
   563  0080                     wtemp1	set	128
   564  0082                     wtemp2	set	130
   565  0084                     wtemp3	set	132
   566  0086                     wtemp4	set	134
   567  0088                     wtemp5	set	136
   568  007F                     wtemp6	set	127
   569  007E                     ttemp	set	126
   570  007E                     ttemp0	set	126
   571  0081                     ttemp1	set	129
   572  0084                     ttemp2	set	132
   573  0087                     ttemp3	set	135
   574  007F                     ttemp4	set	127
   575  007E                     ltemp	set	126
   576  007E                     ltemp0	set	126
   577  0082                     ltemp1	set	130
   578  0086                     ltemp2	set	134
   579  0080                     ltemp3	set	128


Data Sizes:
    Strings     0
    Constant    0
    Data        0
    BSS         2
    Persistent  0
    Stack       0

Auto Spaces:
    Space          Size  Autos    Used
    COMMON           14      2       4
    BANK0            80      0       0
    BANK1            80      0       0
    BANK2            80      0       0
    BANK3            80      0       0
    BANK4            80      0       0
    BANK5            80      0       0
    BANK6            80      0       0
    BANK7            80      0       0
    BANK8            80      0       0
    BANK9            80      0       0
    BANK10           80      0       0
    BANK11           80      0       0
    BANK12           48      0       0

Pointer List with Targets:

    None.

Critical Paths under _main in COMMON

    None.

Critical Paths under _main in BANK0

    None.

Critical Paths under _main in BANK1

    None.

Critical Paths under _main in BANK2

    None.

Critical Paths under _main in BANK3

    None.

Critical Paths under _main in BANK4

    None.

Critical Paths under _main in BANK5

    None.

Critical Paths under _main in BANK6

    None.

Critical Paths under _main in BANK7

    None.

Critical Paths under _main in BANK8

    None.

Critical Paths under _main in BANK9

    None.

Critical Paths under _main in BANK10

    None.

Critical Paths under _main in BANK11

    None.

Critical Paths under _main in BANK12

    None.

Call Graph Tables:

 ---------------------------------------------------------------------------------
 (Depth) Function   	        Calls       Base Space   Used Autos Params    Refs
 ---------------------------------------------------------------------------------
 (0) _main                                                 2     2      0       0
                                              0 COMMON     2     2      0
 ---------------------------------------------------------------------------------
 Estimated maximum stack depth 0
 ---------------------------------------------------------------------------------

 Call Graph Graphs:

 _main (ROOT)

 Address spaces:
Name               Size   Autos  Total    Cost      Usage
BIGRAM             3F0      0       0       0        0.0%
NULL                 0      0       0       0        0.0%
CODE                 0      0       0       0        0.0%
BITCOMMON            E      0       0       1        0.0%
BITSFR0              0      0       0       1        0.0%
SFR0                 0      0       0       1        0.0%
COMMON               E      2       4       2       28.6%
BITSFR1              0      0       0       2        0.0%
SFR1                 0      0       0       2        0.0%
BITSFR2              0      0       0       3        0.0%
SFR2                 0      0       0       3        0.0%
STACK                0      0       0       3        0.0%
BITBANK0            50      0       0       4        0.0%
BITSFR3              0      0       0       4        0.0%
SFR3                 0      0       0       4        0.0%
BANK0               50      0       0       5        0.0%
BITSFR4              0      0       0       5        0.0%
SFR4                 0      0       0       5        0.0%
BITBANK1            50      0       0       6        0.0%
BITSFR5              0      0       0       6        0.0%
SFR5                 0      0       0       6        0.0%
BANK1               50      0       0       7        0.0%
BITSFR6              0      0       0       7        0.0%
SFR6                 0      0       0       7        0.0%
BITBANK2            50      0       0       8        0.0%
BITSFR7              0      0       0       8        0.0%
SFR7                 0      0       0       8        0.0%
BANK2               50      0       0       9        0.0%
BITSFR8              0      0       0       9        0.0%
SFR8                 0      0       0       9        0.0%
BITBANK3            50      0       0      10        0.0%
BITSFR9              0      0       0      10        0.0%
SFR9                 0      0       0      10        0.0%
BANK3               50      0       0      11        0.0%
BITSFR10             0      0       0      11        0.0%
SFR10                0      0       0      11        0.0%
BITBANK4            50      0       0      12        0.0%
BITSFR11             0      0       0      12        0.0%
SFR11                0      0       0      12        0.0%
BANK4               50      0       0      13        0.0%
BITSFR12             0      0       0      13        0.0%
SFR12                0      0       0      13        0.0%
BITBANK5            50      0       0      14        0.0%
BITSFR13             0      0       0      14        0.0%
SFR13                0      0       0      14        0.0%
BANK5               50      0       0      15        0.0%
BITSFR14             0      0       0      15        0.0%
SFR14                0      0       0      15        0.0%
BITBANK6            50      0       0      16        0.0%
BITSFR15             0      0       0      16        0.0%
SFR15                0      0       0      16        0.0%
BANK6               50      0       0      17        0.0%
BITSFR16             0      0       0      17        0.0%
SFR16                0      0       0      17        0.0%
BITBANK7            50      0       0      18        0.0%
BITSFR17             0      0       0      18        0.0%
SFR17                0      0       0      18        0.0%
BANK7               50      0       0      19        0.0%
BITSFR18             0      0       0      19        0.0%
SFR18                0      0       0      19        0.0%
BITSFR19             0      0       0      20        0.0%
SFR19                0      0       0      20        0.0%
ABS                  0      0       4      20        0.0%
BITBANK8            50      0       0      21        0.0%
BITSFR20             0      0       0      21        0.0%
SFR20                0      0       0      21        0.0%
BANK8               50      0       0      22        0.0%
BITSFR21             0      0       0      22        0.0%
SFR21                0      0       0      22        0.0%
BITBANK9            50      0       0      23        0.0%
BITSFR22             0      0       0      23        0.0%
SFR22                0      0       0      23        0.0%
BANK9               50      0       0      24        0.0%
BITSFR23             0      0       0      24        0.0%
SFR23                0      0       0      24        0.0%
BITBANK10           50      0       0      25        0.0%
BITSFR24             0      0       0      25        0.0%
SFR24                0      0       0      25        0.0%
BANK10              50      0       0      26        0.0%
BITSFR25             0      0       0      26        0.0%
SFR25                0      0       0      26        0.0%
BITBANK11           50      0       0      27        0.0%
BITSFR26             0      0       0      27        0.0%
SFR26                0      0       0      27        0.0%
BANK11              50      0       0      28        0.0%
BITSFR27             0      0       0      28        0.0%
SFR27                0      0       0      28        0.0%
BITBANK12           30      0       0      29        0.0%
BITSFR28             0      0       0      29        0.0%
SFR28                0      0       0      29        0.0%
BANK12              30      0       0      30        0.0%
BITSFR29             0      0       0      30        0.0%
SFR29                0      0       0      30        0.0%
BITSFR30             0      0       0      31        0.0%
SFR30                0      0       0      31        0.0%
DATA                 0      0       4      31        0.0%
BITSFR31             0      0       0      32        0.0%
SFR31                0      0       0      32        0.0%


Microchip Technology PIC Macro Assembler V1.37 build -260352376 
Symbol Table                                                                                   Sat Apr 23 19:20:22 2016

                     l19 07FA                       u17 07F0                     _main 07E8  
                   btemp 007E                     ltemp 007E                     start 0002  
                   ttemp 007E                     wtemp 007E                    ?_main 0072  
                  _LATC2 0872                    _LATC3 0873                    _LATC6 0876  
                  _LATC7 0877                    _TRISC 008E                    ltemp0 007E  
                  ltemp1 0082                    ltemp2 0086                    ltemp3 0080  
                  ttemp0 007E                    ttemp1 0081                    ttemp2 0084  
                  ttemp3 0087                    ttemp4 007F                    wtemp0 007E  
                  wtemp1 0080                    wtemp2 0082                    wtemp3 0084  
                  wtemp4 0086                    wtemp5 0088                    wtemp6 007F  
        __initialization 07FB             __end_of_main 07FB                   ??_main 0072  
                 _OSCCON 0099  __end_of__initialization 07FD           __pcstackCOMMON 0072  
             __pmaintext 07E8                  _counter 0070     end_of_initialization 07FD  
    start_initialization 07FB              __pbssCOMMON 0070                ___latbits 0002  
          __size_of_main 0013  
