

Microchip Technology PIC LITE Macro Assembler V1.37 build -260352376 
                                                                                               Sun May 29 15:00:11 2016

Microchip Technology Omniscient Code Generator v1.37 (Free mode) build 201603110536
     1                           	processor	16F1619
     2                           	opt	pw 120
     3                           	opt	lm
     4                           	psect	idataCOMMON,global,class=CODE,delta=2
     5                           	psect	cinit,global,class=CODE,merge=1,delta=2
     6                           	psect	bssCOMMON,global,class=COMMON,space=1,delta=1
     7                           	psect	dataCOMMON,global,class=COMMON,space=1,delta=1
     8                           	psect	cstackCOMMON,global,class=COMMON,space=1,delta=1
     9                           	psect	maintext,global,class=CODE,merge=1,split=1,delta=2
    10                           	dabs	1,0x7E,2
    11  0000                     	;# 
    12  0001                     	;# 
    13  0002                     	;# 
    14  0003                     	;# 
    15  0004                     	;# 
    16  0005                     	;# 
    17  0006                     	;# 
    18  0007                     	;# 
    19  0008                     	;# 
    20  0009                     	;# 
    21  000A                     	;# 
    22  000B                     	;# 
    23  000C                     	;# 
    24  000D                     	;# 
    25  000E                     	;# 
    26  0010                     	;# 
    27  0011                     	;# 
    28  0012                     	;# 
    29  0013                     	;# 
    30  0014                     	;# 
    31  0015                     	;# 
    32  0016                     	;# 
    33  0016                     	;# 
    34  0017                     	;# 
    35  0018                     	;# 
    36  0019                     	;# 
    37  001A                     	;# 
    38  001A                     	;# 
    39  001B                     	;# 
    40  001B                     	;# 
    41  001C                     	;# 
    42  001D                     	;# 
    43  001E                     	;# 
    44  001F                     	;# 
    45  008C                     	;# 
    46  008D                     	;# 
    47  008E                     	;# 
    48  0090                     	;# 
    49  0091                     	;# 
    50  0092                     	;# 
    51  0093                     	;# 
    52  0094                     	;# 
    53  0095                     	;# 
    54  0096                     	;# 
    55  0098                     	;# 
    56  0099                     	;# 
    57  009A                     	;# 
    58  009B                     	;# 
    59  009B                     	;# 
    60  009C                     	;# 
    61  009D                     	;# 
    62  009E                     	;# 
    63  009F                     	;# 
    64  010C                     	;# 
    65  010D                     	;# 
    66  010E                     	;# 
    67  0111                     	;# 
    68  0112                     	;# 
    69  0113                     	;# 
    70  0114                     	;# 
    71  0115                     	;# 
    72  0116                     	;# 
    73  0117                     	;# 
    74  0118                     	;# 
    75  0119                     	;# 
    76  011C                     	;# 
    77  018C                     	;# 
    78  018D                     	;# 
    79  018E                     	;# 
    80  0191                     	;# 
    81  0191                     	;# 
    82  0192                     	;# 
    83  0193                     	;# 
    84  0193                     	;# 
    85  0194                     	;# 
    86  0195                     	;# 
    87  0196                     	;# 
    88  0197                     	;# 
    89  0199                     	;# 
    90  0199                     	;# 
    91  0199                     	;# 
    92  019A                     	;# 
    93  019A                     	;# 
    94  019A                     	;# 
    95  019B                     	;# 
    96  019B                     	;# 
    97  019B                     	;# 
    98  019B                     	;# 
    99  019B                     	;# 
   100  019C                     	;# 
   101  019C                     	;# 
   102  019C                     	;# 
   103  019D                     	;# 
   104  019D                     	;# 
   105  019D                     	;# 
   106  019E                     	;# 
   107  019E                     	;# 
   108  019E                     	;# 
   109  019F                     	;# 
   110  019F                     	;# 
   111  019F                     	;# 
   112  019F                     	;# 
   113  019F                     	;# 
   114  020C                     	;# 
   115  020D                     	;# 
   116  020E                     	;# 
   117  0211                     	;# 
   118  0211                     	;# 
   119  0212                     	;# 
   120  0212                     	;# 
   121  0213                     	;# 
   122  0213                     	;# 
   123  0214                     	;# 
   124  0214                     	;# 
   125  0215                     	;# 
   126  0215                     	;# 
   127  0215                     	;# 
   128  0215                     	;# 
   129  0216                     	;# 
   130  0216                     	;# 
   131  0217                     	;# 
   132  0217                     	;# 
   133  028C                     	;# 
   134  028D                     	;# 
   135  028E                     	;# 
   136  0291                     	;# 
   137  0291                     	;# 
   138  0292                     	;# 
   139  0293                     	;# 
   140  0294                     	;# 
   141  0298                     	;# 
   142  0298                     	;# 
   143  0299                     	;# 
   144  029A                     	;# 
   145  029B                     	;# 
   146  029E                     	;# 
   147  030C                     	;# 
   148  030D                     	;# 
   149  030E                     	;# 
   150  038C                     	;# 
   151  038D                     	;# 
   152  038E                     	;# 
   153  0391                     	;# 
   154  0392                     	;# 
   155  0393                     	;# 
   156  0394                     	;# 
   157  0395                     	;# 
   158  0396                     	;# 
   159  0397                     	;# 
   160  0398                     	;# 
   161  0399                     	;# 
   162  040E                     	;# 
   163  0413                     	;# 
   164  0413                     	;# 
   165  0414                     	;# 
   166  0414                     	;# 
   167  0415                     	;# 
   168  0416                     	;# 
   169  0417                     	;# 
   170  0418                     	;# 
   171  041A                     	;# 
   172  041A                     	;# 
   173  041B                     	;# 
   174  041B                     	;# 
   175  041C                     	;# 
   176  041D                     	;# 
   177  041E                     	;# 
   178  041F                     	;# 
   179  0493                     	;# 
   180  0494                     	;# 
   181  0495                     	;# 
   182  0496                     	;# 
   183  049A                     	;# 
   184  049B                     	;# 
   185  049C                     	;# 
   186  049D                     	;# 
   187  058C                     	;# 
   188  058C                     	;# 
   189  058D                     	;# 
   190  058E                     	;# 
   191  058E                     	;# 
   192  058F                     	;# 
   193  0590                     	;# 
   194  0590                     	;# 
   195  0591                     	;# 
   196  0592                     	;# 
   197  0592                     	;# 
   198  0593                     	;# 
   199  0594                     	;# 
   200  0594                     	;# 
   201  0595                     	;# 
   202  0596                     	;# 
   203  0596                     	;# 
   204  0597                     	;# 
   205  0598                     	;# 
   206  0599                     	;# 
   207  059A                     	;# 
   208  059B                     	;# 
   209  059B                     	;# 
   210  059C                     	;# 
   211  059D                     	;# 
   212  060C                     	;# 
   213  060C                     	;# 
   214  060D                     	;# 
   215  060E                     	;# 
   216  060F                     	;# 
   217  060F                     	;# 
   218  0610                     	;# 
   219  0611                     	;# 
   220  0612                     	;# 
   221  0613                     	;# 
   222  0614                     	;# 
   223  0617                     	;# 
   224  0618                     	;# 
   225  0619                     	;# 
   226  061A                     	;# 
   227  061B                     	;# 
   228  061C                     	;# 
   229  0691                     	;# 
   230  0692                     	;# 
   231  0693                     	;# 
   232  0694                     	;# 
   233  0695                     	;# 
   234  0696                     	;# 
   235  0697                     	;# 
   236  0699                     	;# 
   237  069A                     	;# 
   238  0711                     	;# 
   239  0712                     	;# 
   240  0713                     	;# 
   241  0714                     	;# 
   242  0715                     	;# 
   243  0718                     	;# 
   244  0718                     	;# 
   245  0719                     	;# 
   246  071A                     	;# 
   247  071A                     	;# 
   248  071B                     	;# 
   249  071C                     	;# 
   250  071D                     	;# 
   251  0791                     	;# 
   252  0791                     	;# 
   253  0792                     	;# 
   254  0793                     	;# 
   255  0793                     	;# 
   256  0794                     	;# 
   257  0795                     	;# 
   258  0795                     	;# 
   259  0796                     	;# 
   260  0797                     	;# 
   261  0797                     	;# 
   262  0798                     	;# 
   263  0799                     	;# 
   264  079A                     	;# 
   265  080C                     	;# 
   266  080C                     	;# 
   267  080D                     	;# 
   268  080E                     	;# 
   269  080E                     	;# 
   270  080F                     	;# 
   271  0810                     	;# 
   272  0810                     	;# 
   273  0811                     	;# 
   274  0812                     	;# 
   275  0812                     	;# 
   276  0813                     	;# 
   277  0814                     	;# 
   278  0815                     	;# 
   279  0816                     	;# 
   280  0817                     	;# 
   281  0818                     	;# 
   282  0819                     	;# 
   283  081A                     	;# 
   284  081A                     	;# 
   285  081B                     	;# 
   286  081C                     	;# 
   287  081C                     	;# 
   288  081D                     	;# 
   289  088C                     	;# 
   290  088D                     	;# 
   291  088E                     	;# 
   292  088F                     	;# 
   293  088F                     	;# 
   294  0890                     	;# 
   295  0891                     	;# 
   296  0892                     	;# 
   297  0893                     	;# 
   298  0893                     	;# 
   299  0894                     	;# 
   300  0895                     	;# 
   301  0896                     	;# 
   302  0897                     	;# 
   303  0897                     	;# 
   304  0898                     	;# 
   305  0899                     	;# 
   306  0D8C                     	;# 
   307  0D8C                     	;# 
   308  0D8D                     	;# 
   309  0D8E                     	;# 
   310  0D8F                     	;# 
   311  0D8F                     	;# 
   312  0D90                     	;# 
   313  0D91                     	;# 
   314  0D92                     	;# 
   315  0D92                     	;# 
   316  0D93                     	;# 
   317  0D94                     	;# 
   318  0D95                     	;# 
   319  0D95                     	;# 
   320  0D96                     	;# 
   321  0D97                     	;# 
   322  0D98                     	;# 
   323  0D99                     	;# 
   324  0D9A                     	;# 
   325  0D9B                     	;# 
   326  0D9C                     	;# 
   327  0D9D                     	;# 
   328  0D9E                     	;# 
   329  0D9E                     	;# 
   330  0D9F                     	;# 
   331  0DA0                     	;# 
   332  0DA1                     	;# 
   333  0DA1                     	;# 
   334  0DA2                     	;# 
   335  0DA3                     	;# 
   336  0DA4                     	;# 
   337  0DA4                     	;# 
   338  0DA5                     	;# 
   339  0DA6                     	;# 
   340  0DA7                     	;# 
   341  0DA7                     	;# 
   342  0DA8                     	;# 
   343  0DA9                     	;# 
   344  0DAA                     	;# 
   345  0DAB                     	;# 
   346  0DAC                     	;# 
   347  0DAD                     	;# 
   348  0DAE                     	;# 
   349  0DAF                     	;# 
   350  0E0F                     	;# 
   351  0E10                     	;# 
   352  0E11                     	;# 
   353  0E12                     	;# 
   354  0E13                     	;# 
   355  0E14                     	;# 
   356  0E15                     	;# 
   357  0E16                     	;# 
   358  0E17                     	;# 
   359  0E18                     	;# 
   360  0E19                     	;# 
   361  0E1A                     	;# 
   362  0E1B                     	;# 
   363  0E1C                     	;# 
   364  0E1D                     	;# 
   365  0E1E                     	;# 
   366  0E1F                     	;# 
   367  0E20                     	;# 
   368  0E21                     	;# 
   369  0E22                     	;# 
   370  0E23                     	;# 
   371  0E24                     	;# 
   372  0E25                     	;# 
   373  0E26                     	;# 
   374  0E27                     	;# 
   375  0E28                     	;# 
   376  0E29                     	;# 
   377  0E2A                     	;# 
   378  0E2B                     	;# 
   379  0E2C                     	;# 
   380  0E2D                     	;# 
   381  0E2E                     	;# 
   382  0E90                     	;# 
   383  0E91                     	;# 
   384  0E92                     	;# 
   385  0E94                     	;# 
   386  0E95                     	;# 
   387  0E9C                     	;# 
   388  0E9D                     	;# 
   389  0E9E                     	;# 
   390  0E9F                     	;# 
   391  0EA0                     	;# 
   392  0EA1                     	;# 
   393  0EA2                     	;# 
   394  0EA3                     	;# 
   395  0EA4                     	;# 
   396  0EA5                     	;# 
   397  0EA6                     	;# 
   398  0EA7                     	;# 
   399  0F0F                     	;# 
   400  0F10                     	;# 
   401  0F11                     	;# 
   402  0F12                     	;# 
   403  0F13                     	;# 
   404  0F14                     	;# 
   405  0F15                     	;# 
   406  0F16                     	;# 
   407  0F17                     	;# 
   408  0F18                     	;# 
   409  0F19                     	;# 
   410  0F1A                     	;# 
   411  0F1B                     	;# 
   412  0F1C                     	;# 
   413  0F1D                     	;# 
   414  0F1E                     	;# 
   415  0F1F                     	;# 
   416  0F20                     	;# 
   417  0F21                     	;# 
   418  0F22                     	;# 
   419  0F23                     	;# 
   420  0F24                     	;# 
   421  0F25                     	;# 
   422  0F26                     	;# 
   423  0F27                     	;# 
   424  0F28                     	;# 
   425  0F29                     	;# 
   426  0F2A                     	;# 
   427  0F2B                     	;# 
   428  0F2C                     	;# 
   429  0F2D                     	;# 
   430  0F2E                     	;# 
   431  0F2F                     	;# 
   432  0F30                     	;# 
   433  0F31                     	;# 
   434  0F32                     	;# 
   435  0F33                     	;# 
   436  0F34                     	;# 
   437  0F35                     	;# 
   438  0F36                     	;# 
   439  0F37                     	;# 
   440  0FE4                     	;# 
   441  0FE5                     	;# 
   442  0FE6                     	;# 
   443  0FE7                     	;# 
   444  0FE8                     	;# 
   445  0FE9                     	;# 
   446  0FEA                     	;# 
   447  0FEB                     	;# 
   448  0FED                     	;# 
   449  0FEE                     	;# 
   450  0FEF                     	;# 
   451  0000                     	;# 
   452  0001                     	;# 
   453  0002                     	;# 
   454  0003                     	;# 
   455  0004                     	;# 
   456  0005                     	;# 
   457  0006                     	;# 
   458  0007                     	;# 
   459  0008                     	;# 
   460  0009                     	;# 
   461  000A                     	;# 
   462  000B                     	;# 
   463  000C                     	;# 
   464  000D                     	;# 
   465  000E                     	;# 
   466  0010                     	;# 
   467  0011                     	;# 
   468  0012                     	;# 
   469  0013                     	;# 
   470  0014                     	;# 
   471  0015                     	;# 
   472  0016                     	;# 
   473  0016                     	;# 
   474  0017                     	;# 
   475  0018                     	;# 
   476  0019                     	;# 
   477  001A                     	;# 
   478  001A                     	;# 
   479  001B                     	;# 
   480  001B                     	;# 
   481  001C                     	;# 
   482  001D                     	;# 
   483  001E                     	;# 
   484  001F                     	;# 
   485  008C                     	;# 
   486  008D                     	;# 
   487  008E                     	;# 
   488  0090                     	;# 
   489  0091                     	;# 
   490  0092                     	;# 
   491  0093                     	;# 
   492  0094                     	;# 
   493  0095                     	;# 
   494  0096                     	;# 
   495  0098                     	;# 
   496  0099                     	;# 
   497  009A                     	;# 
   498  009B                     	;# 
   499  009B                     	;# 
   500  009C                     	;# 
   501  009D                     	;# 
   502  009E                     	;# 
   503  009F                     	;# 
   504  010C                     	;# 
   505  010D                     	;# 
   506  010E                     	;# 
   507  0111                     	;# 
   508  0112                     	;# 
   509  0113                     	;# 
   510  0114                     	;# 
   511  0115                     	;# 
   512  0116                     	;# 
   513  0117                     	;# 
   514  0118                     	;# 
   515  0119                     	;# 
   516  011C                     	;# 
   517  018C                     	;# 
   518  018D                     	;# 
   519  018E                     	;# 
   520  0191                     	;# 
   521  0191                     	;# 
   522  0192                     	;# 
   523  0193                     	;# 
   524  0193                     	;# 
   525  0194                     	;# 
   526  0195                     	;# 
   527  0196                     	;# 
   528  0197                     	;# 
   529  0199                     	;# 
   530  0199                     	;# 
   531  0199                     	;# 
   532  019A                     	;# 
   533  019A                     	;# 
   534  019A                     	;# 
   535  019B                     	;# 
   536  019B                     	;# 
   537  019B                     	;# 
   538  019B                     	;# 
   539  019B                     	;# 
   540  019C                     	;# 
   541  019C                     	;# 
   542  019C                     	;# 
   543  019D                     	;# 
   544  019D                     	;# 
   545  019D                     	;# 
   546  019E                     	;# 
   547  019E                     	;# 
   548  019E                     	;# 
   549  019F                     	;# 
   550  019F                     	;# 
   551  019F                     	;# 
   552  019F                     	;# 
   553  019F                     	;# 
   554  020C                     	;# 
   555  020D                     	;# 
   556  020E                     	;# 
   557  0211                     	;# 
   558  0211                     	;# 
   559  0212                     	;# 
   560  0212                     	;# 
   561  0213                     	;# 
   562  0213                     	;# 
   563  0214                     	;# 
   564  0214                     	;# 
   565  0215                     	;# 
   566  0215                     	;# 
   567  0215                     	;# 
   568  0215                     	;# 
   569  0216                     	;# 
   570  0216                     	;# 
   571  0217                     	;# 
   572  0217                     	;# 
   573  028C                     	;# 
   574  028D                     	;# 
   575  028E                     	;# 
   576  0291                     	;# 
   577  0291                     	;# 
   578  0292                     	;# 
   579  0293                     	;# 
   580  0294                     	;# 
   581  0298                     	;# 
   582  0298                     	;# 
   583  0299                     	;# 
   584  029A                     	;# 
   585  029B                     	;# 
   586  029E                     	;# 
   587  030C                     	;# 
   588  030D                     	;# 
   589  030E                     	;# 
   590  038C                     	;# 
   591  038D                     	;# 
   592  038E                     	;# 
   593  0391                     	;# 
   594  0392                     	;# 
   595  0393                     	;# 
   596  0394                     	;# 
   597  0395                     	;# 
   598  0396                     	;# 
   599  0397                     	;# 
   600  0398                     	;# 
   601  0399                     	;# 
   602  040E                     	;# 
   603  0413                     	;# 
   604  0413                     	;# 
   605  0414                     	;# 
   606  0414                     	;# 
   607  0415                     	;# 
   608  0416                     	;# 
   609  0417                     	;# 
   610  0418                     	;# 
   611  041A                     	;# 
   612  041A                     	;# 
   613  041B                     	;# 
   614  041B                     	;# 
   615  041C                     	;# 
   616  041D                     	;# 
   617  041E                     	;# 
   618  041F                     	;# 
   619  0493                     	;# 
   620  0494                     	;# 
   621  0495                     	;# 
   622  0496                     	;# 
   623  049A                     	;# 
   624  049B                     	;# 
   625  049C                     	;# 
   626  049D                     	;# 
   627  058C                     	;# 
   628  058C                     	;# 
   629  058D                     	;# 
   630  058E                     	;# 
   631  058E                     	;# 
   632  058F                     	;# 
   633  0590                     	;# 
   634  0590                     	;# 
   635  0591                     	;# 
   636  0592                     	;# 
   637  0592                     	;# 
   638  0593                     	;# 
   639  0594                     	;# 
   640  0594                     	;# 
   641  0595                     	;# 
   642  0596                     	;# 
   643  0596                     	;# 
   644  0597                     	;# 
   645  0598                     	;# 
   646  0599                     	;# 
   647  059A                     	;# 
   648  059B                     	;# 
   649  059B                     	;# 
   650  059C                     	;# 
   651  059D                     	;# 
   652  060C                     	;# 
   653  060C                     	;# 
   654  060D                     	;# 
   655  060E                     	;# 
   656  060F                     	;# 
   657  060F                     	;# 
   658  0610                     	;# 
   659  0611                     	;# 
   660  0612                     	;# 
   661  0613                     	;# 
   662  0614                     	;# 
   663  0617                     	;# 
   664  0618                     	;# 
   665  0619                     	;# 
   666  061A                     	;# 
   667  061B                     	;# 
   668  061C                     	;# 
   669  0691                     	;# 
   670  0692                     	;# 
   671  0693                     	;# 
   672  0694                     	;# 
   673  0695                     	;# 
   674  0696                     	;# 
   675  0697                     	;# 
   676  0699                     	;# 
   677  069A                     	;# 
   678  0711                     	;# 
   679  0712                     	;# 
   680  0713                     	;# 
   681  0714                     	;# 
   682  0715                     	;# 
   683  0718                     	;# 
   684  0718                     	;# 
   685  0719                     	;# 
   686  071A                     	;# 
   687  071A                     	;# 
   688  071B                     	;# 
   689  071C                     	;# 
   690  071D                     	;# 
   691  0791                     	;# 
   692  0791                     	;# 
   693  0792                     	;# 
   694  0793                     	;# 
   695  0793                     	;# 
   696  0794                     	;# 
   697  0795                     	;# 
   698  0795                     	;# 
   699  0796                     	;# 
   700  0797                     	;# 
   701  0797                     	;# 
   702  0798                     	;# 
   703  0799                     	;# 
   704  079A                     	;# 
   705  080C                     	;# 
   706  080C                     	;# 
   707  080D                     	;# 
   708  080E                     	;# 
   709  080E                     	;# 
   710  080F                     	;# 
   711  0810                     	;# 
   712  0810                     	;# 
   713  0811                     	;# 
   714  0812                     	;# 
   715  0812                     	;# 
   716  0813                     	;# 
   717  0814                     	;# 
   718  0815                     	;# 
   719  0816                     	;# 
   720  0817                     	;# 
   721  0818                     	;# 
   722  0819                     	;# 
   723  081A                     	;# 
   724  081A                     	;# 
   725  081B                     	;# 
   726  081C                     	;# 
   727  081C                     	;# 
   728  081D                     	;# 
   729  088C                     	;# 
   730  088D                     	;# 
   731  088E                     	;# 
   732  088F                     	;# 
   733  088F                     	;# 
   734  0890                     	;# 
   735  0891                     	;# 
   736  0892                     	;# 
   737  0893                     	;# 
   738  0893                     	;# 
   739  0894                     	;# 
   740  0895                     	;# 
   741  0896                     	;# 
   742  0897                     	;# 
   743  0897                     	;# 
   744  0898                     	;# 
   745  0899                     	;# 
   746  0D8C                     	;# 
   747  0D8C                     	;# 
   748  0D8D                     	;# 
   749  0D8E                     	;# 
   750  0D8F                     	;# 
   751  0D8F                     	;# 
   752  0D90                     	;# 
   753  0D91                     	;# 
   754  0D92                     	;# 
   755  0D92                     	;# 
   756  0D93                     	;# 
   757  0D94                     	;# 
   758  0D95                     	;# 
   759  0D95                     	;# 
   760  0D96                     	;# 
   761  0D97                     	;# 
   762  0D98                     	;# 
   763  0D99                     	;# 
   764  0D9A                     	;# 
   765  0D9B                     	;# 
   766  0D9C                     	;# 
   767  0D9D                     	;# 
   768  0D9E                     	;# 
   769  0D9E                     	;# 
   770  0D9F                     	;# 
   771  0DA0                     	;# 
   772  0DA1                     	;# 
   773  0DA1                     	;# 
   774  0DA2                     	;# 
   775  0DA3                     	;# 
   776  0DA4                     	;# 
   777  0DA4                     	;# 
   778  0DA5                     	;# 
   779  0DA6                     	;# 
   780  0DA7                     	;# 
   781  0DA7                     	;# 
   782  0DA8                     	;# 
   783  0DA9                     	;# 
   784  0DAA                     	;# 
   785  0DAB                     	;# 
   786  0DAC                     	;# 
   787  0DAD                     	;# 
   788  0DAE                     	;# 
   789  0DAF                     	;# 
   790  0E0F                     	;# 
   791  0E10                     	;# 
   792  0E11                     	;# 
   793  0E12                     	;# 
   794  0E13                     	;# 
   795  0E14                     	;# 
   796  0E15                     	;# 
   797  0E16                     	;# 
   798  0E17                     	;# 
   799  0E18                     	;# 
   800  0E19                     	;# 
   801  0E1A                     	;# 
   802  0E1B                     	;# 
   803  0E1C                     	;# 
   804  0E1D                     	;# 
   805  0E1E                     	;# 
   806  0E1F                     	;# 
   807  0E20                     	;# 
   808  0E21                     	;# 
   809  0E22                     	;# 
   810  0E23                     	;# 
   811  0E24                     	;# 
   812  0E25                     	;# 
   813  0E26                     	;# 
   814  0E27                     	;# 
   815  0E28                     	;# 
   816  0E29                     	;# 
   817  0E2A                     	;# 
   818  0E2B                     	;# 
   819  0E2C                     	;# 
   820  0E2D                     	;# 
   821  0E2E                     	;# 
   822  0E90                     	;# 
   823  0E91                     	;# 
   824  0E92                     	;# 
   825  0E94                     	;# 
   826  0E95                     	;# 
   827  0E9C                     	;# 
   828  0E9D                     	;# 
   829  0E9E                     	;# 
   830  0E9F                     	;# 
   831  0EA0                     	;# 
   832  0EA1                     	;# 
   833  0EA2                     	;# 
   834  0EA3                     	;# 
   835  0EA4                     	;# 
   836  0EA5                     	;# 
   837  0EA6                     	;# 
   838  0EA7                     	;# 
   839  0F0F                     	;# 
   840  0F10                     	;# 
   841  0F11                     	;# 
   842  0F12                     	;# 
   843  0F13                     	;# 
   844  0F14                     	;# 
   845  0F15                     	;# 
   846  0F16                     	;# 
   847  0F17                     	;# 
   848  0F18                     	;# 
   849  0F19                     	;# 
   850  0F1A                     	;# 
   851  0F1B                     	;# 
   852  0F1C                     	;# 
   853  0F1D                     	;# 
   854  0F1E                     	;# 
   855  0F1F                     	;# 
   856  0F20                     	;# 
   857  0F21                     	;# 
   858  0F22                     	;# 
   859  0F23                     	;# 
   860  0F24                     	;# 
   861  0F25                     	;# 
   862  0F26                     	;# 
   863  0F27                     	;# 
   864  0F28                     	;# 
   865  0F29                     	;# 
   866  0F2A                     	;# 
   867  0F2B                     	;# 
   868  0F2C                     	;# 
   869  0F2D                     	;# 
   870  0F2E                     	;# 
   871  0F2F                     	;# 
   872  0F30                     	;# 
   873  0F31                     	;# 
   874  0F32                     	;# 
   875  0F33                     	;# 
   876  0F34                     	;# 
   877  0F35                     	;# 
   878  0F36                     	;# 
   879  0F37                     	;# 
   880  0FE4                     	;# 
   881  0FE5                     	;# 
   882  0FE6                     	;# 
   883  0FE7                     	;# 
   884  0FE8                     	;# 
   885  0FE9                     	;# 
   886  0FEA                     	;# 
   887  0FEB                     	;# 
   888  0FED                     	;# 
   889  0FEE                     	;# 
   890  0FEF                     	;# 
   891  0000                     	;# 
   892  0001                     	;# 
   893  0002                     	;# 
   894  0003                     	;# 
   895  0004                     	;# 
   896  0005                     	;# 
   897  0006                     	;# 
   898  0007                     	;# 
   899  0008                     	;# 
   900  0009                     	;# 
   901  000A                     	;# 
   902  000B                     	;# 
   903  000C                     	;# 
   904  000D                     	;# 
   905  000E                     	;# 
   906  0010                     	;# 
   907  0011                     	;# 
   908  0012                     	;# 
   909  0013                     	;# 
   910  0014                     	;# 
   911  0015                     	;# 
   912  0016                     	;# 
   913  0016                     	;# 
   914  0017                     	;# 
   915  0018                     	;# 
   916  0019                     	;# 
   917  001A                     	;# 
   918  001A                     	;# 
   919  001B                     	;# 
   920  001B                     	;# 
   921  001C                     	;# 
   922  001D                     	;# 
   923  001E                     	;# 
   924  001F                     	;# 
   925  008C                     	;# 
   926  008D                     	;# 
   927  008E                     	;# 
   928  0090                     	;# 
   929  0091                     	;# 
   930  0092                     	;# 
   931  0093                     	;# 
   932  0094                     	;# 
   933  0095                     	;# 
   934  0096                     	;# 
   935  0098                     	;# 
   936  0099                     	;# 
   937  009A                     	;# 
   938  009B                     	;# 
   939  009B                     	;# 
   940  009C                     	;# 
   941  009D                     	;# 
   942  009E                     	;# 
   943  009F                     	;# 
   944  010C                     	;# 
   945  010D                     	;# 
   946  010E                     	;# 
   947  0111                     	;# 
   948  0112                     	;# 
   949  0113                     	;# 
   950  0114                     	;# 
   951  0115                     	;# 
   952  0116                     	;# 
   953  0117                     	;# 
   954  0118                     	;# 
   955  0119                     	;# 
   956  011C                     	;# 
   957  018C                     	;# 
   958  018D                     	;# 
   959  018E                     	;# 
   960  0191                     	;# 
   961  0191                     	;# 
   962  0192                     	;# 
   963  0193                     	;# 
   964  0193                     	;# 
   965  0194                     	;# 
   966  0195                     	;# 
   967  0196                     	;# 
   968  0197                     	;# 
   969  0199                     	;# 
   970  0199                     	;# 
   971  0199                     	;# 
   972  019A                     	;# 
   973  019A                     	;# 
   974  019A                     	;# 
   975  019B                     	;# 
   976  019B                     	;# 
   977  019B                     	;# 
   978  019B                     	;# 
   979  019B                     	;# 
   980  019C                     	;# 
   981  019C                     	;# 
   982  019C                     	;# 
   983  019D                     	;# 
   984  019D                     	;# 
   985  019D                     	;# 
   986  019E                     	;# 
   987  019E                     	;# 
   988  019E                     	;# 
   989  019F                     	;# 
   990  019F                     	;# 
   991  019F                     	;# 
   992  019F                     	;# 
   993  019F                     	;# 
   994  020C                     	;# 
   995  020D                     	;# 
   996  020E                     	;# 
   997  0211                     	;# 
   998  0211                     	;# 
   999  0212                     	;# 
  1000  0212                     	;# 
  1001  0213                     	;# 
  1002  0213                     	;# 
  1003  0214                     	;# 
  1004  0214                     	;# 
  1005  0215                     	;# 
  1006  0215                     	;# 
  1007  0215                     	;# 
  1008  0215                     	;# 
  1009  0216                     	;# 
  1010  0216                     	;# 
  1011  0217                     	;# 
  1012  0217                     	;# 
  1013  028C                     	;# 
  1014  028D                     	;# 
  1015  028E                     	;# 
  1016  0291                     	;# 
  1017  0291                     	;# 
  1018  0292                     	;# 
  1019  0293                     	;# 
  1020  0294                     	;# 
  1021  0298                     	;# 
  1022  0298                     	;# 
  1023  0299                     	;# 
  1024  029A                     	;# 
  1025  029B                     	;# 
  1026  029E                     	;# 
  1027  030C                     	;# 
  1028  030D                     	;# 
  1029  030E                     	;# 
  1030  038C                     	;# 
  1031  038D                     	;# 
  1032  038E                     	;# 
  1033  0391                     	;# 
  1034  0392                     	;# 
  1035  0393                     	;# 
  1036  0394                     	;# 
  1037  0395                     	;# 
  1038  0396                     	;# 
  1039  0397                     	;# 
  1040  0398                     	;# 
  1041  0399                     	;# 
  1042  040E                     	;# 
  1043  0413                     	;# 
  1044  0413                     	;# 
  1045  0414                     	;# 
  1046  0414                     	;# 
  1047  0415                     	;# 
  1048  0416                     	;# 
  1049  0417                     	;# 
  1050  0418                     	;# 
  1051  041A                     	;# 
  1052  041A                     	;# 
  1053  041B                     	;# 
  1054  041B                     	;# 
  1055  041C                     	;# 
  1056  041D                     	;# 
  1057  041E                     	;# 
  1058  041F                     	;# 
  1059  0493                     	;# 
  1060  0494                     	;# 
  1061  0495                     	;# 
  1062  0496                     	;# 
  1063  049A                     	;# 
  1064  049B                     	;# 
  1065  049C                     	;# 
  1066  049D                     	;# 
  1067  058C                     	;# 
  1068  058C                     	;# 
  1069  058D                     	;# 
  1070  058E                     	;# 
  1071  058E                     	;# 
  1072  058F                     	;# 
  1073  0590                     	;# 
  1074  0590                     	;# 
  1075  0591                     	;# 
  1076  0592                     	;# 
  1077  0592                     	;# 
  1078  0593                     	;# 
  1079  0594                     	;# 
  1080  0594                     	;# 
  1081  0595                     	;# 
  1082  0596                     	;# 
  1083  0596                     	;# 
  1084  0597                     	;# 
  1085  0598                     	;# 
  1086  0599                     	;# 
  1087  059A                     	;# 
  1088  059B                     	;# 
  1089  059B                     	;# 
  1090  059C                     	;# 
  1091  059D                     	;# 
  1092  060C                     	;# 
  1093  060C                     	;# 
  1094  060D                     	;# 
  1095  060E                     	;# 
  1096  060F                     	;# 
  1097  060F                     	;# 
  1098  0610                     	;# 
  1099  0611                     	;# 
  1100  0612                     	;# 
  1101  0613                     	;# 
  1102  0614                     	;# 
  1103  0617                     	;# 
  1104  0618                     	;# 
  1105  0619                     	;# 
  1106  061A                     	;# 
  1107  061B                     	;# 
  1108  061C                     	;# 
  1109  0691                     	;# 
  1110  0692                     	;# 
  1111  0693                     	;# 
  1112  0694                     	;# 
  1113  0695                     	;# 
  1114  0696                     	;# 
  1115  0697                     	;# 
  1116  0699                     	;# 
  1117  069A                     	;# 
  1118  0711                     	;# 
  1119  0712                     	;# 
  1120  0713                     	;# 
  1121  0714                     	;# 
  1122  0715                     	;# 
  1123  0718                     	;# 
  1124  0718                     	;# 
  1125  0719                     	;# 
  1126  071A                     	;# 
  1127  071A                     	;# 
  1128  071B                     	;# 
  1129  071C                     	;# 
  1130  071D                     	;# 
  1131  0791                     	;# 
  1132  0791                     	;# 
  1133  0792                     	;# 
  1134  0793                     	;# 
  1135  0793                     	;# 
  1136  0794                     	;# 
  1137  0795                     	;# 
  1138  0795                     	;# 
  1139  0796                     	;# 
  1140  0797                     	;# 
  1141  0797                     	;# 
  1142  0798                     	;# 
  1143  0799                     	;# 
  1144  079A                     	;# 
  1145  080C                     	;# 
  1146  080C                     	;# 
  1147  080D                     	;# 
  1148  080E                     	;# 
  1149  080E                     	;# 
  1150  080F                     	;# 
  1151  0810                     	;# 
  1152  0810                     	;# 
  1153  0811                     	;# 
  1154  0812                     	;# 
  1155  0812                     	;# 
  1156  0813                     	;# 
  1157  0814                     	;# 
  1158  0815                     	;# 
  1159  0816                     	;# 
  1160  0817                     	;# 
  1161  0818                     	;# 
  1162  0819                     	;# 
  1163  081A                     	;# 
  1164  081A                     	;# 
  1165  081B                     	;# 
  1166  081C                     	;# 
  1167  081C                     	;# 
  1168  081D                     	;# 
  1169  088C                     	;# 
  1170  088D                     	;# 
  1171  088E                     	;# 
  1172  088F                     	;# 
  1173  088F                     	;# 
  1174  0890                     	;# 
  1175  0891                     	;# 
  1176  0892                     	;# 
  1177  0893                     	;# 
  1178  0893                     	;# 
  1179  0894                     	;# 
  1180  0895                     	;# 
  1181  0896                     	;# 
  1182  0897                     	;# 
  1183  0897                     	;# 
  1184  0898                     	;# 
  1185  0899                     	;# 
  1186  0D8C                     	;# 
  1187  0D8C                     	;# 
  1188  0D8D                     	;# 
  1189  0D8E                     	;# 
  1190  0D8F                     	;# 
  1191  0D8F                     	;# 
  1192  0D90                     	;# 
  1193  0D91                     	;# 
  1194  0D92                     	;# 
  1195  0D92                     	;# 
  1196  0D93                     	;# 
  1197  0D94                     	;# 
  1198  0D95                     	;# 
  1199  0D95                     	;# 
  1200  0D96                     	;# 
  1201  0D97                     	;# 
  1202  0D98                     	;# 
  1203  0D99                     	;# 
  1204  0D9A                     	;# 
  1205  0D9B                     	;# 
  1206  0D9C                     	;# 
  1207  0D9D                     	;# 
  1208  0D9E                     	;# 
  1209  0D9E                     	;# 
  1210  0D9F                     	;# 
  1211  0DA0                     	;# 
  1212  0DA1                     	;# 
  1213  0DA1                     	;# 
  1214  0DA2                     	;# 
  1215  0DA3                     	;# 
  1216  0DA4                     	;# 
  1217  0DA4                     	;# 
  1218  0DA5                     	;# 
  1219  0DA6                     	;# 
  1220  0DA7                     	;# 
  1221  0DA7                     	;# 
  1222  0DA8                     	;# 
  1223  0DA9                     	;# 
  1224  0DAA                     	;# 
  1225  0DAB                     	;# 
  1226  0DAC                     	;# 
  1227  0DAD                     	;# 
  1228  0DAE                     	;# 
  1229  0DAF                     	;# 
  1230  0E0F                     	;# 
  1231  0E10                     	;# 
  1232  0E11                     	;# 
  1233  0E12                     	;# 
  1234  0E13                     	;# 
  1235  0E14                     	;# 
  1236  0E15                     	;# 
  1237  0E16                     	;# 
  1238  0E17                     	;# 
  1239  0E18                     	;# 
  1240  0E19                     	;# 
  1241  0E1A                     	;# 
  1242  0E1B                     	;# 
  1243  0E1C                     	;# 
  1244  0E1D                     	;# 
  1245  0E1E                     	;# 
  1246  0E1F                     	;# 
  1247  0E20                     	;# 
  1248  0E21                     	;# 
  1249  0E22                     	;# 
  1250  0E23                     	;# 
  1251  0E24                     	;# 
  1252  0E25                     	;# 
  1253  0E26                     	;# 
  1254  0E27                     	;# 
  1255  0E28                     	;# 
  1256  0E29                     	;# 
  1257  0E2A                     	;# 
  1258  0E2B                     	;# 
  1259  0E2C                     	;# 
  1260  0E2D                     	;# 
  1261  0E2E                     	;# 
  1262  0E90                     	;# 
  1263  0E91                     	;# 
  1264  0E92                     	;# 
  1265  0E94                     	;# 
  1266  0E95                     	;# 
  1267  0E9C                     	;# 
  1268  0E9D                     	;# 
  1269  0E9E                     	;# 
  1270  0E9F                     	;# 
  1271  0EA0                     	;# 
  1272  0EA1                     	;# 
  1273  0EA2                     	;# 
  1274  0EA3                     	;# 
  1275  0EA4                     	;# 
  1276  0EA5                     	;# 
  1277  0EA6                     	;# 
  1278  0EA7                     	;# 
  1279  0F0F                     	;# 
  1280  0F10                     	;# 
  1281  0F11                     	;# 
  1282  0F12                     	;# 
  1283  0F13                     	;# 
  1284  0F14                     	;# 
  1285  0F15                     	;# 
  1286  0F16                     	;# 
  1287  0F17                     	;# 
  1288  0F18                     	;# 
  1289  0F19                     	;# 
  1290  0F1A                     	;# 
  1291  0F1B                     	;# 
  1292  0F1C                     	;# 
  1293  0F1D                     	;# 
  1294  0F1E                     	;# 
  1295  0F1F                     	;# 
  1296  0F20                     	;# 
  1297  0F21                     	;# 
  1298  0F22                     	;# 
  1299  0F23                     	;# 
  1300  0F24                     	;# 
  1301  0F25                     	;# 
  1302  0F26                     	;# 
  1303  0F27                     	;# 
  1304  0F28                     	;# 
  1305  0F29                     	;# 
  1306  0F2A                     	;# 
  1307  0F2B                     	;# 
  1308  0F2C                     	;# 
  1309  0F2D                     	;# 
  1310  0F2E                     	;# 
  1311  0F2F                     	;# 
  1312  0F30                     	;# 
  1313  0F31                     	;# 
  1314  0F32                     	;# 
  1315  0F33                     	;# 
  1316  0F34                     	;# 
  1317  0F35                     	;# 
  1318  0F36                     	;# 
  1319  0F37                     	;# 
  1320  0FE4                     	;# 
  1321  0FE5                     	;# 
  1322  0FE6                     	;# 
  1323  0FE7                     	;# 
  1324  0FE8                     	;# 
  1325  0FE9                     	;# 
  1326  0FEA                     	;# 
  1327  0FEB                     	;# 
  1328  0FED                     	;# 
  1329  0FEE                     	;# 
  1330  0FEF                     	;# 
  1331                           
  1332                           	psect	idataCOMMON
  1333  077B                     __pidataCOMMON:	
  1334                           
  1335                           ;initializer for _ledArr
  1336  077B  3410               	retlw	16
  1337  077C  3420               	retlw	32
  1338  077D  3440               	retlw	64
  1339  077E  3480               	retlw	128
  1340  000B                     _INTCONbits	set	11
  1341  0095                     _OPTION_REGbits	set	149
  1342  0099                     _OSCCON	set	153
  1343  0098                     _OSCTUNE	set	152
  1344  008C                     _TRISA	set	140
  1345  008D                     _TRISB	set	141
  1346  008E                     _TRISC	set	142
  1347  010C                     _LATA	set	268
  1348  010D                     _LATB	set	269
  1349  010E                     _LATC	set	270
  1350  018C                     _ANSELA	set	396
  1351  018D                     _ANSELB	set	397
  1352  018E                     _ANSELC	set	398
  1353  020C                     _WPUA	set	524
  1354  020D                     _WPUB	set	525
  1355  020E                     _WPUC	set	526
  1356                           
  1357                           ; #config settings
  1358  0000                     
  1359                           	psect	cinit
  1360  07EA                     start_initialization:	
  1361  07EA                     __initialization:	
  1362                           
  1363                           ; Clear objects allocated to COMMON
  1364  07EA  01F0               	clrf	__pbssCOMMON& (0+127)
  1365  07EB  01F1               	clrf	(__pbssCOMMON+1)& (0+127)
  1366  07EC  01F2               	clrf	(__pbssCOMMON+2)& (0+127)
  1367  07ED  01F3               	clrf	(__pbssCOMMON+3)& (0+127)
  1368                           
  1369                           ; Initialize objects allocated to COMMON
  1370  07EE  3187  277B  3187   	fcall	__pidataCOMMON	;fetch initializer
  1371  07F1  00F4               	movwf	__pdataCOMMON& (0+127)
  1372  07F2  3187  277C  3187   	fcall	__pidataCOMMON+1	;fetch initializer
  1373  07F5  00F5               	movwf	(__pdataCOMMON+1)& (0+127)
  1374  07F6  3187  277D  3187   	fcall	__pidataCOMMON+2	;fetch initializer
  1375  07F9  00F6               	movwf	(__pdataCOMMON+2)& (0+127)
  1376  07FA  3187  277E         	fcall	__pidataCOMMON+3	;fetch initializer
  1377  07FC  00F7               	movwf	(__pdataCOMMON+3)& (0+127)
  1378  07FD                     end_of_initialization:	
  1379                           ;End of C runtime variable initialization code
  1380                           
  1381  07FD                     __end_of__initialization:	
  1382  07FD  0020               	movlb	0
  1383  07FE  3187  2F7F         	ljmp	_main	;jump to C main() function
  1384                           
  1385                           	psect	bssCOMMON
  1386  0070                     __pbssCOMMON:	
  1387  0070                     _counter:	
  1388  0070                     	ds	2
  1389  0072                     _endCounter:	
  1390  0072                     	ds	2
  1391                           
  1392                           	psect	dataCOMMON
  1393  0074                     __pdataCOMMON:	
  1394  0074                     _ledArr:	
  1395  0074                     	ds	4
  1396                           
  1397                           	psect	cstackCOMMON
  1398  0078                     __pcstackCOMMON:	
  1399  0078                     ?_main:	
  1400  0078                     ??_main:	
  1401                           ; 1 bytes @ 0x0
  1402                           
  1403                           
  1404                           ; 1 bytes @ 0x0
  1405  0078                     	ds	3
  1406                           
  1407                           	psect	maintext
  1408  077F                     __pmaintext:	
  1409 ;;
  1410 ;;Main: autosize = 0, tempsize = 3, incstack = 0, save=0
  1411 ;;
  1412 ;; *************** function _main *****************
  1413 ;; Defined at:
  1414 ;;		line 18 in file "main.c"
  1415 ;; Parameters:    Size  Location     Type
  1416 ;;		None
  1417 ;; Auto vars:     Size  Location     Type
  1418 ;;		None
  1419 ;; Return value:  Size  Location     Type
  1420 ;;                  1    wreg      void 
  1421 ;; Registers used:
  1422 ;;		wreg, fsr1l, fsr1h, status,2, status,0
  1423 ;; Tracked objects:
  1424 ;;		On entry : B1F/0
  1425 ;;		On exit  : 0/0
  1426 ;;		Unchanged: 0/0
  1427 ;; Data sizes:     COMMON   BANK0   BANK1   BANK2   BANK3   BANK4   BANK5   BANK6   BANK7   BANK8   BANK9  BANK10  BANK1
      +1  BANK12
  1428 ;;      Params:         0       0       0       0       0       0       0       0       0       0       0       0       
      +0       0
  1429 ;;      Locals:         0       0       0       0       0       0       0       0       0       0       0       0       
      +0       0
  1430 ;;      Temps:          3       0       0       0       0       0       0       0       0       0       0       0       
      +0       0
  1431 ;;      Totals:         3       0       0       0       0       0       0       0       0       0       0       0       
      +0       0
  1432 ;;Total ram usage:        3 bytes
  1433 ;; This function calls:
  1434 ;;		Nothing
  1435 ;; This function is called by:
  1436 ;;		Startup code after reset
  1437 ;; This function uses a non-reentrant model
  1438 ;;
  1439                           
  1440                           
  1441                           ;psect for function _main
  1442  077F                     _main:	
  1443                           
  1444                           ;main.c: 20: OSCCON = 0b00111000;
  1445                           
  1446                           ;incstack = 0
  1447                           ; Regs used in _main: [wreg+fsr1l+fsr1h+status,2+status,0]
  1448  077F  3038               	movlw	56
  1449  0780  0021               	movlb	1	; select bank1
  1450  0781  0099               	movwf	25	;volatile
  1451                           
  1452                           ;main.c: 21: TRISB = 0b00001111;
  1453  0782  300F               	movlw	15
  1454  0783  008D               	movwf	13	;volatile
  1455                           
  1456                           ;main.c: 23: LATB = 0;
  1457  0784  0022               	movlb	2	; select bank2
  1458  0785  018D               	clrf	13	;volatile
  1459  0786                     l483:	
  1460                           ;main.c: 25: while(1)
  1461                           
  1462                           
  1463                           ;main.c: 26: {
  1464                           ;main.c: 27: _delay((unsigned long)((500)*(500000/4000.0)));
  1465  0786  3052               	movlw	82
  1466  0787  00F9               	movwf	??_main+1
  1467  0788  3029               	movlw	41
  1468  0789  00F8               	movwf	??_main
  1469  078A                     u67:	
  1470  078A  0BF8               	decfsz	??_main,f
  1471  078B  2F8A               	goto	u67
  1472  078C  0BF9               	decfsz	??_main+1,f
  1473  078D  2F8A               	goto	u67
  1474  078E  3200               	nop2
  1475                           
  1476                           ;main.c: 28: LATB = ledArr[counter];
  1477  078F  0870               	movf	_counter,w
  1478  0790  3E74               	addlw	(low (_ledArr| 0))& (0+255)
  1479  0791  0086               	movwf	6
  1480  0792  0187               	clrf	7
  1481  0793  0801               	movf	1,w
  1482  0794  0022               	movlb	2	; select bank2
  1483  0795  008D               	movwf	13	;volatile
  1484                           
  1485                           ;main.c: 30: if(counter == 0)
  1486  0796  0870               	movf	_counter,w
  1487  0797  0471               	iorwf	_counter+1,w
  1488  0798  1D03               	btfss	3,2
  1489  0799  2FA7               	goto	l491
  1490                           
  1491                           ;main.c: 31: _delay((unsigned long)((5000)*(500000/4000.0)));
  1492  079A  3004               	movlw	4
  1493  079B  00FA               	movwf	??_main+2
  1494  079C  302C               	movlw	44
  1495  079D  00F9               	movwf	??_main+1
  1496  079E  30AD               	movlw	173
  1497  079F  00F8               	movwf	??_main
  1498  07A0                     u77:	
  1499  07A0  0BF8               	decfsz	??_main,f
  1500  07A1  2FA0               	goto	u77
  1501  07A2  0BF9               	decfsz	??_main+1,f
  1502  07A3  2FA0               	goto	u77
  1503  07A4  0BFA               	decfsz	??_main+2,f
  1504  07A5  2FA0               	goto	u77
  1505  07A6  3200               	nop2
  1506  07A7                     l491:	
  1507                           
  1508                           ;main.c: 33: if(counter == 2)
  1509  07A7  3002               	movlw	2
  1510  07A8  0670               	xorwf	_counter,w
  1511  07A9  0471               	iorwf	_counter+1,w
  1512  07AA  1D03               	btfss	3,2
  1513  07AB  2FB9               	goto	l495
  1514                           
  1515                           ;main.c: 34: _delay((unsigned long)((10000)*(500000/4000.0)));
  1516  07AC  3007               	movlw	7
  1517  07AD  00FA               	movwf	??_main+2
  1518  07AE  3058               	movlw	88
  1519  07AF  00F9               	movwf	??_main+1
  1520  07B0  305E               	movlw	94
  1521  07B1  00F8               	movwf	??_main
  1522  07B2                     u87:	
  1523  07B2  0BF8               	decfsz	??_main,f
  1524  07B3  2FB2               	goto	u87
  1525  07B4  0BF9               	decfsz	??_main+1,f
  1526  07B5  2FB2               	goto	u87
  1527  07B6  0BFA               	decfsz	??_main+2,f
  1528  07B7  2FB2               	goto	u87
  1529  07B8  3200               	nop2
  1530  07B9                     l495:	
  1531                           
  1532                           ;main.c: 36: if(counter == 3)
  1533  07B9  3003               	movlw	3
  1534  07BA  0670               	xorwf	_counter,w
  1535  07BB  0471               	iorwf	_counter+1,w
  1536  07BC  1D03               	btfss	3,2
  1537  07BD  2FC6               	goto	l68
  1538                           
  1539                           ;main.c: 37: _delay((unsigned long)((1000)*(500000/4000.0)));
  1540  07BE  30A3               	movlw	163
  1541  07BF  00F9               	movwf	??_main+1
  1542  07C0  3055               	movlw	85
  1543  07C1  00F8               	movwf	??_main
  1544  07C2                     u97:	
  1545  07C2  0BF8               	decfsz	??_main,f
  1546  07C3  2FC2               	goto	u97
  1547  07C4  0BF9               	decfsz	??_main+1,f
  1548  07C5  2FC2               	goto	u97
  1549  07C6                     l68:	
  1550                           
  1551                           ;main.c: 39: counter++;
  1552  07C6  3001               	movlw	1
  1553  07C7  07F0               	addwf	_counter,f
  1554  07C8  3000               	movlw	0
  1555  07C9  3DF1               	addwfc	_counter+1,f
  1556                           
  1557                           ;main.c: 41: if(counter == 4)
  1558  07CA  3004               	movlw	4
  1559  07CB  0670               	xorwf	_counter,w
  1560  07CC  0471               	iorwf	_counter+1,w
  1561  07CD  1D03               	btfss	3,2
  1562  07CE  2FD5               	goto	l505
  1563                           
  1564                           ;main.c: 42: {
  1565                           ;main.c: 43: counter = 0;
  1566  07CF  01F0               	clrf	_counter
  1567  07D0  01F1               	clrf	_counter+1
  1568                           
  1569                           ;main.c: 44: endCounter++;
  1570  07D1  3001               	movlw	1
  1571  07D2  07F2               	addwf	_endCounter,f
  1572  07D3  3000               	movlw	0
  1573  07D4  3DF3               	addwfc	_endCounter+1,f
  1574  07D5                     l505:	
  1575                           
  1576                           ;main.c: 45: }
  1577                           ;main.c: 47: if(endCounter == 9)
  1578  07D5  3009               	movlw	9
  1579  07D6  0672               	xorwf	_endCounter,w
  1580  07D7  0473               	iorwf	_endCounter+1,w
  1581  07D8  1D03               	btfss	3,2
  1582  07D9  2F86               	goto	l483
  1583                           
  1584                           ;main.c: 48: {
  1585                           ;main.c: 49: LATB = 0;
  1586  07DA  0022               	movlb	2	; select bank2
  1587  07DB  018D               	clrf	13	;volatile
  1588                           
  1589                           ;main.c: 50: _delay((unsigned long)((5000)*(500000/4000.0)));
  1590  07DC  3004               	movlw	4
  1591  07DD  00FA               	movwf	??_main+2
  1592  07DE  302C               	movlw	44
  1593  07DF  00F9               	movwf	??_main+1
  1594  07E0  30AD               	movlw	173
  1595  07E1  00F8               	movwf	??_main
  1596  07E2                     u107:	
  1597  07E2  0BF8               	decfsz	??_main,f
  1598  07E3  2FE2               	goto	u107
  1599  07E4  0BF9               	decfsz	??_main+1,f
  1600  07E5  2FE2               	goto	u107
  1601  07E6  0BFA               	decfsz	??_main+2,f
  1602  07E7  2FE2               	goto	u107
  1603  07E8  3200               	nop2
  1604  07E9  2F86               	goto	l483
  1605  07EA                     __end_of_main:	
  1606  007E                     btemp	set	126	;btemp
  1607  007E                     wtemp	set	126
  1608  007E                     wtemp0	set	126
  1609  0080                     wtemp1	set	128
  1610  0082                     wtemp2	set	130
  1611  0084                     wtemp3	set	132
  1612  0086                     wtemp4	set	134
  1613  0088                     wtemp5	set	136
  1614  007F                     wtemp6	set	127
  1615  007E                     ttemp	set	126
  1616  007E                     ttemp0	set	126
  1617  0081                     ttemp1	set	129
  1618  0084                     ttemp2	set	132
  1619  0087                     ttemp3	set	135
  1620  007F                     ttemp4	set	127
  1621  007E                     ltemp	set	126
  1622  007E                     ltemp0	set	126
  1623  0082                     ltemp1	set	130
  1624  0086                     ltemp2	set	134
  1625  0080                     ltemp3	set	128


Data Sizes:
    Strings     0
    Constant    0
    Data        4
    BSS         4
    Persistent  0
    Stack       0

Auto Spaces:
    Space          Size  Autos    Used
    COMMON           14      3      11
    BANK0            80      0       0
    BANK1            80      0       0
    BANK2            80      0       0
    BANK3            80      0       0
    BANK4            80      0       0
    BANK5            80      0       0
    BANK6            80      0       0
    BANK7            80      0       0
    BANK8            80      0       0
    BANK9            80      0       0
    BANK10           80      0       0
    BANK11           80      0       0
    BANK12           48      0       0

Pointer List with Targets:

    None.

Critical Paths under _main in COMMON

    None.

Critical Paths under _main in BANK0

    None.

Critical Paths under _main in BANK1

    None.

Critical Paths under _main in BANK2

    None.

Critical Paths under _main in BANK3

    None.

Critical Paths under _main in BANK4

    None.

Critical Paths under _main in BANK5

    None.

Critical Paths under _main in BANK6

    None.

Critical Paths under _main in BANK7

    None.

Critical Paths under _main in BANK8

    None.

Critical Paths under _main in BANK9

    None.

Critical Paths under _main in BANK10

    None.

Critical Paths under _main in BANK11

    None.

Critical Paths under _main in BANK12

    None.

Call Graph Tables:

 ---------------------------------------------------------------------------------
 (Depth) Function   	        Calls       Base Space   Used Autos Params    Refs
 ---------------------------------------------------------------------------------
 (0) _main                                                 3     3      0       0
                                              0 COMMON     3     3      0
 ---------------------------------------------------------------------------------
 Estimated maximum stack depth 0
 ---------------------------------------------------------------------------------

 Call Graph Graphs:

 _main (ROOT)

 Address spaces:
Name               Size   Autos  Total    Cost      Usage
BIGRAM             3F0      0       0       0        0.0%
NULL                 0      0       0       0        0.0%
CODE                 0      0       0       0        0.0%
BITCOMMON            E      0       0       1        0.0%
BITSFR0              0      0       0       1        0.0%
SFR0                 0      0       0       1        0.0%
COMMON               E      3       B       2       78.6%
BITSFR1              0      0       0       2        0.0%
SFR1                 0      0       0       2        0.0%
BITSFR2              0      0       0       3        0.0%
SFR2                 0      0       0       3        0.0%
STACK                0      0       0       3        0.0%
BITBANK0            50      0       0       4        0.0%
BITSFR3              0      0       0       4        0.0%
SFR3                 0      0       0       4        0.0%
BANK0               50      0       0       5        0.0%
BITSFR4              0      0       0       5        0.0%
SFR4                 0      0       0       5        0.0%
BITBANK1            50      0       0       6        0.0%
BITSFR5              0      0       0       6        0.0%
SFR5                 0      0       0       6        0.0%
BANK1               50      0       0       7        0.0%
BITSFR6              0      0       0       7        0.0%
SFR6                 0      0       0       7        0.0%
BITBANK2            50      0       0       8        0.0%
BITSFR7              0      0       0       8        0.0%
SFR7                 0      0       0       8        0.0%
BANK2               50      0       0       9        0.0%
BITSFR8              0      0       0       9        0.0%
SFR8                 0      0       0       9        0.0%
BITBANK3            50      0       0      10        0.0%
BITSFR9              0      0       0      10        0.0%
SFR9                 0      0       0      10        0.0%
BANK3               50      0       0      11        0.0%
BITSFR10             0      0       0      11        0.0%
SFR10                0      0       0      11        0.0%
BITBANK4            50      0       0      12        0.0%
BITSFR11             0      0       0      12        0.0%
SFR11                0      0       0      12        0.0%
BANK4               50      0       0      13        0.0%
BITSFR12             0      0       0      13        0.0%
SFR12                0      0       0      13        0.0%
BITBANK5            50      0       0      14        0.0%
BITSFR13             0      0       0      14        0.0%
SFR13                0      0       0      14        0.0%
BANK5               50      0       0      15        0.0%
BITSFR14             0      0       0      15        0.0%
SFR14                0      0       0      15        0.0%
BITBANK6            50      0       0      16        0.0%
BITSFR15             0      0       0      16        0.0%
SFR15                0      0       0      16        0.0%
BANK6               50      0       0      17        0.0%
BITSFR16             0      0       0      17        0.0%
SFR16                0      0       0      17        0.0%
BITBANK7            50      0       0      18        0.0%
BITSFR17             0      0       0      18        0.0%
SFR17                0      0       0      18        0.0%
BANK7               50      0       0      19        0.0%
BITSFR18             0      0       0      19        0.0%
SFR18                0      0       0      19        0.0%
BITSFR19             0      0       0      20        0.0%
SFR19                0      0       0      20        0.0%
ABS                  0      0       B      20        0.0%
BITBANK8            50      0       0      21        0.0%
BITSFR20             0      0       0      21        0.0%
SFR20                0      0       0      21        0.0%
BANK8               50      0       0      22        0.0%
BITSFR21             0      0       0      22        0.0%
SFR21                0      0       0      22        0.0%
BITBANK9            50      0       0      23        0.0%
BITSFR22             0      0       0      23        0.0%
SFR22                0      0       0      23        0.0%
BANK9               50      0       0      24        0.0%
BITSFR23             0      0       0      24        0.0%
SFR23                0      0       0      24        0.0%
BITBANK10           50      0       0      25        0.0%
BITSFR24             0      0       0      25        0.0%
SFR24                0      0       0      25        0.0%
BANK10              50      0       0      26        0.0%
BITSFR25             0      0       0      26        0.0%
SFR25                0      0       0      26        0.0%
BITBANK11           50      0       0      27        0.0%
BITSFR26             0      0       0      27        0.0%
SFR26                0      0       0      27        0.0%
BANK11              50      0       0      28        0.0%
BITSFR27             0      0       0      28        0.0%
SFR27                0      0       0      28        0.0%
BITBANK12           30      0       0      29        0.0%
BITSFR28             0      0       0      29        0.0%
SFR28                0      0       0      29        0.0%
BANK12              30      0       0      30        0.0%
BITSFR29             0      0       0      30        0.0%
SFR29                0      0       0      30        0.0%
BITSFR30             0      0       0      31        0.0%
SFR30                0      0       0      31        0.0%
DATA                 0      0       B      31        0.0%
BITSFR31             0      0       0      32        0.0%
SFR31                0      0       0      32        0.0%


Microchip Technology PIC Macro Assembler V1.37 build -260352376 
Symbol Table                                                                                   Sun May 29 15:00:11 2016

            __CFG_CP$OFF 0000                       l68 07C6                       u67 078A  
                     u77 07A0                       u87 07B2                       u97 07C2  
            __CFG_LVP$ON 0000                      l505 07D5                      l491 07A7  
                    l483 0786                      l495 07B9                      u107 07E2  
           __CFG_BORV$LO 0000             __CFG_IESO$ON 0000             __CFG_ZCD$OFF 0000  
                   _LATA 010C                     _LATB 010D                     _LATC 010E  
                   _WPUA 020C                     _WPUB 020D                     _WPUC 020E  
           __CFG_WRT$OFF 0000            __CFG_FCMEN$ON 0000                     _main 077F  
                   fsr1h 0007                     indf1 0001                     fsr1l 0006  
                   btemp 007E            __CFG_BOREN$ON 0000                     ltemp 007E  
                   start 0002                     ttemp 007E                     wtemp 007E  
          __CFG_MCLRE$ON 0000            __CFG_PLLEN$ON 0000                    ?_main 0078  
          __CFG_WDTE$OFF 0000                    _TRISA 008C                    _TRISB 008D  
                  _TRISC 008E                    ltemp0 007E                    ltemp1 0082  
                  ltemp2 0086                    ltemp3 0080                    ttemp0 007E  
                  ttemp1 0081                    ttemp2 0084                    ttemp3 0087  
                  ttemp4 007F                    status 0003                    wtemp0 007E  
                  wtemp1 0080                    wtemp2 0082                    wtemp3 0084  
                  wtemp4 0086                    wtemp5 0088                    wtemp6 007F  
        __initialization 07EA             __end_of_main 07EA           __CFG_LPBOR$OFF 0000  
                 ??_main 0078                   _ANSELA 018C                   _ANSELB 018D  
                 _ANSELC 018E                   _OSCCON 0099           __CFG_PWRTE$OFF 0000  
         __CFG_STVREN$ON 0000                   _ledArr 0074             __pdataCOMMON 0074  
__end_of__initialization 07FD           __pcstackCOMMON 0078           _OPTION_REGbits 0095  
             _endCounter 0072               __pmaintext 077F          __CFG_PPS1WAY$ON 0000  
        __CFG_WDTCCS$SWC 0000                  _OSCTUNE 0098                  _counter 0070  
   end_of_initialization 07FD         __CFG_FOSC$INTOSC 0000            __pidataCOMMON 077B  
    start_initialization 07EA              __pbssCOMMON 0070                ___latbits 0002  
   __CFG_WDTCPS$WDTCPS1F 0000            __size_of_main 006B     __CFG_WDTCWS$WDTCWSSW 0000  
             _INTCONbits 000B        __CFG_CLKOUTEN$OFF 0000  
