

Microchip Technology PIC LITE Macro Assembler V1.37 build -260352376 
                                                                                               Wed May 18 19:38:26 2016

Microchip Technology Omniscient Code Generator v1.37 (Free mode) build 201603110536
     1                           	processor	16F1619
     2                           	opt	pw 120
     3                           	opt	lm
     4                           	psect	cinit,global,class=CODE,merge=1,delta=2
     5                           	psect	cstackCOMMON,global,class=COMMON,space=1,delta=1
     6                           	psect	maintext,global,class=CODE,merge=1,split=1,delta=2
     7                           	dabs	1,0x7E,2
     8  0000                     	;# 
     9  0001                     	;# 
    10  0002                     	;# 
    11  0003                     	;# 
    12  0004                     	;# 
    13  0005                     	;# 
    14  0006                     	;# 
    15  0007                     	;# 
    16  0008                     	;# 
    17  0009                     	;# 
    18  000A                     	;# 
    19  000B                     	;# 
    20  000C                     	;# 
    21  000D                     	;# 
    22  000E                     	;# 
    23  0010                     	;# 
    24  0011                     	;# 
    25  0012                     	;# 
    26  0013                     	;# 
    27  0014                     	;# 
    28  0015                     	;# 
    29  0016                     	;# 
    30  0016                     	;# 
    31  0017                     	;# 
    32  0018                     	;# 
    33  0019                     	;# 
    34  001A                     	;# 
    35  001A                     	;# 
    36  001B                     	;# 
    37  001B                     	;# 
    38  001C                     	;# 
    39  001D                     	;# 
    40  001E                     	;# 
    41  001F                     	;# 
    42  008C                     	;# 
    43  008D                     	;# 
    44  008E                     	;# 
    45  0090                     	;# 
    46  0091                     	;# 
    47  0092                     	;# 
    48  0093                     	;# 
    49  0094                     	;# 
    50  0095                     	;# 
    51  0096                     	;# 
    52  0098                     	;# 
    53  0099                     	;# 
    54  009A                     	;# 
    55  009B                     	;# 
    56  009B                     	;# 
    57  009C                     	;# 
    58  009D                     	;# 
    59  009E                     	;# 
    60  009F                     	;# 
    61  010C                     	;# 
    62  010D                     	;# 
    63  010E                     	;# 
    64  0111                     	;# 
    65  0112                     	;# 
    66  0113                     	;# 
    67  0114                     	;# 
    68  0115                     	;# 
    69  0116                     	;# 
    70  0117                     	;# 
    71  0118                     	;# 
    72  0119                     	;# 
    73  011C                     	;# 
    74  018C                     	;# 
    75  018D                     	;# 
    76  018E                     	;# 
    77  0191                     	;# 
    78  0191                     	;# 
    79  0192                     	;# 
    80  0193                     	;# 
    81  0193                     	;# 
    82  0194                     	;# 
    83  0195                     	;# 
    84  0196                     	;# 
    85  0197                     	;# 
    86  0199                     	;# 
    87  0199                     	;# 
    88  0199                     	;# 
    89  019A                     	;# 
    90  019A                     	;# 
    91  019A                     	;# 
    92  019B                     	;# 
    93  019B                     	;# 
    94  019B                     	;# 
    95  019B                     	;# 
    96  019B                     	;# 
    97  019C                     	;# 
    98  019C                     	;# 
    99  019C                     	;# 
   100  019D                     	;# 
   101  019D                     	;# 
   102  019D                     	;# 
   103  019E                     	;# 
   104  019E                     	;# 
   105  019E                     	;# 
   106  019F                     	;# 
   107  019F                     	;# 
   108  019F                     	;# 
   109  019F                     	;# 
   110  019F                     	;# 
   111  020C                     	;# 
   112  020D                     	;# 
   113  020E                     	;# 
   114  0211                     	;# 
   115  0211                     	;# 
   116  0212                     	;# 
   117  0212                     	;# 
   118  0213                     	;# 
   119  0213                     	;# 
   120  0214                     	;# 
   121  0214                     	;# 
   122  0215                     	;# 
   123  0215                     	;# 
   124  0215                     	;# 
   125  0215                     	;# 
   126  0216                     	;# 
   127  0216                     	;# 
   128  0217                     	;# 
   129  0217                     	;# 
   130  028C                     	;# 
   131  028D                     	;# 
   132  028E                     	;# 
   133  0291                     	;# 
   134  0291                     	;# 
   135  0292                     	;# 
   136  0293                     	;# 
   137  0294                     	;# 
   138  0298                     	;# 
   139  0298                     	;# 
   140  0299                     	;# 
   141  029A                     	;# 
   142  029B                     	;# 
   143  029E                     	;# 
   144  030C                     	;# 
   145  030D                     	;# 
   146  030E                     	;# 
   147  038C                     	;# 
   148  038D                     	;# 
   149  038E                     	;# 
   150  0391                     	;# 
   151  0392                     	;# 
   152  0393                     	;# 
   153  0394                     	;# 
   154  0395                     	;# 
   155  0396                     	;# 
   156  0397                     	;# 
   157  0398                     	;# 
   158  0399                     	;# 
   159  040E                     	;# 
   160  0413                     	;# 
   161  0413                     	;# 
   162  0414                     	;# 
   163  0414                     	;# 
   164  0415                     	;# 
   165  0416                     	;# 
   166  0417                     	;# 
   167  0418                     	;# 
   168  041A                     	;# 
   169  041A                     	;# 
   170  041B                     	;# 
   171  041B                     	;# 
   172  041C                     	;# 
   173  041D                     	;# 
   174  041E                     	;# 
   175  041F                     	;# 
   176  0493                     	;# 
   177  0494                     	;# 
   178  0495                     	;# 
   179  0496                     	;# 
   180  049A                     	;# 
   181  049B                     	;# 
   182  049C                     	;# 
   183  049D                     	;# 
   184  058C                     	;# 
   185  058C                     	;# 
   186  058D                     	;# 
   187  058E                     	;# 
   188  058E                     	;# 
   189  058F                     	;# 
   190  0590                     	;# 
   191  0590                     	;# 
   192  0591                     	;# 
   193  0592                     	;# 
   194  0592                     	;# 
   195  0593                     	;# 
   196  0594                     	;# 
   197  0594                     	;# 
   198  0595                     	;# 
   199  0596                     	;# 
   200  0596                     	;# 
   201  0597                     	;# 
   202  0598                     	;# 
   203  0599                     	;# 
   204  059A                     	;# 
   205  059B                     	;# 
   206  059B                     	;# 
   207  059C                     	;# 
   208  059D                     	;# 
   209  060C                     	;# 
   210  060C                     	;# 
   211  060D                     	;# 
   212  060E                     	;# 
   213  060F                     	;# 
   214  060F                     	;# 
   215  0610                     	;# 
   216  0611                     	;# 
   217  0612                     	;# 
   218  0613                     	;# 
   219  0614                     	;# 
   220  0617                     	;# 
   221  0618                     	;# 
   222  0619                     	;# 
   223  061A                     	;# 
   224  061B                     	;# 
   225  061C                     	;# 
   226  0691                     	;# 
   227  0692                     	;# 
   228  0693                     	;# 
   229  0694                     	;# 
   230  0695                     	;# 
   231  0696                     	;# 
   232  0697                     	;# 
   233  0699                     	;# 
   234  069A                     	;# 
   235  0711                     	;# 
   236  0712                     	;# 
   237  0713                     	;# 
   238  0714                     	;# 
   239  0715                     	;# 
   240  0718                     	;# 
   241  0718                     	;# 
   242  0719                     	;# 
   243  071A                     	;# 
   244  071A                     	;# 
   245  071B                     	;# 
   246  071C                     	;# 
   247  071D                     	;# 
   248  0791                     	;# 
   249  0791                     	;# 
   250  0792                     	;# 
   251  0793                     	;# 
   252  0793                     	;# 
   253  0794                     	;# 
   254  0795                     	;# 
   255  0795                     	;# 
   256  0796                     	;# 
   257  0797                     	;# 
   258  0797                     	;# 
   259  0798                     	;# 
   260  0799                     	;# 
   261  079A                     	;# 
   262  080C                     	;# 
   263  080C                     	;# 
   264  080D                     	;# 
   265  080E                     	;# 
   266  080E                     	;# 
   267  080F                     	;# 
   268  0810                     	;# 
   269  0810                     	;# 
   270  0811                     	;# 
   271  0812                     	;# 
   272  0812                     	;# 
   273  0813                     	;# 
   274  0814                     	;# 
   275  0815                     	;# 
   276  0816                     	;# 
   277  0817                     	;# 
   278  0818                     	;# 
   279  0819                     	;# 
   280  081A                     	;# 
   281  081A                     	;# 
   282  081B                     	;# 
   283  081C                     	;# 
   284  081C                     	;# 
   285  081D                     	;# 
   286  088C                     	;# 
   287  088D                     	;# 
   288  088E                     	;# 
   289  088F                     	;# 
   290  088F                     	;# 
   291  0890                     	;# 
   292  0891                     	;# 
   293  0892                     	;# 
   294  0893                     	;# 
   295  0893                     	;# 
   296  0894                     	;# 
   297  0895                     	;# 
   298  0896                     	;# 
   299  0897                     	;# 
   300  0897                     	;# 
   301  0898                     	;# 
   302  0899                     	;# 
   303  0D8C                     	;# 
   304  0D8C                     	;# 
   305  0D8D                     	;# 
   306  0D8E                     	;# 
   307  0D8F                     	;# 
   308  0D8F                     	;# 
   309  0D90                     	;# 
   310  0D91                     	;# 
   311  0D92                     	;# 
   312  0D92                     	;# 
   313  0D93                     	;# 
   314  0D94                     	;# 
   315  0D95                     	;# 
   316  0D95                     	;# 
   317  0D96                     	;# 
   318  0D97                     	;# 
   319  0D98                     	;# 
   320  0D99                     	;# 
   321  0D9A                     	;# 
   322  0D9B                     	;# 
   323  0D9C                     	;# 
   324  0D9D                     	;# 
   325  0D9E                     	;# 
   326  0D9E                     	;# 
   327  0D9F                     	;# 
   328  0DA0                     	;# 
   329  0DA1                     	;# 
   330  0DA1                     	;# 
   331  0DA2                     	;# 
   332  0DA3                     	;# 
   333  0DA4                     	;# 
   334  0DA4                     	;# 
   335  0DA5                     	;# 
   336  0DA6                     	;# 
   337  0DA7                     	;# 
   338  0DA7                     	;# 
   339  0DA8                     	;# 
   340  0DA9                     	;# 
   341  0DAA                     	;# 
   342  0DAB                     	;# 
   343  0DAC                     	;# 
   344  0DAD                     	;# 
   345  0DAE                     	;# 
   346  0DAF                     	;# 
   347  0E0F                     	;# 
   348  0E10                     	;# 
   349  0E11                     	;# 
   350  0E12                     	;# 
   351  0E13                     	;# 
   352  0E14                     	;# 
   353  0E15                     	;# 
   354  0E16                     	;# 
   355  0E17                     	;# 
   356  0E18                     	;# 
   357  0E19                     	;# 
   358  0E1A                     	;# 
   359  0E1B                     	;# 
   360  0E1C                     	;# 
   361  0E1D                     	;# 
   362  0E1E                     	;# 
   363  0E1F                     	;# 
   364  0E20                     	;# 
   365  0E21                     	;# 
   366  0E22                     	;# 
   367  0E23                     	;# 
   368  0E24                     	;# 
   369  0E25                     	;# 
   370  0E26                     	;# 
   371  0E27                     	;# 
   372  0E28                     	;# 
   373  0E29                     	;# 
   374  0E2A                     	;# 
   375  0E2B                     	;# 
   376  0E2C                     	;# 
   377  0E2D                     	;# 
   378  0E2E                     	;# 
   379  0E90                     	;# 
   380  0E91                     	;# 
   381  0E92                     	;# 
   382  0E94                     	;# 
   383  0E95                     	;# 
   384  0E9C                     	;# 
   385  0E9D                     	;# 
   386  0E9E                     	;# 
   387  0E9F                     	;# 
   388  0EA0                     	;# 
   389  0EA1                     	;# 
   390  0EA2                     	;# 
   391  0EA3                     	;# 
   392  0EA4                     	;# 
   393  0EA5                     	;# 
   394  0EA6                     	;# 
   395  0EA7                     	;# 
   396  0F0F                     	;# 
   397  0F10                     	;# 
   398  0F11                     	;# 
   399  0F12                     	;# 
   400  0F13                     	;# 
   401  0F14                     	;# 
   402  0F15                     	;# 
   403  0F16                     	;# 
   404  0F17                     	;# 
   405  0F18                     	;# 
   406  0F19                     	;# 
   407  0F1A                     	;# 
   408  0F1B                     	;# 
   409  0F1C                     	;# 
   410  0F1D                     	;# 
   411  0F1E                     	;# 
   412  0F1F                     	;# 
   413  0F20                     	;# 
   414  0F21                     	;# 
   415  0F22                     	;# 
   416  0F23                     	;# 
   417  0F24                     	;# 
   418  0F25                     	;# 
   419  0F26                     	;# 
   420  0F27                     	;# 
   421  0F28                     	;# 
   422  0F29                     	;# 
   423  0F2A                     	;# 
   424  0F2B                     	;# 
   425  0F2C                     	;# 
   426  0F2D                     	;# 
   427  0F2E                     	;# 
   428  0F2F                     	;# 
   429  0F30                     	;# 
   430  0F31                     	;# 
   431  0F32                     	;# 
   432  0F33                     	;# 
   433  0F34                     	;# 
   434  0F35                     	;# 
   435  0F36                     	;# 
   436  0F37                     	;# 
   437  0FE4                     	;# 
   438  0FE5                     	;# 
   439  0FE6                     	;# 
   440  0FE7                     	;# 
   441  0FE8                     	;# 
   442  0FE9                     	;# 
   443  0FEA                     	;# 
   444  0FEB                     	;# 
   445  0FED                     	;# 
   446  0FEE                     	;# 
   447  0FEF                     	;# 
   448  0000                     	;# 
   449  0001                     	;# 
   450  0002                     	;# 
   451  0003                     	;# 
   452  0004                     	;# 
   453  0005                     	;# 
   454  0006                     	;# 
   455  0007                     	;# 
   456  0008                     	;# 
   457  0009                     	;# 
   458  000A                     	;# 
   459  000B                     	;# 
   460  000C                     	;# 
   461  000D                     	;# 
   462  000E                     	;# 
   463  0010                     	;# 
   464  0011                     	;# 
   465  0012                     	;# 
   466  0013                     	;# 
   467  0014                     	;# 
   468  0015                     	;# 
   469  0016                     	;# 
   470  0016                     	;# 
   471  0017                     	;# 
   472  0018                     	;# 
   473  0019                     	;# 
   474  001A                     	;# 
   475  001A                     	;# 
   476  001B                     	;# 
   477  001B                     	;# 
   478  001C                     	;# 
   479  001D                     	;# 
   480  001E                     	;# 
   481  001F                     	;# 
   482  008C                     	;# 
   483  008D                     	;# 
   484  008E                     	;# 
   485  0090                     	;# 
   486  0091                     	;# 
   487  0092                     	;# 
   488  0093                     	;# 
   489  0094                     	;# 
   490  0095                     	;# 
   491  0096                     	;# 
   492  0098                     	;# 
   493  0099                     	;# 
   494  009A                     	;# 
   495  009B                     	;# 
   496  009B                     	;# 
   497  009C                     	;# 
   498  009D                     	;# 
   499  009E                     	;# 
   500  009F                     	;# 
   501  010C                     	;# 
   502  010D                     	;# 
   503  010E                     	;# 
   504  0111                     	;# 
   505  0112                     	;# 
   506  0113                     	;# 
   507  0114                     	;# 
   508  0115                     	;# 
   509  0116                     	;# 
   510  0117                     	;# 
   511  0118                     	;# 
   512  0119                     	;# 
   513  011C                     	;# 
   514  018C                     	;# 
   515  018D                     	;# 
   516  018E                     	;# 
   517  0191                     	;# 
   518  0191                     	;# 
   519  0192                     	;# 
   520  0193                     	;# 
   521  0193                     	;# 
   522  0194                     	;# 
   523  0195                     	;# 
   524  0196                     	;# 
   525  0197                     	;# 
   526  0199                     	;# 
   527  0199                     	;# 
   528  0199                     	;# 
   529  019A                     	;# 
   530  019A                     	;# 
   531  019A                     	;# 
   532  019B                     	;# 
   533  019B                     	;# 
   534  019B                     	;# 
   535  019B                     	;# 
   536  019B                     	;# 
   537  019C                     	;# 
   538  019C                     	;# 
   539  019C                     	;# 
   540  019D                     	;# 
   541  019D                     	;# 
   542  019D                     	;# 
   543  019E                     	;# 
   544  019E                     	;# 
   545  019E                     	;# 
   546  019F                     	;# 
   547  019F                     	;# 
   548  019F                     	;# 
   549  019F                     	;# 
   550  019F                     	;# 
   551  020C                     	;# 
   552  020D                     	;# 
   553  020E                     	;# 
   554  0211                     	;# 
   555  0211                     	;# 
   556  0212                     	;# 
   557  0212                     	;# 
   558  0213                     	;# 
   559  0213                     	;# 
   560  0214                     	;# 
   561  0214                     	;# 
   562  0215                     	;# 
   563  0215                     	;# 
   564  0215                     	;# 
   565  0215                     	;# 
   566  0216                     	;# 
   567  0216                     	;# 
   568  0217                     	;# 
   569  0217                     	;# 
   570  028C                     	;# 
   571  028D                     	;# 
   572  028E                     	;# 
   573  0291                     	;# 
   574  0291                     	;# 
   575  0292                     	;# 
   576  0293                     	;# 
   577  0294                     	;# 
   578  0298                     	;# 
   579  0298                     	;# 
   580  0299                     	;# 
   581  029A                     	;# 
   582  029B                     	;# 
   583  029E                     	;# 
   584  030C                     	;# 
   585  030D                     	;# 
   586  030E                     	;# 
   587  038C                     	;# 
   588  038D                     	;# 
   589  038E                     	;# 
   590  0391                     	;# 
   591  0392                     	;# 
   592  0393                     	;# 
   593  0394                     	;# 
   594  0395                     	;# 
   595  0396                     	;# 
   596  0397                     	;# 
   597  0398                     	;# 
   598  0399                     	;# 
   599  040E                     	;# 
   600  0413                     	;# 
   601  0413                     	;# 
   602  0414                     	;# 
   603  0414                     	;# 
   604  0415                     	;# 
   605  0416                     	;# 
   606  0417                     	;# 
   607  0418                     	;# 
   608  041A                     	;# 
   609  041A                     	;# 
   610  041B                     	;# 
   611  041B                     	;# 
   612  041C                     	;# 
   613  041D                     	;# 
   614  041E                     	;# 
   615  041F                     	;# 
   616  0493                     	;# 
   617  0494                     	;# 
   618  0495                     	;# 
   619  0496                     	;# 
   620  049A                     	;# 
   621  049B                     	;# 
   622  049C                     	;# 
   623  049D                     	;# 
   624  058C                     	;# 
   625  058C                     	;# 
   626  058D                     	;# 
   627  058E                     	;# 
   628  058E                     	;# 
   629  058F                     	;# 
   630  0590                     	;# 
   631  0590                     	;# 
   632  0591                     	;# 
   633  0592                     	;# 
   634  0592                     	;# 
   635  0593                     	;# 
   636  0594                     	;# 
   637  0594                     	;# 
   638  0595                     	;# 
   639  0596                     	;# 
   640  0596                     	;# 
   641  0597                     	;# 
   642  0598                     	;# 
   643  0599                     	;# 
   644  059A                     	;# 
   645  059B                     	;# 
   646  059B                     	;# 
   647  059C                     	;# 
   648  059D                     	;# 
   649  060C                     	;# 
   650  060C                     	;# 
   651  060D                     	;# 
   652  060E                     	;# 
   653  060F                     	;# 
   654  060F                     	;# 
   655  0610                     	;# 
   656  0611                     	;# 
   657  0612                     	;# 
   658  0613                     	;# 
   659  0614                     	;# 
   660  0617                     	;# 
   661  0618                     	;# 
   662  0619                     	;# 
   663  061A                     	;# 
   664  061B                     	;# 
   665  061C                     	;# 
   666  0691                     	;# 
   667  0692                     	;# 
   668  0693                     	;# 
   669  0694                     	;# 
   670  0695                     	;# 
   671  0696                     	;# 
   672  0697                     	;# 
   673  0699                     	;# 
   674  069A                     	;# 
   675  0711                     	;# 
   676  0712                     	;# 
   677  0713                     	;# 
   678  0714                     	;# 
   679  0715                     	;# 
   680  0718                     	;# 
   681  0718                     	;# 
   682  0719                     	;# 
   683  071A                     	;# 
   684  071A                     	;# 
   685  071B                     	;# 
   686  071C                     	;# 
   687  071D                     	;# 
   688  0791                     	;# 
   689  0791                     	;# 
   690  0792                     	;# 
   691  0793                     	;# 
   692  0793                     	;# 
   693  0794                     	;# 
   694  0795                     	;# 
   695  0795                     	;# 
   696  0796                     	;# 
   697  0797                     	;# 
   698  0797                     	;# 
   699  0798                     	;# 
   700  0799                     	;# 
   701  079A                     	;# 
   702  080C                     	;# 
   703  080C                     	;# 
   704  080D                     	;# 
   705  080E                     	;# 
   706  080E                     	;# 
   707  080F                     	;# 
   708  0810                     	;# 
   709  0810                     	;# 
   710  0811                     	;# 
   711  0812                     	;# 
   712  0812                     	;# 
   713  0813                     	;# 
   714  0814                     	;# 
   715  0815                     	;# 
   716  0816                     	;# 
   717  0817                     	;# 
   718  0818                     	;# 
   719  0819                     	;# 
   720  081A                     	;# 
   721  081A                     	;# 
   722  081B                     	;# 
   723  081C                     	;# 
   724  081C                     	;# 
   725  081D                     	;# 
   726  088C                     	;# 
   727  088D                     	;# 
   728  088E                     	;# 
   729  088F                     	;# 
   730  088F                     	;# 
   731  0890                     	;# 
   732  0891                     	;# 
   733  0892                     	;# 
   734  0893                     	;# 
   735  0893                     	;# 
   736  0894                     	;# 
   737  0895                     	;# 
   738  0896                     	;# 
   739  0897                     	;# 
   740  0897                     	;# 
   741  0898                     	;# 
   742  0899                     	;# 
   743  0D8C                     	;# 
   744  0D8C                     	;# 
   745  0D8D                     	;# 
   746  0D8E                     	;# 
   747  0D8F                     	;# 
   748  0D8F                     	;# 
   749  0D90                     	;# 
   750  0D91                     	;# 
   751  0D92                     	;# 
   752  0D92                     	;# 
   753  0D93                     	;# 
   754  0D94                     	;# 
   755  0D95                     	;# 
   756  0D95                     	;# 
   757  0D96                     	;# 
   758  0D97                     	;# 
   759  0D98                     	;# 
   760  0D99                     	;# 
   761  0D9A                     	;# 
   762  0D9B                     	;# 
   763  0D9C                     	;# 
   764  0D9D                     	;# 
   765  0D9E                     	;# 
   766  0D9E                     	;# 
   767  0D9F                     	;# 
   768  0DA0                     	;# 
   769  0DA1                     	;# 
   770  0DA1                     	;# 
   771  0DA2                     	;# 
   772  0DA3                     	;# 
   773  0DA4                     	;# 
   774  0DA4                     	;# 
   775  0DA5                     	;# 
   776  0DA6                     	;# 
   777  0DA7                     	;# 
   778  0DA7                     	;# 
   779  0DA8                     	;# 
   780  0DA9                     	;# 
   781  0DAA                     	;# 
   782  0DAB                     	;# 
   783  0DAC                     	;# 
   784  0DAD                     	;# 
   785  0DAE                     	;# 
   786  0DAF                     	;# 
   787  0E0F                     	;# 
   788  0E10                     	;# 
   789  0E11                     	;# 
   790  0E12                     	;# 
   791  0E13                     	;# 
   792  0E14                     	;# 
   793  0E15                     	;# 
   794  0E16                     	;# 
   795  0E17                     	;# 
   796  0E18                     	;# 
   797  0E19                     	;# 
   798  0E1A                     	;# 
   799  0E1B                     	;# 
   800  0E1C                     	;# 
   801  0E1D                     	;# 
   802  0E1E                     	;# 
   803  0E1F                     	;# 
   804  0E20                     	;# 
   805  0E21                     	;# 
   806  0E22                     	;# 
   807  0E23                     	;# 
   808  0E24                     	;# 
   809  0E25                     	;# 
   810  0E26                     	;# 
   811  0E27                     	;# 
   812  0E28                     	;# 
   813  0E29                     	;# 
   814  0E2A                     	;# 
   815  0E2B                     	;# 
   816  0E2C                     	;# 
   817  0E2D                     	;# 
   818  0E2E                     	;# 
   819  0E90                     	;# 
   820  0E91                     	;# 
   821  0E92                     	;# 
   822  0E94                     	;# 
   823  0E95                     	;# 
   824  0E9C                     	;# 
   825  0E9D                     	;# 
   826  0E9E                     	;# 
   827  0E9F                     	;# 
   828  0EA0                     	;# 
   829  0EA1                     	;# 
   830  0EA2                     	;# 
   831  0EA3                     	;# 
   832  0EA4                     	;# 
   833  0EA5                     	;# 
   834  0EA6                     	;# 
   835  0EA7                     	;# 
   836  0F0F                     	;# 
   837  0F10                     	;# 
   838  0F11                     	;# 
   839  0F12                     	;# 
   840  0F13                     	;# 
   841  0F14                     	;# 
   842  0F15                     	;# 
   843  0F16                     	;# 
   844  0F17                     	;# 
   845  0F18                     	;# 
   846  0F19                     	;# 
   847  0F1A                     	;# 
   848  0F1B                     	;# 
   849  0F1C                     	;# 
   850  0F1D                     	;# 
   851  0F1E                     	;# 
   852  0F1F                     	;# 
   853  0F20                     	;# 
   854  0F21                     	;# 
   855  0F22                     	;# 
   856  0F23                     	;# 
   857  0F24                     	;# 
   858  0F25                     	;# 
   859  0F26                     	;# 
   860  0F27                     	;# 
   861  0F28                     	;# 
   862  0F29                     	;# 
   863  0F2A                     	;# 
   864  0F2B                     	;# 
   865  0F2C                     	;# 
   866  0F2D                     	;# 
   867  0F2E                     	;# 
   868  0F2F                     	;# 
   869  0F30                     	;# 
   870  0F31                     	;# 
   871  0F32                     	;# 
   872  0F33                     	;# 
   873  0F34                     	;# 
   874  0F35                     	;# 
   875  0F36                     	;# 
   876  0F37                     	;# 
   877  0FE4                     	;# 
   878  0FE5                     	;# 
   879  0FE6                     	;# 
   880  0FE7                     	;# 
   881  0FE8                     	;# 
   882  0FE9                     	;# 
   883  0FEA                     	;# 
   884  0FEB                     	;# 
   885  0FED                     	;# 
   886  0FEE                     	;# 
   887  0FEF                     	;# 
   888  0000                     	;# 
   889  0001                     	;# 
   890  0002                     	;# 
   891  0003                     	;# 
   892  0004                     	;# 
   893  0005                     	;# 
   894  0006                     	;# 
   895  0007                     	;# 
   896  0008                     	;# 
   897  0009                     	;# 
   898  000A                     	;# 
   899  000B                     	;# 
   900  000C                     	;# 
   901  000D                     	;# 
   902  000E                     	;# 
   903  0010                     	;# 
   904  0011                     	;# 
   905  0012                     	;# 
   906  0013                     	;# 
   907  0014                     	;# 
   908  0015                     	;# 
   909  0016                     	;# 
   910  0016                     	;# 
   911  0017                     	;# 
   912  0018                     	;# 
   913  0019                     	;# 
   914  001A                     	;# 
   915  001A                     	;# 
   916  001B                     	;# 
   917  001B                     	;# 
   918  001C                     	;# 
   919  001D                     	;# 
   920  001E                     	;# 
   921  001F                     	;# 
   922  008C                     	;# 
   923  008D                     	;# 
   924  008E                     	;# 
   925  0090                     	;# 
   926  0091                     	;# 
   927  0092                     	;# 
   928  0093                     	;# 
   929  0094                     	;# 
   930  0095                     	;# 
   931  0096                     	;# 
   932  0098                     	;# 
   933  0099                     	;# 
   934  009A                     	;# 
   935  009B                     	;# 
   936  009B                     	;# 
   937  009C                     	;# 
   938  009D                     	;# 
   939  009E                     	;# 
   940  009F                     	;# 
   941  010C                     	;# 
   942  010D                     	;# 
   943  010E                     	;# 
   944  0111                     	;# 
   945  0112                     	;# 
   946  0113                     	;# 
   947  0114                     	;# 
   948  0115                     	;# 
   949  0116                     	;# 
   950  0117                     	;# 
   951  0118                     	;# 
   952  0119                     	;# 
   953  011C                     	;# 
   954  018C                     	;# 
   955  018D                     	;# 
   956  018E                     	;# 
   957  0191                     	;# 
   958  0191                     	;# 
   959  0192                     	;# 
   960  0193                     	;# 
   961  0193                     	;# 
   962  0194                     	;# 
   963  0195                     	;# 
   964  0196                     	;# 
   965  0197                     	;# 
   966  0199                     	;# 
   967  0199                     	;# 
   968  0199                     	;# 
   969  019A                     	;# 
   970  019A                     	;# 
   971  019A                     	;# 
   972  019B                     	;# 
   973  019B                     	;# 
   974  019B                     	;# 
   975  019B                     	;# 
   976  019B                     	;# 
   977  019C                     	;# 
   978  019C                     	;# 
   979  019C                     	;# 
   980  019D                     	;# 
   981  019D                     	;# 
   982  019D                     	;# 
   983  019E                     	;# 
   984  019E                     	;# 
   985  019E                     	;# 
   986  019F                     	;# 
   987  019F                     	;# 
   988  019F                     	;# 
   989  019F                     	;# 
   990  019F                     	;# 
   991  020C                     	;# 
   992  020D                     	;# 
   993  020E                     	;# 
   994  0211                     	;# 
   995  0211                     	;# 
   996  0212                     	;# 
   997  0212                     	;# 
   998  0213                     	;# 
   999  0213                     	;# 
  1000  0214                     	;# 
  1001  0214                     	;# 
  1002  0215                     	;# 
  1003  0215                     	;# 
  1004  0215                     	;# 
  1005  0215                     	;# 
  1006  0216                     	;# 
  1007  0216                     	;# 
  1008  0217                     	;# 
  1009  0217                     	;# 
  1010  028C                     	;# 
  1011  028D                     	;# 
  1012  028E                     	;# 
  1013  0291                     	;# 
  1014  0291                     	;# 
  1015  0292                     	;# 
  1016  0293                     	;# 
  1017  0294                     	;# 
  1018  0298                     	;# 
  1019  0298                     	;# 
  1020  0299                     	;# 
  1021  029A                     	;# 
  1022  029B                     	;# 
  1023  029E                     	;# 
  1024  030C                     	;# 
  1025  030D                     	;# 
  1026  030E                     	;# 
  1027  038C                     	;# 
  1028  038D                     	;# 
  1029  038E                     	;# 
  1030  0391                     	;# 
  1031  0392                     	;# 
  1032  0393                     	;# 
  1033  0394                     	;# 
  1034  0395                     	;# 
  1035  0396                     	;# 
  1036  0397                     	;# 
  1037  0398                     	;# 
  1038  0399                     	;# 
  1039  040E                     	;# 
  1040  0413                     	;# 
  1041  0413                     	;# 
  1042  0414                     	;# 
  1043  0414                     	;# 
  1044  0415                     	;# 
  1045  0416                     	;# 
  1046  0417                     	;# 
  1047  0418                     	;# 
  1048  041A                     	;# 
  1049  041A                     	;# 
  1050  041B                     	;# 
  1051  041B                     	;# 
  1052  041C                     	;# 
  1053  041D                     	;# 
  1054  041E                     	;# 
  1055  041F                     	;# 
  1056  0493                     	;# 
  1057  0494                     	;# 
  1058  0495                     	;# 
  1059  0496                     	;# 
  1060  049A                     	;# 
  1061  049B                     	;# 
  1062  049C                     	;# 
  1063  049D                     	;# 
  1064  058C                     	;# 
  1065  058C                     	;# 
  1066  058D                     	;# 
  1067  058E                     	;# 
  1068  058E                     	;# 
  1069  058F                     	;# 
  1070  0590                     	;# 
  1071  0590                     	;# 
  1072  0591                     	;# 
  1073  0592                     	;# 
  1074  0592                     	;# 
  1075  0593                     	;# 
  1076  0594                     	;# 
  1077  0594                     	;# 
  1078  0595                     	;# 
  1079  0596                     	;# 
  1080  0596                     	;# 
  1081  0597                     	;# 
  1082  0598                     	;# 
  1083  0599                     	;# 
  1084  059A                     	;# 
  1085  059B                     	;# 
  1086  059B                     	;# 
  1087  059C                     	;# 
  1088  059D                     	;# 
  1089  060C                     	;# 
  1090  060C                     	;# 
  1091  060D                     	;# 
  1092  060E                     	;# 
  1093  060F                     	;# 
  1094  060F                     	;# 
  1095  0610                     	;# 
  1096  0611                     	;# 
  1097  0612                     	;# 
  1098  0613                     	;# 
  1099  0614                     	;# 
  1100  0617                     	;# 
  1101  0618                     	;# 
  1102  0619                     	;# 
  1103  061A                     	;# 
  1104  061B                     	;# 
  1105  061C                     	;# 
  1106  0691                     	;# 
  1107  0692                     	;# 
  1108  0693                     	;# 
  1109  0694                     	;# 
  1110  0695                     	;# 
  1111  0696                     	;# 
  1112  0697                     	;# 
  1113  0699                     	;# 
  1114  069A                     	;# 
  1115  0711                     	;# 
  1116  0712                     	;# 
  1117  0713                     	;# 
  1118  0714                     	;# 
  1119  0715                     	;# 
  1120  0718                     	;# 
  1121  0718                     	;# 
  1122  0719                     	;# 
  1123  071A                     	;# 
  1124  071A                     	;# 
  1125  071B                     	;# 
  1126  071C                     	;# 
  1127  071D                     	;# 
  1128  0791                     	;# 
  1129  0791                     	;# 
  1130  0792                     	;# 
  1131  0793                     	;# 
  1132  0793                     	;# 
  1133  0794                     	;# 
  1134  0795                     	;# 
  1135  0795                     	;# 
  1136  0796                     	;# 
  1137  0797                     	;# 
  1138  0797                     	;# 
  1139  0798                     	;# 
  1140  0799                     	;# 
  1141  079A                     	;# 
  1142  080C                     	;# 
  1143  080C                     	;# 
  1144  080D                     	;# 
  1145  080E                     	;# 
  1146  080E                     	;# 
  1147  080F                     	;# 
  1148  0810                     	;# 
  1149  0810                     	;# 
  1150  0811                     	;# 
  1151  0812                     	;# 
  1152  0812                     	;# 
  1153  0813                     	;# 
  1154  0814                     	;# 
  1155  0815                     	;# 
  1156  0816                     	;# 
  1157  0817                     	;# 
  1158  0818                     	;# 
  1159  0819                     	;# 
  1160  081A                     	;# 
  1161  081A                     	;# 
  1162  081B                     	;# 
  1163  081C                     	;# 
  1164  081C                     	;# 
  1165  081D                     	;# 
  1166  088C                     	;# 
  1167  088D                     	;# 
  1168  088E                     	;# 
  1169  088F                     	;# 
  1170  088F                     	;# 
  1171  0890                     	;# 
  1172  0891                     	;# 
  1173  0892                     	;# 
  1174  0893                     	;# 
  1175  0893                     	;# 
  1176  0894                     	;# 
  1177  0895                     	;# 
  1178  0896                     	;# 
  1179  0897                     	;# 
  1180  0897                     	;# 
  1181  0898                     	;# 
  1182  0899                     	;# 
  1183  0D8C                     	;# 
  1184  0D8C                     	;# 
  1185  0D8D                     	;# 
  1186  0D8E                     	;# 
  1187  0D8F                     	;# 
  1188  0D8F                     	;# 
  1189  0D90                     	;# 
  1190  0D91                     	;# 
  1191  0D92                     	;# 
  1192  0D92                     	;# 
  1193  0D93                     	;# 
  1194  0D94                     	;# 
  1195  0D95                     	;# 
  1196  0D95                     	;# 
  1197  0D96                     	;# 
  1198  0D97                     	;# 
  1199  0D98                     	;# 
  1200  0D99                     	;# 
  1201  0D9A                     	;# 
  1202  0D9B                     	;# 
  1203  0D9C                     	;# 
  1204  0D9D                     	;# 
  1205  0D9E                     	;# 
  1206  0D9E                     	;# 
  1207  0D9F                     	;# 
  1208  0DA0                     	;# 
  1209  0DA1                     	;# 
  1210  0DA1                     	;# 
  1211  0DA2                     	;# 
  1212  0DA3                     	;# 
  1213  0DA4                     	;# 
  1214  0DA4                     	;# 
  1215  0DA5                     	;# 
  1216  0DA6                     	;# 
  1217  0DA7                     	;# 
  1218  0DA7                     	;# 
  1219  0DA8                     	;# 
  1220  0DA9                     	;# 
  1221  0DAA                     	;# 
  1222  0DAB                     	;# 
  1223  0DAC                     	;# 
  1224  0DAD                     	;# 
  1225  0DAE                     	;# 
  1226  0DAF                     	;# 
  1227  0E0F                     	;# 
  1228  0E10                     	;# 
  1229  0E11                     	;# 
  1230  0E12                     	;# 
  1231  0E13                     	;# 
  1232  0E14                     	;# 
  1233  0E15                     	;# 
  1234  0E16                     	;# 
  1235  0E17                     	;# 
  1236  0E18                     	;# 
  1237  0E19                     	;# 
  1238  0E1A                     	;# 
  1239  0E1B                     	;# 
  1240  0E1C                     	;# 
  1241  0E1D                     	;# 
  1242  0E1E                     	;# 
  1243  0E1F                     	;# 
  1244  0E20                     	;# 
  1245  0E21                     	;# 
  1246  0E22                     	;# 
  1247  0E23                     	;# 
  1248  0E24                     	;# 
  1249  0E25                     	;# 
  1250  0E26                     	;# 
  1251  0E27                     	;# 
  1252  0E28                     	;# 
  1253  0E29                     	;# 
  1254  0E2A                     	;# 
  1255  0E2B                     	;# 
  1256  0E2C                     	;# 
  1257  0E2D                     	;# 
  1258  0E2E                     	;# 
  1259  0E90                     	;# 
  1260  0E91                     	;# 
  1261  0E92                     	;# 
  1262  0E94                     	;# 
  1263  0E95                     	;# 
  1264  0E9C                     	;# 
  1265  0E9D                     	;# 
  1266  0E9E                     	;# 
  1267  0E9F                     	;# 
  1268  0EA0                     	;# 
  1269  0EA1                     	;# 
  1270  0EA2                     	;# 
  1271  0EA3                     	;# 
  1272  0EA4                     	;# 
  1273  0EA5                     	;# 
  1274  0EA6                     	;# 
  1275  0EA7                     	;# 
  1276  0F0F                     	;# 
  1277  0F10                     	;# 
  1278  0F11                     	;# 
  1279  0F12                     	;# 
  1280  0F13                     	;# 
  1281  0F14                     	;# 
  1282  0F15                     	;# 
  1283  0F16                     	;# 
  1284  0F17                     	;# 
  1285  0F18                     	;# 
  1286  0F19                     	;# 
  1287  0F1A                     	;# 
  1288  0F1B                     	;# 
  1289  0F1C                     	;# 
  1290  0F1D                     	;# 
  1291  0F1E                     	;# 
  1292  0F1F                     	;# 
  1293  0F20                     	;# 
  1294  0F21                     	;# 
  1295  0F22                     	;# 
  1296  0F23                     	;# 
  1297  0F24                     	;# 
  1298  0F25                     	;# 
  1299  0F26                     	;# 
  1300  0F27                     	;# 
  1301  0F28                     	;# 
  1302  0F29                     	;# 
  1303  0F2A                     	;# 
  1304  0F2B                     	;# 
  1305  0F2C                     	;# 
  1306  0F2D                     	;# 
  1307  0F2E                     	;# 
  1308  0F2F                     	;# 
  1309  0F30                     	;# 
  1310  0F31                     	;# 
  1311  0F32                     	;# 
  1312  0F33                     	;# 
  1313  0F34                     	;# 
  1314  0F35                     	;# 
  1315  0F36                     	;# 
  1316  0F37                     	;# 
  1317  0FE4                     	;# 
  1318  0FE5                     	;# 
  1319  0FE6                     	;# 
  1320  0FE7                     	;# 
  1321  0FE8                     	;# 
  1322  0FE9                     	;# 
  1323  0FEA                     	;# 
  1324  0FEB                     	;# 
  1325  0FED                     	;# 
  1326  0FEE                     	;# 
  1327  0FEF                     	;# 
  1328  000B                     _INTCONbits	set	11
  1329  0003                     _STATUSbits	set	3
  1330  0095                     _OPTION_REG	set	149
  1331  0095                     _OPTION_REGbits	set	149
  1332  0099                     _OSCCON	set	153
  1333  0098                     _OSCTUNE	set	152
  1334  008C                     _TRISA	set	140
  1335  008D                     _TRISB	set	141
  1336  008E                     _TRISC	set	142
  1337  010C                     _LATA	set	268
  1338  010D                     _LATB	set	269
  1339  010E                     _LATC	set	270
  1340  010E                     _LATCbits	set	270
  1341  018C                     _ANSELA	set	396
  1342  018D                     _ANSELB	set	397
  1343  018E                     _ANSELC	set	398
  1344  020C                     _WPUA	set	524
  1345  020D                     _WPUB	set	525
  1346  020E                     _WPUC	set	526
  1347                           
  1348                           ; #config settings
  1349  0000                     
  1350                           	psect	cinit
  1351  07FD                     start_initialization:	
  1352  07FD                     __initialization:	
  1353  07FD                     end_of_initialization:	
  1354                           ;End of C runtime variable initialization code
  1355                           
  1356  07FD                     __end_of__initialization:	
  1357  07FD  0020               	movlb	0
  1358  07FE  3187  2FE6         	ljmp	_main	;jump to C main() function
  1359                           
  1360                           	psect	cstackCOMMON
  1361  0000                     __pcstackCOMMON:	
  1362  0000                     ?_main:	
  1363  0000                     ??_main:	
  1364                           ; 1 bytes @ 0x0
  1365                           
  1366                           
  1367                           	psect	maintext
  1368  07E6                     __pmaintext:	
  1369                           ; 1 bytes @ 0x0
  1370 ;;
  1371 ;;Main: autosize = 0, tempsize = 0, incstack = 0, save=0
  1372 ;;
  1373 ;; *************** function _main *****************
  1374 ;; Defined at:
  1375 ;;		line 15 in file "Timer.c"
  1376 ;; Parameters:    Size  Location     Type
  1377 ;;		None
  1378 ;; Auto vars:     Size  Location     Type
  1379 ;;		None
  1380 ;; Return value:  Size  Location     Type
  1381 ;;                  1    wreg      void 
  1382 ;; Registers used:
  1383 ;;		wreg, status,2
  1384 ;; Tracked objects:
  1385 ;;		On entry : B1F/0
  1386 ;;		On exit  : 0/0
  1387 ;;		Unchanged: 0/0
  1388 ;; Data sizes:     COMMON   BANK0   BANK1   BANK2   BANK3   BANK4   BANK5   BANK6   BANK7   BANK8   BANK9  BANK10  BANK1
      +1  BANK12
  1389 ;;      Params:         0       0       0       0       0       0       0       0       0       0       0       0       
      +0       0
  1390 ;;      Locals:         0       0       0       0       0       0       0       0       0       0       0       0       
      +0       0
  1391 ;;      Temps:          0       0       0       0       0       0       0       0       0       0       0       0       
      +0       0
  1392 ;;      Totals:         0       0       0       0       0       0       0       0       0       0       0       0       
      +0       0
  1393 ;;Total ram usage:        0 bytes
  1394 ;; This function calls:
  1395 ;;		Nothing
  1396 ;; This function is called by:
  1397 ;;		Startup code after reset
  1398 ;; This function uses a non-reentrant model
  1399 ;;
  1400                           
  1401                           
  1402                           ;psect for function _main
  1403  07E6                     _main:	
  1404                           
  1405                           ;Timer.c: 17: OSCCON = 0b00111000;
  1406                           
  1407                           ;incstack = 0
  1408                           ; Regs used in _main: [wreg+status,2]
  1409  07E6  3038               	movlw	56
  1410  07E7  0021               	movlb	1	; select bank1
  1411  07E8  0099               	movwf	25	;volatile
  1412                           
  1413                           ;Timer.c: 18: TRISC = 0;
  1414  07E9  018E               	clrf	14	;volatile
  1415                           
  1416                           ;Timer.c: 19: LATC = 0;
  1417  07EA  0022               	movlb	2	; select bank2
  1418  07EB  018E               	clrf	14	;volatile
  1419                           
  1420                           ;Timer.c: 21: OPTION_REG = 0b00000111;
  1421  07EC  3007               	movlw	7
  1422  07ED  0021               	movlb	1	; select bank1
  1423  07EE  0095               	movwf	21	;volatile
  1424                           
  1425                           ;Timer.c: 23: LATCbits.LATC4 = 1;
  1426  07EF  0022               	movlb	2	; select bank2
  1427  07F0  160E               	bsf	14,4	;volatile
  1428  07F1                     l18:	
  1429                           ;Timer.c: 26: {
  1430                           ;Timer.c: 27: while(!INTCONbits.TMR0IF) continue;
  1431                           
  1432                           ;Timer.c: 25: while(1)
  1433                           
  1434  07F1  1D0B               	btfss	11,2	;volatile
  1435  07F2  2FF1               	goto	l18
  1436                           
  1437                           ;Timer.c: 29: INTCONbits.T0IF = 0;
  1438  07F3  110B               	bcf	11,2	;volatile
  1439                           
  1440                           ;Timer.c: 30: LATC >> = 1;
  1441  07F4  1003               	clrc
  1442  07F5  0022               	movlb	2	; select bank2
  1443  07F6  0C8E               	rrf	14,f	;volatile
  1444                           
  1445                           ;Timer.c: 32: if(STATUSbits.C)
  1446  07F7  0020               	movlb	0	; select bank0
  1447  07F8  1C03               	btfss	3,0	;volatile
  1448  07F9  2FF1               	goto	l18
  1449                           
  1450                           ;Timer.c: 33: LATCbits.LATC3 = 1;
  1451  07FA  0022               	movlb	2	; select bank2
  1452  07FB  158E               	bsf	14,3	;volatile
  1453  07FC  2FF1               	goto	l18
  1454  07FD                     __end_of_main:	
  1455  007E                     btemp	set	126	;btemp
  1456  007E                     wtemp	set	126
  1457  007E                     wtemp0	set	126
  1458  0080                     wtemp1	set	128
  1459  0082                     wtemp2	set	130
  1460  0084                     wtemp3	set	132
  1461  0086                     wtemp4	set	134
  1462  0088                     wtemp5	set	136
  1463  007F                     wtemp6	set	127
  1464  007E                     ttemp	set	126
  1465  007E                     ttemp0	set	126
  1466  0081                     ttemp1	set	129
  1467  0084                     ttemp2	set	132
  1468  0087                     ttemp3	set	135
  1469  007F                     ttemp4	set	127
  1470  007E                     ltemp	set	126
  1471  007E                     ltemp0	set	126
  1472  0082                     ltemp1	set	130
  1473  0086                     ltemp2	set	134
  1474  0080                     ltemp3	set	128


Data Sizes:
    Strings     0
    Constant    0
    Data        0
    BSS         0
    Persistent  0
    Stack       0

Auto Spaces:
    Space          Size  Autos    Used
    COMMON           14      0       0
    BANK0            80      0       0
    BANK1            80      0       0
    BANK2            80      0       0
    BANK3            80      0       0
    BANK4            80      0       0
    BANK5            80      0       0
    BANK6            80      0       0
    BANK7            80      0       0
    BANK8            80      0       0
    BANK9            80      0       0
    BANK10           80      0       0
    BANK11           80      0       0
    BANK12           48      0       0

Pointer List with Targets:

    None.

Critical Paths under _main in COMMON

    None.

Critical Paths under _main in BANK0

    None.

Critical Paths under _main in BANK1

    None.

Critical Paths under _main in BANK2

    None.

Critical Paths under _main in BANK3

    None.

Critical Paths under _main in BANK4

    None.

Critical Paths under _main in BANK5

    None.

Critical Paths under _main in BANK6

    None.

Critical Paths under _main in BANK7

    None.

Critical Paths under _main in BANK8

    None.

Critical Paths under _main in BANK9

    None.

Critical Paths under _main in BANK10

    None.

Critical Paths under _main in BANK11

    None.

Critical Paths under _main in BANK12

    None.

Call Graph Tables:

 ---------------------------------------------------------------------------------
 (Depth) Function   	        Calls       Base Space   Used Autos Params    Refs
 ---------------------------------------------------------------------------------
 (0) _main                                                 0     0      0       0
 ---------------------------------------------------------------------------------
 Estimated maximum stack depth 0
 ---------------------------------------------------------------------------------

 Call Graph Graphs:

 _main (ROOT)

 Address spaces:
Name               Size   Autos  Total    Cost      Usage
BIGRAM             3F0      0       0       0        0.0%
NULL                 0      0       0       0        0.0%
CODE                 0      0       0       0        0.0%
BITCOMMON            E      0       0       1        0.0%
BITSFR0              0      0       0       1        0.0%
SFR0                 0      0       0       1        0.0%
COMMON               E      0       0       2        0.0%
BITSFR1              0      0       0       2        0.0%
SFR1                 0      0       0       2        0.0%
BITSFR2              0      0       0       3        0.0%
SFR2                 0      0       0       3        0.0%
STACK                0      0       0       3        0.0%
BITBANK0            50      0       0       4        0.0%
BITSFR3              0      0       0       4        0.0%
SFR3                 0      0       0       4        0.0%
BANK0               50      0       0       5        0.0%
BITSFR4              0      0       0       5        0.0%
SFR4                 0      0       0       5        0.0%
BITBANK1            50      0       0       6        0.0%
BITSFR5              0      0       0       6        0.0%
SFR5                 0      0       0       6        0.0%
BANK1               50      0       0       7        0.0%
BITSFR6              0      0       0       7        0.0%
SFR6                 0      0       0       7        0.0%
BITBANK2            50      0       0       8        0.0%
BITSFR7              0      0       0       8        0.0%
SFR7                 0      0       0       8        0.0%
BANK2               50      0       0       9        0.0%
BITSFR8              0      0       0       9        0.0%
SFR8                 0      0       0       9        0.0%
BITBANK3            50      0       0      10        0.0%
BITSFR9              0      0       0      10        0.0%
SFR9                 0      0       0      10        0.0%
BANK3               50      0       0      11        0.0%
BITSFR10             0      0       0      11        0.0%
SFR10                0      0       0      11        0.0%
BITBANK4            50      0       0      12        0.0%
BITSFR11             0      0       0      12        0.0%
SFR11                0      0       0      12        0.0%
BANK4               50      0       0      13        0.0%
BITSFR12             0      0       0      13        0.0%
SFR12                0      0       0      13        0.0%
BITBANK5            50      0       0      14        0.0%
BITSFR13             0      0       0      14        0.0%
SFR13                0      0       0      14        0.0%
BANK5               50      0       0      15        0.0%
BITSFR14             0      0       0      15        0.0%
SFR14                0      0       0      15        0.0%
BITBANK6            50      0       0      16        0.0%
BITSFR15             0      0       0      16        0.0%
SFR15                0      0       0      16        0.0%
BANK6               50      0       0      17        0.0%
BITSFR16             0      0       0      17        0.0%
SFR16                0      0       0      17        0.0%
BITBANK7            50      0       0      18        0.0%
BITSFR17             0      0       0      18        0.0%
SFR17                0      0       0      18        0.0%
BANK7               50      0       0      19        0.0%
BITSFR18             0      0       0      19        0.0%
SFR18                0      0       0      19        0.0%
BITSFR19             0      0       0      20        0.0%
SFR19                0      0       0      20        0.0%
ABS                  0      0       0      20        0.0%
BITBANK8            50      0       0      21        0.0%
BITSFR20             0      0       0      21        0.0%
SFR20                0      0       0      21        0.0%
BANK8               50      0       0      22        0.0%
BITSFR21             0      0       0      22        0.0%
SFR21                0      0       0      22        0.0%
BITBANK9            50      0       0      23        0.0%
BITSFR22             0      0       0      23        0.0%
SFR22                0      0       0      23        0.0%
BANK9               50      0       0      24        0.0%
BITSFR23             0      0       0      24        0.0%
SFR23                0      0       0      24        0.0%
BITBANK10           50      0       0      25        0.0%
BITSFR24             0      0       0      25        0.0%
SFR24                0      0       0      25        0.0%
BANK10              50      0       0      26        0.0%
BITSFR25             0      0       0      26        0.0%
SFR25                0      0       0      26        0.0%
BITBANK11           50      0       0      27        0.0%
BITSFR26             0      0       0      27        0.0%
SFR26                0      0       0      27        0.0%
BANK11              50      0       0      28        0.0%
BITSFR27             0      0       0      28        0.0%
SFR27                0      0       0      28        0.0%
BITBANK12           30      0       0      29        0.0%
BITSFR28             0      0       0      29        0.0%
SFR28                0      0       0      29        0.0%
BANK12              30      0       0      30        0.0%
BITSFR29             0      0       0      30        0.0%
SFR29                0      0       0      30        0.0%
BITSFR30             0      0       0      31        0.0%
SFR30                0      0       0      31        0.0%
DATA                 0      0       0      31        0.0%
BITSFR31             0      0       0      32        0.0%
SFR31                0      0       0      32        0.0%


Microchip Technology PIC Macro Assembler V1.37 build -260352376 
Symbol Table                                                                                   Wed May 18 19:38:26 2016

            __CFG_CP$OFF 0000                       l18 07F1              __CFG_LVP$ON 0000  
           __CFG_BORV$LO 0000             __CFG_IESO$ON 0000             __CFG_ZCD$OFF 0000  
                   _LATA 010C                     _LATB 010D                     _LATC 010E  
                   _WPUA 020C                     _WPUB 020D                     _WPUC 020E  
           __CFG_WRT$OFF 0000            __CFG_FCMEN$ON 0000                     _main 07E6  
                   btemp 007E            __CFG_BOREN$ON 0000                     ltemp 007E  
                   start 0002                     ttemp 007E                     wtemp 007E  
          __CFG_MCLRE$ON 0000            __CFG_PLLEN$ON 0000                    ?_main 0000  
          __CFG_WDTE$OFF 0000                    _TRISA 008C                    _TRISB 008D  
                  _TRISC 008E                    ltemp0 007E                    ltemp1 0082  
                  ltemp2 0086                    ltemp3 0080                    ttemp0 007E  
                  ttemp1 0081                    ttemp2 0084                    ttemp3 0087  
                  ttemp4 007F                    wtemp0 007E                    wtemp1 0080  
                  wtemp2 0082                    wtemp3 0084                    wtemp4 0086  
                  wtemp5 0088                    wtemp6 007F          __initialization 07FD  
           __end_of_main 07FD           __CFG_LPBOR$OFF 0000                   ??_main 0000  
                 _ANSELA 018C                   _ANSELB 018D                   _ANSELC 018E  
                 _OSCCON 0099           __CFG_PWRTE$OFF 0000           __CFG_STVREN$ON 0000  
__end_of__initialization 07FD           __pcstackCOMMON 0000           _OPTION_REGbits 0095  
             __pmaintext 07E6          __CFG_PPS1WAY$ON 0000          __CFG_WDTCCS$SWC 0000  
                _OSCTUNE 0098     end_of_initialization 07FD         __CFG_FOSC$INTOSC 0000  
    start_initialization 07FD                ___latbits 0002                 _LATCbits 010E  
   __CFG_WDTCPS$WDTCPS1F 0000            __size_of_main 0017     __CFG_WDTCWS$WDTCWSSW 0000  
             _INTCONbits 000B        __CFG_CLKOUTEN$OFF 0000               _OPTION_REG 0095  
             _STATUSbits 0003  
