

Microchip Technology PIC LITE Macro Assembler V1.37 build -260352376 
                                                                                               Sat Apr 16 13:36:34 2016

Microchip Technology Omniscient Code Generator v1.37 (Free mode) build 201603110536
     1                           	processor	16F1619
     2                           	opt	pw 120
     3                           	opt	lm
     4                           	psect	cinit,global,class=CODE,merge=1,delta=2
     5                           	psect	bssCOMMON,global,class=COMMON,space=1,delta=1
     6                           	psect	cstackCOMMON,global,class=COMMON,space=1,delta=1
     7                           	psect	maintext,global,class=CODE,merge=1,split=1,delta=2
     8                           	dabs	1,0x7E,2
     9  0000                     	;# 
    10  0001                     	;# 
    11  0002                     	;# 
    12  0003                     	;# 
    13  0004                     	;# 
    14  0005                     	;# 
    15  0006                     	;# 
    16  0007                     	;# 
    17  0008                     	;# 
    18  0009                     	;# 
    19  000A                     	;# 
    20  000B                     	;# 
    21  000C                     	;# 
    22  000D                     	;# 
    23  000E                     	;# 
    24  0010                     	;# 
    25  0011                     	;# 
    26  0012                     	;# 
    27  0013                     	;# 
    28  0014                     	;# 
    29  0015                     	;# 
    30  0016                     	;# 
    31  0016                     	;# 
    32  0017                     	;# 
    33  0018                     	;# 
    34  0019                     	;# 
    35  001A                     	;# 
    36  001A                     	;# 
    37  001B                     	;# 
    38  001B                     	;# 
    39  001C                     	;# 
    40  001D                     	;# 
    41  001E                     	;# 
    42  001F                     	;# 
    43  008C                     	;# 
    44  008D                     	;# 
    45  008E                     	;# 
    46  0090                     	;# 
    47  0091                     	;# 
    48  0092                     	;# 
    49  0093                     	;# 
    50  0094                     	;# 
    51  0095                     	;# 
    52  0096                     	;# 
    53  0098                     	;# 
    54  0099                     	;# 
    55  009A                     	;# 
    56  009B                     	;# 
    57  009B                     	;# 
    58  009C                     	;# 
    59  009D                     	;# 
    60  009E                     	;# 
    61  009F                     	;# 
    62  010C                     	;# 
    63  010D                     	;# 
    64  010E                     	;# 
    65  0111                     	;# 
    66  0112                     	;# 
    67  0113                     	;# 
    68  0114                     	;# 
    69  0115                     	;# 
    70  0116                     	;# 
    71  0117                     	;# 
    72  0118                     	;# 
    73  0119                     	;# 
    74  011C                     	;# 
    75  018C                     	;# 
    76  018D                     	;# 
    77  018E                     	;# 
    78  0191                     	;# 
    79  0191                     	;# 
    80  0192                     	;# 
    81  0193                     	;# 
    82  0193                     	;# 
    83  0194                     	;# 
    84  0195                     	;# 
    85  0196                     	;# 
    86  0197                     	;# 
    87  0199                     	;# 
    88  0199                     	;# 
    89  0199                     	;# 
    90  019A                     	;# 
    91  019A                     	;# 
    92  019A                     	;# 
    93  019B                     	;# 
    94  019B                     	;# 
    95  019B                     	;# 
    96  019B                     	;# 
    97  019B                     	;# 
    98  019C                     	;# 
    99  019C                     	;# 
   100  019C                     	;# 
   101  019D                     	;# 
   102  019D                     	;# 
   103  019D                     	;# 
   104  019E                     	;# 
   105  019E                     	;# 
   106  019E                     	;# 
   107  019F                     	;# 
   108  019F                     	;# 
   109  019F                     	;# 
   110  019F                     	;# 
   111  019F                     	;# 
   112  020C                     	;# 
   113  020D                     	;# 
   114  020E                     	;# 
   115  0211                     	;# 
   116  0211                     	;# 
   117  0212                     	;# 
   118  0212                     	;# 
   119  0213                     	;# 
   120  0213                     	;# 
   121  0214                     	;# 
   122  0214                     	;# 
   123  0215                     	;# 
   124  0215                     	;# 
   125  0215                     	;# 
   126  0215                     	;# 
   127  0216                     	;# 
   128  0216                     	;# 
   129  0217                     	;# 
   130  0217                     	;# 
   131  028C                     	;# 
   132  028D                     	;# 
   133  028E                     	;# 
   134  0291                     	;# 
   135  0291                     	;# 
   136  0292                     	;# 
   137  0293                     	;# 
   138  0294                     	;# 
   139  0298                     	;# 
   140  0298                     	;# 
   141  0299                     	;# 
   142  029A                     	;# 
   143  029B                     	;# 
   144  029E                     	;# 
   145  030C                     	;# 
   146  030D                     	;# 
   147  030E                     	;# 
   148  038C                     	;# 
   149  038D                     	;# 
   150  038E                     	;# 
   151  0391                     	;# 
   152  0392                     	;# 
   153  0393                     	;# 
   154  0394                     	;# 
   155  0395                     	;# 
   156  0396                     	;# 
   157  0397                     	;# 
   158  0398                     	;# 
   159  0399                     	;# 
   160  040E                     	;# 
   161  0413                     	;# 
   162  0413                     	;# 
   163  0414                     	;# 
   164  0414                     	;# 
   165  0415                     	;# 
   166  0416                     	;# 
   167  0417                     	;# 
   168  0418                     	;# 
   169  041A                     	;# 
   170  041A                     	;# 
   171  041B                     	;# 
   172  041B                     	;# 
   173  041C                     	;# 
   174  041D                     	;# 
   175  041E                     	;# 
   176  041F                     	;# 
   177  0493                     	;# 
   178  0494                     	;# 
   179  0495                     	;# 
   180  0496                     	;# 
   181  049A                     	;# 
   182  049B                     	;# 
   183  049C                     	;# 
   184  049D                     	;# 
   185  058C                     	;# 
   186  058C                     	;# 
   187  058D                     	;# 
   188  058E                     	;# 
   189  058E                     	;# 
   190  058F                     	;# 
   191  0590                     	;# 
   192  0590                     	;# 
   193  0591                     	;# 
   194  0592                     	;# 
   195  0592                     	;# 
   196  0593                     	;# 
   197  0594                     	;# 
   198  0594                     	;# 
   199  0595                     	;# 
   200  0596                     	;# 
   201  0596                     	;# 
   202  0597                     	;# 
   203  0598                     	;# 
   204  0599                     	;# 
   205  059A                     	;# 
   206  059B                     	;# 
   207  059B                     	;# 
   208  059C                     	;# 
   209  059D                     	;# 
   210  060C                     	;# 
   211  060C                     	;# 
   212  060D                     	;# 
   213  060E                     	;# 
   214  060F                     	;# 
   215  060F                     	;# 
   216  0610                     	;# 
   217  0611                     	;# 
   218  0612                     	;# 
   219  0613                     	;# 
   220  0614                     	;# 
   221  0617                     	;# 
   222  0618                     	;# 
   223  0619                     	;# 
   224  061A                     	;# 
   225  061B                     	;# 
   226  061C                     	;# 
   227  0691                     	;# 
   228  0692                     	;# 
   229  0693                     	;# 
   230  0694                     	;# 
   231  0695                     	;# 
   232  0696                     	;# 
   233  0697                     	;# 
   234  0699                     	;# 
   235  069A                     	;# 
   236  0711                     	;# 
   237  0712                     	;# 
   238  0713                     	;# 
   239  0714                     	;# 
   240  0715                     	;# 
   241  0718                     	;# 
   242  0718                     	;# 
   243  0719                     	;# 
   244  071A                     	;# 
   245  071A                     	;# 
   246  071B                     	;# 
   247  071C                     	;# 
   248  071D                     	;# 
   249  0791                     	;# 
   250  0791                     	;# 
   251  0792                     	;# 
   252  0793                     	;# 
   253  0793                     	;# 
   254  0794                     	;# 
   255  0795                     	;# 
   256  0795                     	;# 
   257  0796                     	;# 
   258  0797                     	;# 
   259  0797                     	;# 
   260  0798                     	;# 
   261  0799                     	;# 
   262  079A                     	;# 
   263  080C                     	;# 
   264  080C                     	;# 
   265  080D                     	;# 
   266  080E                     	;# 
   267  080E                     	;# 
   268  080F                     	;# 
   269  0810                     	;# 
   270  0810                     	;# 
   271  0811                     	;# 
   272  0812                     	;# 
   273  0812                     	;# 
   274  0813                     	;# 
   275  0814                     	;# 
   276  0815                     	;# 
   277  0816                     	;# 
   278  0817                     	;# 
   279  0818                     	;# 
   280  0819                     	;# 
   281  081A                     	;# 
   282  081A                     	;# 
   283  081B                     	;# 
   284  081C                     	;# 
   285  081C                     	;# 
   286  081D                     	;# 
   287  088C                     	;# 
   288  088D                     	;# 
   289  088E                     	;# 
   290  088F                     	;# 
   291  088F                     	;# 
   292  0890                     	;# 
   293  0891                     	;# 
   294  0892                     	;# 
   295  0893                     	;# 
   296  0893                     	;# 
   297  0894                     	;# 
   298  0895                     	;# 
   299  0896                     	;# 
   300  0897                     	;# 
   301  0897                     	;# 
   302  0898                     	;# 
   303  0899                     	;# 
   304  0D8C                     	;# 
   305  0D8C                     	;# 
   306  0D8D                     	;# 
   307  0D8E                     	;# 
   308  0D8F                     	;# 
   309  0D8F                     	;# 
   310  0D90                     	;# 
   311  0D91                     	;# 
   312  0D92                     	;# 
   313  0D92                     	;# 
   314  0D93                     	;# 
   315  0D94                     	;# 
   316  0D95                     	;# 
   317  0D95                     	;# 
   318  0D96                     	;# 
   319  0D97                     	;# 
   320  0D98                     	;# 
   321  0D99                     	;# 
   322  0D9A                     	;# 
   323  0D9B                     	;# 
   324  0D9C                     	;# 
   325  0D9D                     	;# 
   326  0D9E                     	;# 
   327  0D9E                     	;# 
   328  0D9F                     	;# 
   329  0DA0                     	;# 
   330  0DA1                     	;# 
   331  0DA1                     	;# 
   332  0DA2                     	;# 
   333  0DA3                     	;# 
   334  0DA4                     	;# 
   335  0DA4                     	;# 
   336  0DA5                     	;# 
   337  0DA6                     	;# 
   338  0DA7                     	;# 
   339  0DA7                     	;# 
   340  0DA8                     	;# 
   341  0DA9                     	;# 
   342  0DAA                     	;# 
   343  0DAB                     	;# 
   344  0DAC                     	;# 
   345  0DAD                     	;# 
   346  0DAE                     	;# 
   347  0DAF                     	;# 
   348  0E0F                     	;# 
   349  0E10                     	;# 
   350  0E11                     	;# 
   351  0E12                     	;# 
   352  0E13                     	;# 
   353  0E14                     	;# 
   354  0E15                     	;# 
   355  0E16                     	;# 
   356  0E17                     	;# 
   357  0E18                     	;# 
   358  0E19                     	;# 
   359  0E1A                     	;# 
   360  0E1B                     	;# 
   361  0E1C                     	;# 
   362  0E1D                     	;# 
   363  0E1E                     	;# 
   364  0E1F                     	;# 
   365  0E20                     	;# 
   366  0E21                     	;# 
   367  0E22                     	;# 
   368  0E23                     	;# 
   369  0E24                     	;# 
   370  0E25                     	;# 
   371  0E26                     	;# 
   372  0E27                     	;# 
   373  0E28                     	;# 
   374  0E29                     	;# 
   375  0E2A                     	;# 
   376  0E2B                     	;# 
   377  0E2C                     	;# 
   378  0E2D                     	;# 
   379  0E2E                     	;# 
   380  0E90                     	;# 
   381  0E91                     	;# 
   382  0E92                     	;# 
   383  0E94                     	;# 
   384  0E95                     	;# 
   385  0E9C                     	;# 
   386  0E9D                     	;# 
   387  0E9E                     	;# 
   388  0E9F                     	;# 
   389  0EA0                     	;# 
   390  0EA1                     	;# 
   391  0EA2                     	;# 
   392  0EA3                     	;# 
   393  0EA4                     	;# 
   394  0EA5                     	;# 
   395  0EA6                     	;# 
   396  0EA7                     	;# 
   397  0F0F                     	;# 
   398  0F10                     	;# 
   399  0F11                     	;# 
   400  0F12                     	;# 
   401  0F13                     	;# 
   402  0F14                     	;# 
   403  0F15                     	;# 
   404  0F16                     	;# 
   405  0F17                     	;# 
   406  0F18                     	;# 
   407  0F19                     	;# 
   408  0F1A                     	;# 
   409  0F1B                     	;# 
   410  0F1C                     	;# 
   411  0F1D                     	;# 
   412  0F1E                     	;# 
   413  0F1F                     	;# 
   414  0F20                     	;# 
   415  0F21                     	;# 
   416  0F22                     	;# 
   417  0F23                     	;# 
   418  0F24                     	;# 
   419  0F25                     	;# 
   420  0F26                     	;# 
   421  0F27                     	;# 
   422  0F28                     	;# 
   423  0F29                     	;# 
   424  0F2A                     	;# 
   425  0F2B                     	;# 
   426  0F2C                     	;# 
   427  0F2D                     	;# 
   428  0F2E                     	;# 
   429  0F2F                     	;# 
   430  0F30                     	;# 
   431  0F31                     	;# 
   432  0F32                     	;# 
   433  0F33                     	;# 
   434  0F34                     	;# 
   435  0F35                     	;# 
   436  0F36                     	;# 
   437  0F37                     	;# 
   438  0FE4                     	;# 
   439  0FE5                     	;# 
   440  0FE6                     	;# 
   441  0FE7                     	;# 
   442  0FE8                     	;# 
   443  0FE9                     	;# 
   444  0FEA                     	;# 
   445  0FEB                     	;# 
   446  0FED                     	;# 
   447  0FEE                     	;# 
   448  0FEF                     	;# 
   449  0000                     	;# 
   450  0001                     	;# 
   451  0002                     	;# 
   452  0003                     	;# 
   453  0004                     	;# 
   454  0005                     	;# 
   455  0006                     	;# 
   456  0007                     	;# 
   457  0008                     	;# 
   458  0009                     	;# 
   459  000A                     	;# 
   460  000B                     	;# 
   461  000C                     	;# 
   462  000D                     	;# 
   463  000E                     	;# 
   464  0010                     	;# 
   465  0011                     	;# 
   466  0012                     	;# 
   467  0013                     	;# 
   468  0014                     	;# 
   469  0015                     	;# 
   470  0016                     	;# 
   471  0016                     	;# 
   472  0017                     	;# 
   473  0018                     	;# 
   474  0019                     	;# 
   475  001A                     	;# 
   476  001A                     	;# 
   477  001B                     	;# 
   478  001B                     	;# 
   479  001C                     	;# 
   480  001D                     	;# 
   481  001E                     	;# 
   482  001F                     	;# 
   483  008C                     	;# 
   484  008D                     	;# 
   485  008E                     	;# 
   486  0090                     	;# 
   487  0091                     	;# 
   488  0092                     	;# 
   489  0093                     	;# 
   490  0094                     	;# 
   491  0095                     	;# 
   492  0096                     	;# 
   493  0098                     	;# 
   494  0099                     	;# 
   495  009A                     	;# 
   496  009B                     	;# 
   497  009B                     	;# 
   498  009C                     	;# 
   499  009D                     	;# 
   500  009E                     	;# 
   501  009F                     	;# 
   502  010C                     	;# 
   503  010D                     	;# 
   504  010E                     	;# 
   505  0111                     	;# 
   506  0112                     	;# 
   507  0113                     	;# 
   508  0114                     	;# 
   509  0115                     	;# 
   510  0116                     	;# 
   511  0117                     	;# 
   512  0118                     	;# 
   513  0119                     	;# 
   514  011C                     	;# 
   515  018C                     	;# 
   516  018D                     	;# 
   517  018E                     	;# 
   518  0191                     	;# 
   519  0191                     	;# 
   520  0192                     	;# 
   521  0193                     	;# 
   522  0193                     	;# 
   523  0194                     	;# 
   524  0195                     	;# 
   525  0196                     	;# 
   526  0197                     	;# 
   527  0199                     	;# 
   528  0199                     	;# 
   529  0199                     	;# 
   530  019A                     	;# 
   531  019A                     	;# 
   532  019A                     	;# 
   533  019B                     	;# 
   534  019B                     	;# 
   535  019B                     	;# 
   536  019B                     	;# 
   537  019B                     	;# 
   538  019C                     	;# 
   539  019C                     	;# 
   540  019C                     	;# 
   541  019D                     	;# 
   542  019D                     	;# 
   543  019D                     	;# 
   544  019E                     	;# 
   545  019E                     	;# 
   546  019E                     	;# 
   547  019F                     	;# 
   548  019F                     	;# 
   549  019F                     	;# 
   550  019F                     	;# 
   551  019F                     	;# 
   552  020C                     	;# 
   553  020D                     	;# 
   554  020E                     	;# 
   555  0211                     	;# 
   556  0211                     	;# 
   557  0212                     	;# 
   558  0212                     	;# 
   559  0213                     	;# 
   560  0213                     	;# 
   561  0214                     	;# 
   562  0214                     	;# 
   563  0215                     	;# 
   564  0215                     	;# 
   565  0215                     	;# 
   566  0215                     	;# 
   567  0216                     	;# 
   568  0216                     	;# 
   569  0217                     	;# 
   570  0217                     	;# 
   571  028C                     	;# 
   572  028D                     	;# 
   573  028E                     	;# 
   574  0291                     	;# 
   575  0291                     	;# 
   576  0292                     	;# 
   577  0293                     	;# 
   578  0294                     	;# 
   579  0298                     	;# 
   580  0298                     	;# 
   581  0299                     	;# 
   582  029A                     	;# 
   583  029B                     	;# 
   584  029E                     	;# 
   585  030C                     	;# 
   586  030D                     	;# 
   587  030E                     	;# 
   588  038C                     	;# 
   589  038D                     	;# 
   590  038E                     	;# 
   591  0391                     	;# 
   592  0392                     	;# 
   593  0393                     	;# 
   594  0394                     	;# 
   595  0395                     	;# 
   596  0396                     	;# 
   597  0397                     	;# 
   598  0398                     	;# 
   599  0399                     	;# 
   600  040E                     	;# 
   601  0413                     	;# 
   602  0413                     	;# 
   603  0414                     	;# 
   604  0414                     	;# 
   605  0415                     	;# 
   606  0416                     	;# 
   607  0417                     	;# 
   608  0418                     	;# 
   609  041A                     	;# 
   610  041A                     	;# 
   611  041B                     	;# 
   612  041B                     	;# 
   613  041C                     	;# 
   614  041D                     	;# 
   615  041E                     	;# 
   616  041F                     	;# 
   617  0493                     	;# 
   618  0494                     	;# 
   619  0495                     	;# 
   620  0496                     	;# 
   621  049A                     	;# 
   622  049B                     	;# 
   623  049C                     	;# 
   624  049D                     	;# 
   625  058C                     	;# 
   626  058C                     	;# 
   627  058D                     	;# 
   628  058E                     	;# 
   629  058E                     	;# 
   630  058F                     	;# 
   631  0590                     	;# 
   632  0590                     	;# 
   633  0591                     	;# 
   634  0592                     	;# 
   635  0592                     	;# 
   636  0593                     	;# 
   637  0594                     	;# 
   638  0594                     	;# 
   639  0595                     	;# 
   640  0596                     	;# 
   641  0596                     	;# 
   642  0597                     	;# 
   643  0598                     	;# 
   644  0599                     	;# 
   645  059A                     	;# 
   646  059B                     	;# 
   647  059B                     	;# 
   648  059C                     	;# 
   649  059D                     	;# 
   650  060C                     	;# 
   651  060C                     	;# 
   652  060D                     	;# 
   653  060E                     	;# 
   654  060F                     	;# 
   655  060F                     	;# 
   656  0610                     	;# 
   657  0611                     	;# 
   658  0612                     	;# 
   659  0613                     	;# 
   660  0614                     	;# 
   661  0617                     	;# 
   662  0618                     	;# 
   663  0619                     	;# 
   664  061A                     	;# 
   665  061B                     	;# 
   666  061C                     	;# 
   667  0691                     	;# 
   668  0692                     	;# 
   669  0693                     	;# 
   670  0694                     	;# 
   671  0695                     	;# 
   672  0696                     	;# 
   673  0697                     	;# 
   674  0699                     	;# 
   675  069A                     	;# 
   676  0711                     	;# 
   677  0712                     	;# 
   678  0713                     	;# 
   679  0714                     	;# 
   680  0715                     	;# 
   681  0718                     	;# 
   682  0718                     	;# 
   683  0719                     	;# 
   684  071A                     	;# 
   685  071A                     	;# 
   686  071B                     	;# 
   687  071C                     	;# 
   688  071D                     	;# 
   689  0791                     	;# 
   690  0791                     	;# 
   691  0792                     	;# 
   692  0793                     	;# 
   693  0793                     	;# 
   694  0794                     	;# 
   695  0795                     	;# 
   696  0795                     	;# 
   697  0796                     	;# 
   698  0797                     	;# 
   699  0797                     	;# 
   700  0798                     	;# 
   701  0799                     	;# 
   702  079A                     	;# 
   703  080C                     	;# 
   704  080C                     	;# 
   705  080D                     	;# 
   706  080E                     	;# 
   707  080E                     	;# 
   708  080F                     	;# 
   709  0810                     	;# 
   710  0810                     	;# 
   711  0811                     	;# 
   712  0812                     	;# 
   713  0812                     	;# 
   714  0813                     	;# 
   715  0814                     	;# 
   716  0815                     	;# 
   717  0816                     	;# 
   718  0817                     	;# 
   719  0818                     	;# 
   720  0819                     	;# 
   721  081A                     	;# 
   722  081A                     	;# 
   723  081B                     	;# 
   724  081C                     	;# 
   725  081C                     	;# 
   726  081D                     	;# 
   727  088C                     	;# 
   728  088D                     	;# 
   729  088E                     	;# 
   730  088F                     	;# 
   731  088F                     	;# 
   732  0890                     	;# 
   733  0891                     	;# 
   734  0892                     	;# 
   735  0893                     	;# 
   736  0893                     	;# 
   737  0894                     	;# 
   738  0895                     	;# 
   739  0896                     	;# 
   740  0897                     	;# 
   741  0897                     	;# 
   742  0898                     	;# 
   743  0899                     	;# 
   744  0D8C                     	;# 
   745  0D8C                     	;# 
   746  0D8D                     	;# 
   747  0D8E                     	;# 
   748  0D8F                     	;# 
   749  0D8F                     	;# 
   750  0D90                     	;# 
   751  0D91                     	;# 
   752  0D92                     	;# 
   753  0D92                     	;# 
   754  0D93                     	;# 
   755  0D94                     	;# 
   756  0D95                     	;# 
   757  0D95                     	;# 
   758  0D96                     	;# 
   759  0D97                     	;# 
   760  0D98                     	;# 
   761  0D99                     	;# 
   762  0D9A                     	;# 
   763  0D9B                     	;# 
   764  0D9C                     	;# 
   765  0D9D                     	;# 
   766  0D9E                     	;# 
   767  0D9E                     	;# 
   768  0D9F                     	;# 
   769  0DA0                     	;# 
   770  0DA1                     	;# 
   771  0DA1                     	;# 
   772  0DA2                     	;# 
   773  0DA3                     	;# 
   774  0DA4                     	;# 
   775  0DA4                     	;# 
   776  0DA5                     	;# 
   777  0DA6                     	;# 
   778  0DA7                     	;# 
   779  0DA7                     	;# 
   780  0DA8                     	;# 
   781  0DA9                     	;# 
   782  0DAA                     	;# 
   783  0DAB                     	;# 
   784  0DAC                     	;# 
   785  0DAD                     	;# 
   786  0DAE                     	;# 
   787  0DAF                     	;# 
   788  0E0F                     	;# 
   789  0E10                     	;# 
   790  0E11                     	;# 
   791  0E12                     	;# 
   792  0E13                     	;# 
   793  0E14                     	;# 
   794  0E15                     	;# 
   795  0E16                     	;# 
   796  0E17                     	;# 
   797  0E18                     	;# 
   798  0E19                     	;# 
   799  0E1A                     	;# 
   800  0E1B                     	;# 
   801  0E1C                     	;# 
   802  0E1D                     	;# 
   803  0E1E                     	;# 
   804  0E1F                     	;# 
   805  0E20                     	;# 
   806  0E21                     	;# 
   807  0E22                     	;# 
   808  0E23                     	;# 
   809  0E24                     	;# 
   810  0E25                     	;# 
   811  0E26                     	;# 
   812  0E27                     	;# 
   813  0E28                     	;# 
   814  0E29                     	;# 
   815  0E2A                     	;# 
   816  0E2B                     	;# 
   817  0E2C                     	;# 
   818  0E2D                     	;# 
   819  0E2E                     	;# 
   820  0E90                     	;# 
   821  0E91                     	;# 
   822  0E92                     	;# 
   823  0E94                     	;# 
   824  0E95                     	;# 
   825  0E9C                     	;# 
   826  0E9D                     	;# 
   827  0E9E                     	;# 
   828  0E9F                     	;# 
   829  0EA0                     	;# 
   830  0EA1                     	;# 
   831  0EA2                     	;# 
   832  0EA3                     	;# 
   833  0EA4                     	;# 
   834  0EA5                     	;# 
   835  0EA6                     	;# 
   836  0EA7                     	;# 
   837  0F0F                     	;# 
   838  0F10                     	;# 
   839  0F11                     	;# 
   840  0F12                     	;# 
   841  0F13                     	;# 
   842  0F14                     	;# 
   843  0F15                     	;# 
   844  0F16                     	;# 
   845  0F17                     	;# 
   846  0F18                     	;# 
   847  0F19                     	;# 
   848  0F1A                     	;# 
   849  0F1B                     	;# 
   850  0F1C                     	;# 
   851  0F1D                     	;# 
   852  0F1E                     	;# 
   853  0F1F                     	;# 
   854  0F20                     	;# 
   855  0F21                     	;# 
   856  0F22                     	;# 
   857  0F23                     	;# 
   858  0F24                     	;# 
   859  0F25                     	;# 
   860  0F26                     	;# 
   861  0F27                     	;# 
   862  0F28                     	;# 
   863  0F29                     	;# 
   864  0F2A                     	;# 
   865  0F2B                     	;# 
   866  0F2C                     	;# 
   867  0F2D                     	;# 
   868  0F2E                     	;# 
   869  0F2F                     	;# 
   870  0F30                     	;# 
   871  0F31                     	;# 
   872  0F32                     	;# 
   873  0F33                     	;# 
   874  0F34                     	;# 
   875  0F35                     	;# 
   876  0F36                     	;# 
   877  0F37                     	;# 
   878  0FE4                     	;# 
   879  0FE5                     	;# 
   880  0FE6                     	;# 
   881  0FE7                     	;# 
   882  0FE8                     	;# 
   883  0FE9                     	;# 
   884  0FEA                     	;# 
   885  0FEB                     	;# 
   886  0FED                     	;# 
   887  0FEE                     	;# 
   888  0FEF                     	;# 
   889  0095                     _OPTION_REGbits	set	149
   890  008C                     _TRISA	set	140
   891  008D                     _TRISB	set	141
   892  008E                     _TRISC	set	142
   893  0464                     _TRISA4	set	1124
   894  010C                     _LATA	set	268
   895  010D                     _LATB	set	269
   896  010E                     _LATC	set	270
   897  0864                     _LATA4	set	2148
   898  018C                     _ANSELA	set	396
   899  018D                     _ANSELB	set	397
   900  018E                     _ANSELC	set	398
   901  020D                     _WPUB	set	525
   902  020E                     _WPUC	set	526
   903                           
   904                           	psect	cinit
   905  07FC                     start_initialization:	
   906                           ; #config settings
   907                           
   908  07FC                     __initialization:	
   909                           
   910                           ; Clear objects allocated to COMMON
   911  07FC  01F0               	clrf	__pbssCOMMON& (0+127)
   912  07FD                     end_of_initialization:	
   913                           ;End of C runtime variable initialization code
   914                           
   915  07FD                     __end_of__initialization:	
   916  07FD  0020               	movlb	0
   917  07FE  3187  2FEB         	ljmp	_main	;jump to C main() function
   918                           
   919                           	psect	bssCOMMON
   920  0070                     __pbssCOMMON:	
   921  0070                     _counter:	
   922  0070                     	ds	1
   923                           
   924                           	psect	cstackCOMMON
   925  0071                     __pcstackCOMMON:	
   926  0071                     ?_main:	
   927  0071                     ??_main:	
   928                           ; 1 bytes @ 0x0
   929                           
   930                           
   931                           ; 1 bytes @ 0x0
   932  0071                     	ds	1
   933                           
   934                           	psect	maintext
   935  07EB                     __pmaintext:	
   936 ;;
   937 ;;Main: autosize = 0, tempsize = 1, incstack = 0, save=0
   938 ;;
   939 ;; *************** function _main *****************
   940 ;; Defined at:
   941 ;;		line 16 in file "main.c"
   942 ;; Parameters:    Size  Location     Type
   943 ;;		None
   944 ;; Auto vars:     Size  Location     Type
   945 ;;		None
   946 ;; Return value:  Size  Location     Type
   947 ;;                  1    wreg      void 
   948 ;; Registers used:
   949 ;;		wreg, status,2, status,0
   950 ;; Tracked objects:
   951 ;;		On entry : B1F/0
   952 ;;		On exit  : 0/0
   953 ;;		Unchanged: 0/0
   954 ;; Data sizes:     COMMON   BANK0   BANK1   BANK2   BANK3   BANK4   BANK5   BANK6   BANK7   BANK8   BANK9  BANK10  BANK1
      +1  BANK12
   955 ;;      Params:         0       0       0       0       0       0       0       0       0       0       0       0       
      +0       0
   956 ;;      Locals:         0       0       0       0       0       0       0       0       0       0       0       0       
      +0       0
   957 ;;      Temps:          1       0       0       0       0       0       0       0       0       0       0       0       
      +0       0
   958 ;;      Totals:         1       0       0       0       0       0       0       0       0       0       0       0       
      +0       0
   959 ;;Total ram usage:        1 bytes
   960 ;; This function calls:
   961 ;;		Nothing
   962 ;; This function is called by:
   963 ;;		Startup code after reset
   964 ;; This function uses a non-reentrant model
   965 ;;
   966                           
   967                           
   968                           ;psect for function _main
   969  07EB                     _main:	
   970                           
   971                           ;main.c: 17: TRISA4 = 0;
   972                           
   973                           ;incstack = 0
   974                           ; Regs used in _main: [wreg+status,2+status,0]
   975  07EB  0021               	movlb	1	; select bank1
   976  07EC  120C               	bcf	12,4	;volatile
   977                           
   978                           ;main.c: 18: LATA4 = ~LATA4;
   979  07ED  3010               	movlw	16
   980  07EE  0022               	movlb	2	; select bank2
   981  07EF  068C               	xorwf	12,f
   982                           
   983                           ;main.c: 20: counter++;
   984  07F0  3001               	movlw	1
   985  07F1  00F1               	movwf	??_main
   986  07F2  0871               	movf	??_main,w
   987  07F3  07F0               	addwf	_counter,f
   988                           
   989                           ;main.c: 21: if(counter == 3){
   990  07F4  3003               	movlw	3
   991  07F5  0670               	xorwf	_counter,w
   992  07F6  1D03               	btfss	3,2
   993  07F7  2FFB               	goto	l38
   994                           
   995                           ;main.c: 22: LATA4 = ~LATA4;
   996  07F8  3010               	movlw	16
   997  07F9  068C               	xorwf	12,f
   998                           
   999                           ;main.c: 23: counter = 0;
  1000  07FA  01F0               	clrf	_counter
  1001  07FB                     l38:	
  1002                           ;main.c: 24: }
  1003                           ;main.c: 26: while(1) continue;
  1004                           
  1005  07FB  2FFB               	goto	l38
  1006  07FC                     __end_of_main:	
  1007  007E                     btemp	set	126	;btemp
  1008  007E                     wtemp	set	126
  1009  007E                     wtemp0	set	126
  1010  0080                     wtemp1	set	128
  1011  0082                     wtemp2	set	130
  1012  0084                     wtemp3	set	132
  1013  0086                     wtemp4	set	134
  1014  0088                     wtemp5	set	136
  1015  007F                     wtemp6	set	127
  1016  007E                     ttemp	set	126
  1017  007E                     ttemp0	set	126
  1018  0081                     ttemp1	set	129
  1019  0084                     ttemp2	set	132
  1020  0087                     ttemp3	set	135
  1021  007F                     ttemp4	set	127
  1022  007E                     ltemp	set	126
  1023  007E                     ltemp0	set	126
  1024  0082                     ltemp1	set	130
  1025  0086                     ltemp2	set	134
  1026  0080                     ltemp3	set	128


Data Sizes:
    Strings     0
    Constant    0
    Data        0
    BSS         1
    Persistent  0
    Stack       0

Auto Spaces:
    Space          Size  Autos    Used
    COMMON           14      1       2
    BANK0            80      0       0
    BANK1            80      0       0
    BANK2            80      0       0
    BANK3            80      0       0
    BANK4            80      0       0
    BANK5            80      0       0
    BANK6            80      0       0
    BANK7            80      0       0
    BANK8            80      0       0
    BANK9            80      0       0
    BANK10           80      0       0
    BANK11           80      0       0
    BANK12           48      0       0

Pointer List with Targets:

    None.

Critical Paths under _main in COMMON

    None.

Critical Paths under _main in BANK0

    None.

Critical Paths under _main in BANK1

    None.

Critical Paths under _main in BANK2

    None.

Critical Paths under _main in BANK3

    None.

Critical Paths under _main in BANK4

    None.

Critical Paths under _main in BANK5

    None.

Critical Paths under _main in BANK6

    None.

Critical Paths under _main in BANK7

    None.

Critical Paths under _main in BANK8

    None.

Critical Paths under _main in BANK9

    None.

Critical Paths under _main in BANK10

    None.

Critical Paths under _main in BANK11

    None.

Critical Paths under _main in BANK12

    None.

Call Graph Tables:

 ---------------------------------------------------------------------------------
 (Depth) Function   	        Calls       Base Space   Used Autos Params    Refs
 ---------------------------------------------------------------------------------
 (0) _main                                                 1     1      0       0
                                              0 COMMON     1     1      0
 ---------------------------------------------------------------------------------
 Estimated maximum stack depth 0
 ---------------------------------------------------------------------------------

 Call Graph Graphs:

 _main (ROOT)

 Address spaces:
Name               Size   Autos  Total    Cost      Usage
BIGRAM             3F0      0       0       0        0.0%
NULL                 0      0       0       0        0.0%
CODE                 0      0       0       0        0.0%
BITCOMMON            E      0       0       1        0.0%
BITSFR0              0      0       0       1        0.0%
SFR0                 0      0       0       1        0.0%
COMMON               E      1       2       2       14.3%
BITSFR1              0      0       0       2        0.0%
SFR1                 0      0       0       2        0.0%
BITSFR2              0      0       0       3        0.0%
SFR2                 0      0       0       3        0.0%
STACK                0      0       0       3        0.0%
BITBANK0            50      0       0       4        0.0%
BITSFR3              0      0       0       4        0.0%
SFR3                 0      0       0       4        0.0%
BANK0               50      0       0       5        0.0%
BITSFR4              0      0       0       5        0.0%
SFR4                 0      0       0       5        0.0%
BITBANK1            50      0       0       6        0.0%
BITSFR5              0      0       0       6        0.0%
SFR5                 0      0       0       6        0.0%
BANK1               50      0       0       7        0.0%
BITSFR6              0      0       0       7        0.0%
SFR6                 0      0       0       7        0.0%
BITBANK2            50      0       0       8        0.0%
BITSFR7              0      0       0       8        0.0%
SFR7                 0      0       0       8        0.0%
BANK2               50      0       0       9        0.0%
BITSFR8              0      0       0       9        0.0%
SFR8                 0      0       0       9        0.0%
BITBANK3            50      0       0      10        0.0%
BITSFR9              0      0       0      10        0.0%
SFR9                 0      0       0      10        0.0%
BANK3               50      0       0      11        0.0%
BITSFR10             0      0       0      11        0.0%
SFR10                0      0       0      11        0.0%
BITBANK4            50      0       0      12        0.0%
BITSFR11             0      0       0      12        0.0%
SFR11                0      0       0      12        0.0%
BANK4               50      0       0      13        0.0%
BITSFR12             0      0       0      13        0.0%
SFR12                0      0       0      13        0.0%
BITBANK5            50      0       0      14        0.0%
BITSFR13             0      0       0      14        0.0%
SFR13                0      0       0      14        0.0%
BANK5               50      0       0      15        0.0%
BITSFR14             0      0       0      15        0.0%
SFR14                0      0       0      15        0.0%
BITBANK6            50      0       0      16        0.0%
BITSFR15             0      0       0      16        0.0%
SFR15                0      0       0      16        0.0%
BANK6               50      0       0      17        0.0%
BITSFR16             0      0       0      17        0.0%
SFR16                0      0       0      17        0.0%
BITBANK7            50      0       0      18        0.0%
BITSFR17             0      0       0      18        0.0%
SFR17                0      0       0      18        0.0%
BANK7               50      0       0      19        0.0%
BITSFR18             0      0       0      19        0.0%
SFR18                0      0       0      19        0.0%
BITSFR19             0      0       0      20        0.0%
SFR19                0      0       0      20        0.0%
ABS                  0      0       2      20        0.0%
BITBANK8            50      0       0      21        0.0%
BITSFR20             0      0       0      21        0.0%
SFR20                0      0       0      21        0.0%
BANK8               50      0       0      22        0.0%
BITSFR21             0      0       0      22        0.0%
SFR21                0      0       0      22        0.0%
BITBANK9            50      0       0      23        0.0%
BITSFR22             0      0       0      23        0.0%
SFR22                0      0       0      23        0.0%
BANK9               50      0       0      24        0.0%
BITSFR23             0      0       0      24        0.0%
SFR23                0      0       0      24        0.0%
BITBANK10           50      0       0      25        0.0%
BITSFR24             0      0       0      25        0.0%
SFR24                0      0       0      25        0.0%
BANK10              50      0       0      26        0.0%
BITSFR25             0      0       0      26        0.0%
SFR25                0      0       0      26        0.0%
BITBANK11           50      0       0      27        0.0%
BITSFR26             0      0       0      27        0.0%
SFR26                0      0       0      27        0.0%
BANK11              50      0       0      28        0.0%
BITSFR27             0      0       0      28        0.0%
SFR27                0      0       0      28        0.0%
BITBANK12           30      0       0      29        0.0%
BITSFR28             0      0       0      29        0.0%
SFR28                0      0       0      29        0.0%
BANK12              30      0       0      30        0.0%
BITSFR29             0      0       0      30        0.0%
SFR29                0      0       0      30        0.0%
BITSFR30             0      0       0      31        0.0%
SFR30                0      0       0      31        0.0%
DATA                 0      0       2      31        0.0%
BITSFR31             0      0       0      32        0.0%
SFR31                0      0       0      32        0.0%


Microchip Technology PIC Macro Assembler V1.37 build -260352376 
Symbol Table                                                                                   Sat Apr 16 13:36:34 2016

                     l38 07FB                     _LATA 010C                     _LATB 010D  
                   _LATC 010E                     _WPUB 020D                     _WPUC 020E  
                   _main 07EB                     btemp 007E                     ltemp 007E  
                   start 0002                     ttemp 007E                     wtemp 007E  
                  ?_main 0071                    _LATA4 0864                    _TRISA 008C  
                  _TRISB 008D                    _TRISC 008E                    ltemp0 007E  
                  ltemp1 0082                    ltemp2 0086                    ltemp3 0080  
                  ttemp0 007E                    ttemp1 0081                    ttemp2 0084  
                  ttemp3 0087                    ttemp4 007F                    status 0003  
                  wtemp0 007E                    wtemp1 0080                    wtemp2 0082  
                  wtemp3 0084                    wtemp4 0086                    wtemp5 0088  
                  wtemp6 007F          __initialization 07FC             __end_of_main 07FC  
                 ??_main 0071                   _ANSELA 018C                   _ANSELB 018D  
                 _ANSELC 018E                   _TRISA4 0464  __end_of__initialization 07FD  
         __pcstackCOMMON 0071           _OPTION_REGbits 0095               __pmaintext 07EB  
                _counter 0070     end_of_initialization 07FD      start_initialization 07FC  
            __pbssCOMMON 0070                ___latbits 0002            __size_of_main 0011  
